16.0086 	WARNING 	User requested fullscreen with size [1920 1200], but screen is actually [1440, 900]. Using actual size
17.2418 	WARNING 	Couldn't measure a consistent frame rate!
  - Is your graphics card set to sync to vertical blank?
  - Are you running other processes on your computer?

17.2427 	EXP 	Created window1 = Window(allowGUI=True, allowStencil=False, autoLog=True, backendConf=UNKNOWN, backgroundFit=<method-wrapper '__getattribute__' of attributeSetter object at 0x7fd5d0bbea90>, backgroundImage=<method-wrapper '__getattribute__' of attributeSetter object at 0x7fd5d0bbea30>, bitsMode=UNKNOWN, blendMode='avg', bpc=(8, 8, 8), color=array([0, 0, 0]), colorSpace='rgb', depthBits=8, fullscr=<method-wrapper '__getattribute__' of attributeSetter object at 0x7fd5d0bbe880>, gamma=None, gammaErrorPolicy='raise', lms=UNKNOWN, monitor=<psychopy.monitors.calibTools.Monitor object at 0x7fd5f3658070>, multiSample=False, name='window1', numSamples=2, pos=[360.0, 225.0], screen=0, size=array([2880, 1800]), stencilBits=0, stereo=False, title='PsychoPy', units='height', useFBO=True, useRetina=True, viewOri=0.0, viewPos=None, viewScale=None, waitBlanking=True, winType='pyglet')
17.2429 	EXP 	window1: mouseVisible = True
17.2430 	EXP 	window1: backgroundImage = ''
17.2430 	EXP 	window1: backgroundFit = 'none'
17.2469 	EXP 	window1: Attempting to measure frame rate of screen (0) ...
17.2469 	EXP 	window1: recordFrameIntervals = False
17.3315 	EXP 	window1: recordFrameIntervals = True
18.1752 	WARNING 	Couldn't measure a consistent frame rate!
  - Is your graphics card set to sync to vertical blank?
  - Are you running other processes on your computer?

18.1754 	EXP 	window1: mouseVisible = False
20.3762 	EXP 	random_dot: status = STARTED
20.3767 	EXP 	window1: mouseVisible = True
20.4341 	EXP 	Created textInstr = TextStim(__class__=<class 'psychopy.visual.text.TextStim'>, alignHoriz=method-wrapper(...), alignText='center', alignVert=method-wrapper(...), anchorHoriz='center', anchorVert='center', antialias=True, autoDraw=False, autoLog=True, bold=False, color=array([1., 1., 1.]), colorSpace='rgb', contrast=1.0, depth=0.0, draggable=False, flipHoriz=False, flipVert=False, font='Open Sans', fontFiles=[], height=0.03, italic=False, languageStyle='LTR', name='textInstr', opacity=1.0, ori=0.0, pos=array([0., 0.]), rgb=UNKNOWN, text=str(...), units='height', win=Window(...), wrapWidth=1)
20.4345 	EXP 	window1: mouseVisible = True
20.4372 	EXP 	Created fixcross = TextStim(__class__=<class 'psychopy.visual.text.TextStim'>, alignHoriz=method-wrapper(...), alignText='center', alignVert=method-wrapper(...), anchorHoriz='center', anchorVert='center', antialias=True, autoDraw=False, autoLog=True, bold=False, color=array([1., 1., 1.]), colorSpace='rgb', contrast=1.0, depth=-1.0, draggable=False, flipHoriz=False, flipVert=False, font='Open Sans', fontFiles=[], height=0.08, italic=False, languageStyle='LTR', name='fixcross', opacity=1.0, ori=0.0, pos=array([0., 0.]), rgb=UNKNOWN, text='+', units='height', win=Window(...), wrapWidth=1)
20.4373 	EXP 	window1: mouseVisible = True
20.4412 	EXP 	Created backgroundDots = ShapeStim(__class__=<class 'psychopy.visual.shape.ShapeStim'>, anchor=('center', 'center'), autoDraw=False, autoLog=True, closeShape=True, color=method-wrapper(...), colorSpace='rgb', contrast=None, depth=-1.0, draggable=False, fillColor=array([-1, -1, -1]), fillColorSpace='rgb', fillRGB=array([-1, -1, -1]), interpolate=True, lineColor=array([-1., -1., -1.]), lineColorSpace='rgb', lineRGB=array([-1, -1, -1]), lineWidth=1.0, name='backgroundDots', opacity=1.0, ori=0.0, pos=array([0., 0.]), size=array([0.75, 0.75]), units='height', vertices=ndarray(...), win=Window(...), windingRule=None)
20.4460 	EXP 	Created stimulusDots = DotStim(__class__=<class 'psychopy.visual.dot.DotStim'>, autoLog=True, coherence=0.08, color=array([1., 1., 1.]), colorSpace='rgb', contrast=1.0, depth=-2.0, dir=1.0, dotLife=3.0, dotSize=20.0, element=None, fieldAnchor=UNKNOWN, fieldPos=array([0., 0.]), fieldShape='circle', fieldSize=array([0.75, 0.75]), nDots=250, name='stimulusDots', noiseDots='walk', opacity=1.0, rgb=UNKNOWN, signalDots='same', speed=0.0125, units='height', win=Window(...))
20.4461 	EXP 	window1: mouseVisible = True
20.4471 	EXP 	Created textFeedback = TextStim(__class__=<class 'psychopy.visual.text.TextStim'>, alignHoriz=method-wrapper(...), alignText='center', alignVert=method-wrapper(...), anchorHoriz='center', anchorVert='center', antialias=True, autoDraw=False, autoLog=True, bold=False, color=array([1., 1., 1.]), colorSpace='rgb', contrast=1.0, depth=-1.0, draggable=False, flipHoriz=False, flipVert=False, font='Open Sans', fontFiles=[], height=0.07, italic=False, languageStyle='LTR', name='textFeedback', opacity=1.0, ori=0.0, pos=array([0., 0.]), rgb=UNKNOWN, text='', units='height', win=Window(...), wrapWidth=1)
20.4472 	EXP 	window1: mouseVisible = True
20.4479 	EXP 	Created textSpeedInst = TextStim(__class__=<class 'psychopy.visual.text.TextStim'>, alignHoriz=method-wrapper(...), alignText='center', alignVert=method-wrapper(...), anchorHoriz='center', anchorVert='center', antialias=True, autoDraw=False, autoLog=True, bold=False, color=array([1., 1., 1.]), colorSpace='rgb', contrast=1.0, depth=-1.0, draggable=False, flipHoriz=False, flipVert=False, font='Open Sans', fontFiles=[], height=0.03, italic=False, languageStyle='LTR', name='textSpeedInst', opacity=1.0, ori=0.0, pos=array([0., 0.]), rgb=UNKNOWN, text='', units='height', win=Window(...), wrapWidth=1)
20.4480 	EXP 	window1: mouseVisible = True
20.4503 	EXP 	Created fixcross = TextStim(__class__=<class 'psychopy.visual.text.TextStim'>, alignHoriz=method-wrapper(...), alignText='center', alignVert=method-wrapper(...), anchorHoriz='center', anchorVert='center', antialias=True, autoDraw=False, autoLog=True, bold=False, color=array([1., 1., 1.]), colorSpace='rgb', contrast=1.0, depth=-1.0, draggable=False, flipHoriz=False, flipVert=False, font='Open Sans', fontFiles=[], height=0.08, italic=False, languageStyle='LTR', name='fixcross', opacity=1.0, ori=0.0, pos=array([0., 0.]), rgb=UNKNOWN, text='+', units='height', win=Window(...), wrapWidth=1)
20.4504 	EXP 	window1: mouseVisible = True
20.4568 	EXP 	Created backgroundDots = ShapeStim(__class__=<class 'psychopy.visual.shape.ShapeStim'>, anchor=('center', 'center'), autoDraw=False, autoLog=True, closeShape=True, color=method-wrapper(...), colorSpace='rgb', contrast=None, depth=-1.0, draggable=False, fillColor=array([-1, -1, -1]), fillColorSpace='rgb', fillRGB=array([-1, -1, -1]), interpolate=True, lineColor=array([-1., -1., -1.]), lineColorSpace='rgb', lineRGB=array([-1, -1, -1]), lineWidth=1.0, name='backgroundDots', opacity=1.0, ori=0.0, pos=array([0., 0.]), size=array([0.75, 0.75]), units='height', vertices=ndarray(...), win=Window(...), windingRule=None)
20.4578 	EXP 	Created stimulusDots = DotStim(__class__=<class 'psychopy.visual.dot.DotStim'>, autoLog=True, coherence=0.08, color=array([1., 1., 1.]), colorSpace='rgb', contrast=1.0, depth=-2.0, dir=1.0, dotLife=3.0, dotSize=20.0, element=None, fieldAnchor=UNKNOWN, fieldPos=array([0., 0.]), fieldShape='circle', fieldSize=array([0.75, 0.75]), nDots=250, name='stimulusDots', noiseDots='walk', opacity=1.0, rgb=UNKNOWN, signalDots='same', speed=0.0125, units='height', win=Window(...))
20.4580 	EXP 	window1: mouseVisible = True
20.4588 	EXP 	Created textAccuracyInstr = TextStim(__class__=<class 'psychopy.visual.text.TextStim'>, alignHoriz=method-wrapper(...), alignText='center', alignVert=method-wrapper(...), anchorHoriz='center', anchorVert='center', antialias=True, autoDraw=False, autoLog=True, bold=False, color=array([1., 1., 1.]), colorSpace='rgb', contrast=1.0, depth=-1.0, draggable=False, flipHoriz=False, flipVert=False, font='Open Sans', fontFiles=[], height=0.03, italic=False, languageStyle='LTR', name='textAccuracyInstr', opacity=1.0, ori=0.0, pos=array([0., 0.]), rgb=UNKNOWN, text='', units='height', win=Window(...), wrapWidth=1)
20.4589 	EXP 	window1: mouseVisible = True
20.4604 	EXP 	Created fixcross = TextStim(__class__=<class 'psychopy.visual.text.TextStim'>, alignHoriz=method-wrapper(...), alignText='center', alignVert=method-wrapper(...), anchorHoriz='center', anchorVert='center', antialias=True, autoDraw=False, autoLog=True, bold=False, color=array([1., 1., 1.]), colorSpace='rgb', contrast=1.0, depth=-1.0, draggable=False, flipHoriz=False, flipVert=False, font='Open Sans', fontFiles=[], height=0.08, italic=False, languageStyle='LTR', name='fixcross', opacity=1.0, ori=0.0, pos=array([0., 0.]), rgb=UNKNOWN, text='+', units='height', win=Window(...), wrapWidth=1)
20.4606 	EXP 	window1: mouseVisible = True
20.4633 	EXP 	Created backgroundDots = ShapeStim(__class__=<class 'psychopy.visual.shape.ShapeStim'>, anchor=('center', 'center'), autoDraw=False, autoLog=True, closeShape=True, color=method-wrapper(...), colorSpace='rgb', contrast=None, depth=-1.0, draggable=False, fillColor=array([-1, -1, -1]), fillColorSpace='rgb', fillRGB=array([-1, -1, -1]), interpolate=True, lineColor=array([-1., -1., -1.]), lineColorSpace='rgb', lineRGB=array([-1, -1, -1]), lineWidth=1.0, name='backgroundDots', opacity=1.0, ori=0.0, pos=array([0., 0.]), size=array([0.75, 0.75]), units='height', vertices=ndarray(...), win=Window(...), windingRule=None)
20.4643 	EXP 	Created stimulusDots = DotStim(__class__=<class 'psychopy.visual.dot.DotStim'>, autoLog=True, coherence=0.08, color=array([1., 1., 1.]), colorSpace='rgb', contrast=1.0, depth=-2.0, dir=1.0, dotLife=3.0, dotSize=20.0, element=None, fieldAnchor=UNKNOWN, fieldPos=array([0., 0.]), fieldShape='circle', fieldSize=array([0.75, 0.75]), nDots=250, name='stimulusDots', noiseDots='walk', opacity=1.0, rgb=UNKNOWN, signalDots='same', speed=0.0125, units='height', win=Window(...))
20.4643 	EXP 	window1: mouseVisible = True
20.4769 	EXP 	Created goodbye_text = TextStim(__class__=<class 'psychopy.visual.text.TextStim'>, alignHoriz=method-wrapper(...), alignText='center', alignVert=method-wrapper(...), anchorHoriz='center', anchorVert='center', antialias=True, autoDraw=False, autoLog=True, bold=False, color=array([1., 1., 1.]), colorSpace='rgb', contrast=1.0, depth=0.0, draggable=False, flipHoriz=False, flipVert=False, font='Open Sans', fontFiles=[], height=0.03, italic=False, languageStyle='LTR', name='goodbye_text', opacity=1.0, ori=0.0, pos=array([0., 0.]), rgb=UNKNOWN, text=str(...), units='height', win=Window(...), wrapWidth=1)
0.0222 	EXP 	textInstr: autoDraw = True
1.4623 	EXP 	Imported random_dot_conditions.csv as conditions, 2 conditions, 2 params
1.4643 	EXP 	Created sequence: random, trialTypes=2, nReps=10, seed=None
1.4646 	EXP 	New trial (rep=0, index=0): OrderedDict([('direction', 'right'), ('corrAns', 'right')])
1.4693 	DATA 	Keypress: space
1.4752 	WARNING 	t of last frame was 60.95ms (=1/16)
1.4752 	EXP 	textInstr: autoDraw = False
1.7946 	EXP 	fixcross: autoDraw = True
2.5921 	EXP 	fixcross: autoDraw = False
2.5921 	EXP 	fixcross: autoDraw = False
2.5921 	EXP 	stimulusDots: dir = 0.0
2.5921 	EXP 	backgroundDots: autoDraw = True
2.5921 	EXP 	stimulusDots: autoDraw = True
2.6813 	WARNING 	t of last frame was 22.76ms (=1/43)
3.3708 	EXP 	backgroundDots: autoDraw = False
3.4793 	DATA 	Keypress: right
3.4844 	EXP 	backgroundDots: autoDraw = False
3.4844 	EXP 	stimulusDots: autoDraw = False
3.4844 	EXP 	textFeedback: height = 0.07
3.4844 	EXP 	textFeedback: height = 0.07
3.4844 	EXP 	textFeedback: height = 0.07
3.4844 	EXP 	textFeedback: text = 'richtig'
3.4844 	EXP 	textFeedback: autoDraw = True
3.9717 	EXP 	New trial (rep=0, index=1): OrderedDict([('direction', 'left'), ('corrAns', 'left')])
3.9818 	EXP 	textFeedback: autoDraw = False
4.0651 	EXP 	fixcross: autoDraw = True
4.8581 	EXP 	fixcross: autoDraw = False
4.8581 	EXP 	fixcross: autoDraw = False
4.8581 	EXP 	stimulusDots: dir = 180.0
4.8581 	EXP 	backgroundDots: autoDraw = True
4.8581 	EXP 	stimulusDots: autoDraw = True
4.8814 	WARNING 	t of last frame was 23.39ms (=1/42)
5.4585 	DATA 	Keypress: left
5.4718 	EXP 	backgroundDots: autoDraw = False
5.4718 	EXP 	stimulusDots: autoDraw = False
5.4718 	EXP 	textFeedback: text = 'richtig'
5.4718 	EXP 	textFeedback: autoDraw = True
5.9552 	EXP 	New trial (rep=1, index=0): OrderedDict([('direction', 'left'), ('corrAns', 'left')])
5.9651 	EXP 	textFeedback: autoDraw = False
5.9651 	EXP 	textFeedback: autoDraw = False
6.3069 	EXP 	fixcross: autoDraw = True
7.1080 	EXP 	fixcross: autoDraw = False
7.1080 	EXP 	fixcross: autoDraw = False
7.1080 	EXP 	stimulusDots: dir = 180.0
7.1080 	EXP 	backgroundDots: autoDraw = True
7.1080 	EXP 	stimulusDots: autoDraw = True
7.1314 	WARNING 	t of last frame was 23.38ms (=1/42)
7.8800 	DATA 	Keypress: left
7.8857 	WARNING 	Multiple dropped frames have occurred - I'll stop bothering you about them!
7.8984 	EXP 	backgroundDots: autoDraw = False
7.8984 	EXP 	backgroundDots: autoDraw = False
7.8984 	EXP 	stimulusDots: autoDraw = False
7.8984 	EXP 	textFeedback: text = 'richtig'
7.8984 	EXP 	textFeedback: autoDraw = True
8.3828 	EXP 	New trial (rep=1, index=1): OrderedDict([('direction', 'right'), ('corrAns', 'right')])
8.3881 	EXP 	textFeedback: autoDraw = False
8.3881 	EXP 	textFeedback: autoDraw = False
8.4817 	EXP 	fixcross: autoDraw = True
9.2739 	EXP 	fixcross: autoDraw = False
9.2739 	EXP 	fixcross: autoDraw = False
9.2739 	EXP 	stimulusDots: dir = 0.0
9.2739 	EXP 	backgroundDots: autoDraw = True
9.2739 	EXP 	stimulusDots: autoDraw = True
9.9424 	DATA 	Keypress: right
9.9475 	EXP 	backgroundDots: autoDraw = False
9.9475 	EXP 	stimulusDots: autoDraw = False
9.9475 	EXP 	textFeedback: text = 'richtig'
9.9475 	EXP 	textFeedback: autoDraw = True
10.4322 	EXP 	New trial (rep=2, index=0): OrderedDict([('direction', 'left'), ('corrAns', 'left')])
10.4372 	EXP 	textFeedback: autoDraw = False
10.4372 	EXP 	textFeedback: autoDraw = False
10.5396 	EXP 	fixcross: autoDraw = True
11.3408 	EXP 	fixcross: autoDraw = False
11.3408 	EXP 	fixcross: autoDraw = False
11.3408 	EXP 	stimulusDots: dir = 180.0
11.3408 	EXP 	backgroundDots: autoDraw = True
11.3408 	EXP 	stimulusDots: autoDraw = True
12.0906 	DATA 	Keypress: right
12.0955 	EXP 	backgroundDots: autoDraw = False
12.0955 	EXP 	backgroundDots: autoDraw = False
12.0955 	EXP 	stimulusDots: autoDraw = False
12.0955 	EXP 	textFeedback: height = 0.07
12.0955 	EXP 	textFeedback: height = 0.07
12.0955 	EXP 	textFeedback: height = 0.07
12.0955 	EXP 	textFeedback: text = 'falsch'
12.0955 	EXP 	textFeedback: autoDraw = True
12.5827 	EXP 	New trial (rep=2, index=1): OrderedDict([('direction', 'right'), ('corrAns', 'right')])
12.5875 	EXP 	textFeedback: autoDraw = False
12.5875 	EXP 	textFeedback: autoDraw = False
12.6726 	EXP 	fixcross: autoDraw = True
13.4747 	EXP 	fixcross: autoDraw = False
13.4747 	EXP 	fixcross: autoDraw = False
13.4747 	EXP 	stimulusDots: dir = 0.0
13.4747 	EXP 	backgroundDots: autoDraw = True
13.4747 	EXP 	stimulusDots: autoDraw = True
14.2483 	EXP 	backgroundDots: autoDraw = False
14.2929 	DATA 	Keypress: left
14.2977 	EXP 	backgroundDots: autoDraw = False
14.2977 	EXP 	stimulusDots: autoDraw = False
14.2977 	EXP 	textFeedback: text = 'falsch'
14.2977 	EXP 	textFeedback: autoDraw = True
14.7827 	EXP 	New trial (rep=3, index=0): OrderedDict([('direction', 'right'), ('corrAns', 'right')])
14.7875 	EXP 	textFeedback: autoDraw = False
14.7875 	EXP 	textFeedback: autoDraw = False
15.9897 	EXP 	fixcross: autoDraw = True
16.7907 	EXP 	fixcross: autoDraw = False
16.7907 	EXP 	fixcross: autoDraw = False
16.7907 	EXP 	stimulusDots: dir = 0.0
16.7907 	EXP 	backgroundDots: autoDraw = True
16.7907 	EXP 	stimulusDots: autoDraw = True
17.4460 	DATA 	Keypress: right
17.4510 	EXP 	backgroundDots: autoDraw = False
17.4510 	EXP 	stimulusDots: autoDraw = False
17.4510 	EXP 	textFeedback: height = 0.07
17.4510 	EXP 	textFeedback: height = 0.07
17.4510 	EXP 	textFeedback: height = 0.07
17.4510 	EXP 	textFeedback: text = 'richtig'
17.4510 	EXP 	textFeedback: autoDraw = True
17.9396 	EXP 	New trial (rep=3, index=1): OrderedDict([('direction', 'left'), ('corrAns', 'left')])
17.9485 	EXP 	textFeedback: autoDraw = False
17.9485 	EXP 	textFeedback: autoDraw = False
19.1400 	EXP 	fixcross: autoDraw = True
19.9401 	EXP 	fixcross: autoDraw = False
19.9401 	EXP 	fixcross: autoDraw = False
19.9401 	EXP 	stimulusDots: dir = 180.0
19.9401 	EXP 	backgroundDots: autoDraw = True
19.9401 	EXP 	stimulusDots: autoDraw = True
20.6689 	DATA 	Keypress: left
20.6818 	EXP 	backgroundDots: autoDraw = False
20.6818 	EXP 	stimulusDots: autoDraw = False
20.6818 	EXP 	textFeedback: text = 'richtig'
20.6818 	EXP 	textFeedback: autoDraw = True
21.1656 	EXP 	New trial (rep=4, index=0): OrderedDict([('direction', 'left'), ('corrAns', 'left')])
21.1705 	EXP 	textFeedback: autoDraw = False
21.1705 	EXP 	textFeedback: autoDraw = False
21.2724 	EXP 	fixcross: autoDraw = True
22.0734 	EXP 	fixcross: autoDraw = False
22.0734 	EXP 	fixcross: autoDraw = False
22.0734 	EXP 	stimulusDots: dir = 180.0
22.0734 	EXP 	backgroundDots: autoDraw = True
22.0734 	EXP 	stimulusDots: autoDraw = True
22.8204 	EXP 	backgroundDots: autoDraw = False
22.8342 	DATA 	Keypress: left
22.8476 	EXP 	backgroundDots: autoDraw = False
22.8476 	EXP 	stimulusDots: autoDraw = False
22.8476 	EXP 	textFeedback: text = 'richtig'
22.8476 	EXP 	textFeedback: autoDraw = True
23.3326 	EXP 	New trial (rep=4, index=1): OrderedDict([('direction', 'right'), ('corrAns', 'right')])
23.3375 	EXP 	textFeedback: autoDraw = False
23.3375 	EXP 	textFeedback: autoDraw = False
24.1401 	EXP 	fixcross: autoDraw = True
24.9407 	EXP 	fixcross: autoDraw = False
24.9407 	EXP 	fixcross: autoDraw = False
24.9407 	EXP 	stimulusDots: dir = 0.0
24.9407 	EXP 	backgroundDots: autoDraw = True
24.9407 	EXP 	stimulusDots: autoDraw = True
25.6870 	EXP 	backgroundDots: autoDraw = False
25.8071 	DATA 	Keypress: left
25.8121 	EXP 	backgroundDots: autoDraw = False
25.8121 	EXP 	stimulusDots: autoDraw = False
25.8121 	EXP 	textFeedback: height = 0.07
25.8121 	EXP 	textFeedback: height = 0.07
25.8121 	EXP 	textFeedback: height = 0.07
25.8121 	EXP 	textFeedback: text = 'falsch'
25.8121 	EXP 	textFeedback: autoDraw = True
26.2993 	EXP 	New trial (rep=5, index=0): OrderedDict([('direction', 'right'), ('corrAns', 'right')])
26.3042 	EXP 	textFeedback: autoDraw = False
26.3042 	EXP 	textFeedback: autoDraw = False
27.0984 	EXP 	fixcross: autoDraw = True
27.8914 	EXP 	fixcross: autoDraw = False
27.8914 	EXP 	fixcross: autoDraw = False
27.8914 	EXP 	stimulusDots: dir = 0.0
27.8914 	EXP 	backgroundDots: autoDraw = True
27.8914 	EXP 	stimulusDots: autoDraw = True
28.6650 	EXP 	backgroundDots: autoDraw = False
28.7725 	DATA 	Keypress: right
28.7774 	EXP 	backgroundDots: autoDraw = False
28.7774 	EXP 	stimulusDots: autoDraw = False
28.7774 	EXP 	textFeedback: height = 0.07
28.7774 	EXP 	textFeedback: height = 0.07
28.7774 	EXP 	textFeedback: height = 0.07
28.7774 	EXP 	textFeedback: text = 'richtig'
28.7774 	EXP 	textFeedback: autoDraw = True
29.2663 	EXP 	New trial (rep=5, index=1): OrderedDict([('direction', 'left'), ('corrAns', 'left')])
29.2715 	EXP 	textFeedback: autoDraw = False
29.2715 	EXP 	textFeedback: autoDraw = False
30.0652 	EXP 	fixcross: autoDraw = True
30.8580 	EXP 	fixcross: autoDraw = False
30.8580 	EXP 	fixcross: autoDraw = False
30.8580 	EXP 	stimulusDots: dir = 180.0
30.8580 	EXP 	backgroundDots: autoDraw = True
30.8580 	EXP 	stimulusDots: autoDraw = True
31.6362 	DATA 	Keypress: left
31.6408 	EXP 	backgroundDots: autoDraw = False
31.6408 	EXP 	stimulusDots: autoDraw = False
31.6408 	EXP 	textFeedback: text = 'richtig'
31.6408 	EXP 	textFeedback: autoDraw = True
32.1327 	EXP 	New trial (rep=6, index=0): OrderedDict([('direction', 'left'), ('corrAns', 'left')])
32.1377 	EXP 	textFeedback: autoDraw = False
32.1377 	EXP 	textFeedback: autoDraw = False
32.2319 	EXP 	fixcross: autoDraw = True
33.0240 	EXP 	fixcross: autoDraw = False
33.0240 	EXP 	fixcross: autoDraw = False
33.0240 	EXP 	stimulusDots: dir = 180.0
33.0240 	EXP 	backgroundDots: autoDraw = True
33.0240 	EXP 	stimulusDots: autoDraw = True
33.7703 	EXP 	backgroundDots: autoDraw = False
34.2774 	DATA 	Keypress: left
34.2982 	EXP 	backgroundDots: autoDraw = False
34.2982 	EXP 	stimulusDots: autoDraw = False
34.2982 	EXP 	textFeedback: text = 'richtig'
34.2982 	EXP 	textFeedback: autoDraw = True
34.7817 	EXP 	New trial (rep=6, index=1): OrderedDict([('direction', 'right'), ('corrAns', 'right')])
34.7867 	EXP 	textFeedback: autoDraw = False
34.8723 	EXP 	fixcross: autoDraw = True
35.6740 	EXP 	fixcross: autoDraw = False
35.6740 	EXP 	fixcross: autoDraw = False
35.6740 	EXP 	stimulusDots: dir = 0.0
35.6740 	EXP 	backgroundDots: autoDraw = True
35.6740 	EXP 	stimulusDots: autoDraw = True
36.4201 	EXP 	backgroundDots: autoDraw = False
36.8770 	DATA 	Keypress: right
36.8819 	EXP 	backgroundDots: autoDraw = False
36.8819 	EXP 	stimulusDots: autoDraw = False
36.8819 	EXP 	textFeedback: text = 'richtig'
36.8819 	EXP 	textFeedback: autoDraw = True
37.3660 	EXP 	New trial (rep=7, index=0): OrderedDict([('direction', 'right'), ('corrAns', 'right')])
37.3708 	EXP 	textFeedback: autoDraw = False
37.3708 	EXP 	textFeedback: autoDraw = False
37.4727 	EXP 	fixcross: autoDraw = True
38.2746 	EXP 	fixcross: autoDraw = False
38.2746 	EXP 	fixcross: autoDraw = False
38.2746 	EXP 	stimulusDots: dir = 0.0
38.2746 	EXP 	backgroundDots: autoDraw = True
38.2746 	EXP 	stimulusDots: autoDraw = True
39.0201 	EXP 	backgroundDots: autoDraw = False
39.3909 	DATA 	Keypress: left
39.3962 	EXP 	backgroundDots: autoDraw = False
39.3962 	EXP 	stimulusDots: autoDraw = False
39.3962 	EXP 	textFeedback: height = 0.07
39.3962 	EXP 	textFeedback: height = 0.07
39.3962 	EXP 	textFeedback: height = 0.07
39.3962 	EXP 	textFeedback: text = 'falsch'
39.3962 	EXP 	textFeedback: autoDraw = True
39.8829 	EXP 	New trial (rep=7, index=1): OrderedDict([('direction', 'left'), ('corrAns', 'left')])
39.8881 	EXP 	textFeedback: autoDraw = False
39.8881 	EXP 	textFeedback: autoDraw = False
41.0818 	EXP 	fixcross: autoDraw = True
41.8740 	EXP 	fixcross: autoDraw = False
41.8740 	EXP 	fixcross: autoDraw = False
41.8740 	EXP 	stimulusDots: dir = 180.0
41.8740 	EXP 	backgroundDots: autoDraw = True
41.8740 	EXP 	stimulusDots: autoDraw = True
42.6200 	EXP 	backgroundDots: autoDraw = False
43.0045 	DATA 	Keypress: right
43.0091 	EXP 	backgroundDots: autoDraw = False
43.0091 	EXP 	stimulusDots: autoDraw = False
43.0091 	EXP 	textFeedback: text = 'falsch'
43.0091 	EXP 	textFeedback: autoDraw = True
43.4996 	EXP 	New trial (rep=8, index=0): OrderedDict([('direction', 'right'), ('corrAns', 'right')])
43.5049 	EXP 	textFeedback: autoDraw = False
43.5049 	EXP 	textFeedback: autoDraw = False
43.5983 	EXP 	fixcross: autoDraw = True
44.3916 	EXP 	fixcross: autoDraw = False
44.3916 	EXP 	fixcross: autoDraw = False
44.3916 	EXP 	stimulusDots: dir = 0.0
44.3916 	EXP 	backgroundDots: autoDraw = True
44.3916 	EXP 	stimulusDots: autoDraw = True
45.1649 	EXP 	backgroundDots: autoDraw = False
45.2629 	DATA 	Keypress: right
45.2677 	EXP 	backgroundDots: autoDraw = False
45.2677 	EXP 	stimulusDots: autoDraw = False
45.2677 	EXP 	textFeedback: height = 0.07
45.2677 	EXP 	textFeedback: height = 0.07
45.2677 	EXP 	textFeedback: height = 0.07
45.2677 	EXP 	textFeedback: text = 'richtig'
45.2677 	EXP 	textFeedback: autoDraw = True
45.7553 	EXP 	New trial (rep=8, index=1): OrderedDict([('direction', 'left'), ('corrAns', 'left')])
45.7653 	EXP 	textFeedback: autoDraw = False
45.7653 	EXP 	textFeedback: autoDraw = False
45.8564 	EXP 	fixcross: autoDraw = True
46.6574 	EXP 	fixcross: autoDraw = False
46.6574 	EXP 	fixcross: autoDraw = False
46.6574 	EXP 	stimulusDots: dir = 180.0
46.6574 	EXP 	backgroundDots: autoDraw = True
46.6574 	EXP 	stimulusDots: autoDraw = True
47.4033 	EXP 	backgroundDots: autoDraw = False
47.4198 	DATA 	Keypress: left
47.4247 	EXP 	backgroundDots: autoDraw = False
47.4247 	EXP 	stimulusDots: autoDraw = False
47.4247 	EXP 	textFeedback: text = 'richtig'
47.4247 	EXP 	textFeedback: autoDraw = True
47.9163 	EXP 	New trial (rep=9, index=0): OrderedDict([('direction', 'right'), ('corrAns', 'right')])
47.9216 	EXP 	textFeedback: autoDraw = False
47.9216 	EXP 	textFeedback: autoDraw = False
48.7152 	EXP 	fixcross: autoDraw = True
49.5079 	EXP 	fixcross: autoDraw = False
49.5079 	EXP 	fixcross: autoDraw = False
49.5079 	EXP 	stimulusDots: dir = 0.0
49.5079 	EXP 	backgroundDots: autoDraw = True
49.5079 	EXP 	stimulusDots: autoDraw = True
50.2706 	EXP 	backgroundDots: autoDraw = False
50.2862 	DATA 	Keypress: right
50.2908 	EXP 	backgroundDots: autoDraw = False
50.2908 	EXP 	stimulusDots: autoDraw = False
50.2908 	EXP 	textFeedback: text = 'richtig'
50.2908 	EXP 	textFeedback: autoDraw = True
50.7828 	EXP 	New trial (rep=9, index=1): OrderedDict([('direction', 'left'), ('corrAns', 'left')])
50.7876 	EXP 	textFeedback: autoDraw = False
50.7876 	EXP 	textFeedback: autoDraw = False
51.9813 	EXP 	fixcross: autoDraw = True
52.7742 	EXP 	fixcross: autoDraw = False
52.7742 	EXP 	fixcross: autoDraw = False
52.7742 	EXP 	stimulusDots: dir = 180.0
52.7742 	EXP 	backgroundDots: autoDraw = True
52.7742 	EXP 	stimulusDots: autoDraw = True
53.6043 	EXP 	backgroundDots: autoDraw = False
53.8023 	DATA 	Keypress: right
53.8188 	EXP 	backgroundDots: autoDraw = False
53.8188 	EXP 	stimulusDots: autoDraw = False
53.8188 	EXP 	textFeedback: height = 0.07
53.8188 	EXP 	textFeedback: height = 0.07
53.8188 	EXP 	textFeedback: height = 0.07
53.8188 	EXP 	textFeedback: text = 'falsch'
53.8188 	EXP 	textFeedback: autoDraw = True
54.3358 	EXP 	textFeedback: autoDraw = False
54.3358 	EXP 	textFeedback: autoDraw = False
54.3358 	EXP 	textSpeedInst: height = 0.03
54.3358 	EXP 	textSpeedInst: height = 0.03
54.3358 	EXP 	textSpeedInst: height = 0.03
54.3358 	EXP 	textSpeedInst: text = 'Wir sind nun mit dem Übungsdurchgang fertig und werden zum Hauptexperiment übergehen. Bitte versuchen Sie so genau wie möglich zu antworten. Drücken Sie [Leertaste], um das Experiment zu starten.'
54.3358 	EXP 	textSpeedInst: autoDraw = True
174.3458 	EXP 	Imported random_dot_conditions.csv as conditions, 2 conditions, 2 params
174.3467 	EXP 	Created sequence: random, trialTypes=2, nReps=20, seed=None
174.3471 	EXP 	New trial (rep=0, index=0): OrderedDict([('direction', 'left'), ('corrAns', 'left')])
174.3504 	DATA 	Keypress: space
174.3555 	EXP 	textSpeedInst: autoDraw = False
175.1395 	EXP 	fixcross: autoDraw = True
175.9409 	EXP 	fixcross: autoDraw = False
175.9409 	EXP 	fixcross: autoDraw = False
175.9409 	EXP 	stimulusDots: dir = 180.0
175.9409 	EXP 	backgroundDots: autoDraw = True
175.9409 	EXP 	stimulusDots: autoDraw = True
176.7148 	EXP 	backgroundDots: autoDraw = False
176.8019 	DATA 	Keypress: right
176.8090 	EXP 	New trial (rep=0, index=1): OrderedDict([('direction', 'right'), ('corrAns', 'right')])
176.8147 	EXP 	backgroundDots: autoDraw = False
176.8147 	EXP 	stimulusDots: autoDraw = False
177.6060 	EXP 	fixcross: autoDraw = True
178.4068 	EXP 	fixcross: autoDraw = False
178.4068 	EXP 	fixcross: autoDraw = False
178.4068 	EXP 	stimulusDots: dir = 0.0
178.4068 	EXP 	backgroundDots: autoDraw = True
178.4068 	EXP 	stimulusDots: autoDraw = True
179.1646 	EXP 	backgroundDots: autoDraw = False
180.9737 	EXP 	New trial (rep=1, index=0): OrderedDict([('direction', 'left'), ('corrAns', 'left')])
180.9764 	DATA 	Keypress: left
180.9816 	EXP 	backgroundDots: autoDraw = False
180.9816 	EXP 	stimulusDots: autoDraw = False
181.0719 	EXP 	fixcross: autoDraw = True
181.8736 	EXP 	fixcross: autoDraw = False
181.8736 	EXP 	fixcross: autoDraw = False
181.8736 	EXP 	stimulusDots: dir = 180.0
181.8736 	EXP 	backgroundDots: autoDraw = True
181.8736 	EXP 	stimulusDots: autoDraw = True
182.6196 	EXP 	backgroundDots: autoDraw = False
182.6991 	EXP 	New trial (rep=1, index=1): OrderedDict([('direction', 'right'), ('corrAns', 'right')])
182.7013 	DATA 	Keypress: right
182.7060 	EXP 	backgroundDots: autoDraw = False
182.7060 	EXP 	stimulusDots: autoDraw = False
183.8886 	EXP 	fixcross: autoDraw = True
184.6803 	EXP 	fixcross: autoDraw = False
184.6803 	EXP 	fixcross: autoDraw = False
184.6803 	EXP 	stimulusDots: dir = 0.0
184.6803 	EXP 	backgroundDots: autoDraw = True
184.6803 	EXP 	stimulusDots: autoDraw = True
185.4312 	EXP 	backgroundDots: autoDraw = False
186.0834 	EXP 	New trial (rep=2, index=0): OrderedDict([('direction', 'left'), ('corrAns', 'left')])
186.0860 	DATA 	Keypress: left
186.0906 	EXP 	backgroundDots: autoDraw = False
186.0906 	EXP 	stimulusDots: autoDraw = False
186.4315 	EXP 	fixcross: autoDraw = True
187.2238 	EXP 	fixcross: autoDraw = False
187.2238 	EXP 	fixcross: autoDraw = False
187.2238 	EXP 	stimulusDots: dir = 180.0
187.2238 	EXP 	backgroundDots: autoDraw = True
187.2238 	EXP 	stimulusDots: autoDraw = True
187.9700 	EXP 	backgroundDots: autoDraw = False
188.4091 	DATA 	Keypress: left
188.4170 	EXP 	New trial (rep=2, index=1): OrderedDict([('direction', 'right'), ('corrAns', 'right')])
188.4226 	EXP 	backgroundDots: autoDraw = False
188.4226 	EXP 	stimulusDots: autoDraw = False
189.6147 	EXP 	fixcross: autoDraw = True
190.4073 	EXP 	fixcross: autoDraw = False
190.4073 	EXP 	fixcross: autoDraw = False
190.4073 	EXP 	stimulusDots: dir = 0.0
190.4073 	EXP 	backgroundDots: autoDraw = True
190.4073 	EXP 	stimulusDots: autoDraw = True
191.1530 	EXP 	backgroundDots: autoDraw = False
193.4025 	DATA 	Keypress: left
193.4096 	EXP 	New trial (rep=3, index=0): OrderedDict([('direction', 'right'), ('corrAns', 'right')])
193.4309 	EXP 	backgroundDots: autoDraw = False
193.4309 	EXP 	stimulusDots: autoDraw = False
193.7558 	EXP 	fixcross: autoDraw = True
194.5573 	EXP 	fixcross: autoDraw = False
194.5573 	EXP 	fixcross: autoDraw = False
194.5573 	EXP 	stimulusDots: dir = 0.0
194.5573 	EXP 	backgroundDots: autoDraw = True
194.5573 	EXP 	stimulusDots: autoDraw = True
195.3034 	EXP 	backgroundDots: autoDraw = False
195.7405 	EXP 	New trial (rep=3, index=1): OrderedDict([('direction', 'left'), ('corrAns', 'left')])
195.7431 	DATA 	Keypress: right
195.7642 	EXP 	backgroundDots: autoDraw = False
195.7642 	EXP 	stimulusDots: autoDraw = False
196.9390 	EXP 	fixcross: autoDraw = True
197.7404 	EXP 	fixcross: autoDraw = False
197.7404 	EXP 	fixcross: autoDraw = False
197.7404 	EXP 	stimulusDots: dir = 180.0
197.7404 	EXP 	backgroundDots: autoDraw = True
197.7404 	EXP 	stimulusDots: autoDraw = True
198.4872 	EXP 	backgroundDots: autoDraw = False
198.8997 	EXP 	New trial (rep=4, index=0): OrderedDict([('direction', 'right'), ('corrAns', 'right')])
198.9023 	DATA 	Keypress: left
198.9075 	EXP 	backgroundDots: autoDraw = False
198.9075 	EXP 	stimulusDots: autoDraw = False
200.0978 	EXP 	fixcross: autoDraw = True
200.8909 	EXP 	fixcross: autoDraw = False
200.8909 	EXP 	fixcross: autoDraw = False
200.8909 	EXP 	stimulusDots: dir = 0.0
200.8909 	EXP 	backgroundDots: autoDraw = True
200.8909 	EXP 	stimulusDots: autoDraw = True
201.6642 	EXP 	backgroundDots: autoDraw = False
201.8320 	EXP 	New trial (rep=4, index=1): OrderedDict([('direction', 'left'), ('corrAns', 'left')])
201.8333 	DATA 	Keypress: left
201.8373 	EXP 	backgroundDots: autoDraw = False
201.8373 	EXP 	stimulusDots: autoDraw = False
203.0230 	EXP 	fixcross: autoDraw = True
203.8231 	EXP 	fixcross: autoDraw = False
203.8231 	EXP 	fixcross: autoDraw = False
203.8231 	EXP 	stimulusDots: dir = 180.0
203.8231 	EXP 	backgroundDots: autoDraw = True
203.8231 	EXP 	stimulusDots: autoDraw = True
204.5693 	EXP 	backgroundDots: autoDraw = False
204.7569 	EXP 	New trial (rep=5, index=0): OrderedDict([('direction', 'left'), ('corrAns', 'left')])
204.7599 	DATA 	Keypress: left
204.7809 	EXP 	backgroundDots: autoDraw = False
204.7809 	EXP 	stimulusDots: autoDraw = False
205.9554 	EXP 	fixcross: autoDraw = True
206.7565 	EXP 	fixcross: autoDraw = False
206.7565 	EXP 	fixcross: autoDraw = False
206.7565 	EXP 	stimulusDots: dir = 180.0
206.7565 	EXP 	backgroundDots: autoDraw = True
206.7565 	EXP 	stimulusDots: autoDraw = True
207.5043 	EXP 	backgroundDots: autoDraw = False
207.9062 	EXP 	New trial (rep=5, index=1): OrderedDict([('direction', 'right'), ('corrAns', 'right')])
207.9088 	DATA 	Keypress: right
207.9148 	EXP 	backgroundDots: autoDraw = False
207.9148 	EXP 	stimulusDots: autoDraw = False
208.0051 	EXP 	fixcross: autoDraw = True
208.7971 	EXP 	fixcross: autoDraw = False
208.7971 	EXP 	fixcross: autoDraw = False
208.7971 	EXP 	stimulusDots: dir = 0.0
208.7971 	EXP 	backgroundDots: autoDraw = True
208.7971 	EXP 	stimulusDots: autoDraw = True
209.5471 	EXP 	backgroundDots: autoDraw = False
210.8191 	DATA 	Keypress: right
210.8260 	EXP 	New trial (rep=6, index=0): OrderedDict([('direction', 'right'), ('corrAns', 'right')])
210.8474 	EXP 	backgroundDots: autoDraw = False
210.8474 	EXP 	stimulusDots: autoDraw = False
212.0228 	EXP 	fixcross: autoDraw = True
212.8238 	EXP 	fixcross: autoDraw = False
212.8238 	EXP 	fixcross: autoDraw = False
212.8238 	EXP 	stimulusDots: dir = 0.0
212.8238 	EXP 	backgroundDots: autoDraw = True
212.8238 	EXP 	stimulusDots: autoDraw = True
213.5696 	EXP 	backgroundDots: autoDraw = False
213.7565 	EXP 	New trial (rep=6, index=1): OrderedDict([('direction', 'left'), ('corrAns', 'left')])
213.7591 	DATA 	Keypress: right
213.7645 	EXP 	backgroundDots: autoDraw = False
213.7645 	EXP 	stimulusDots: autoDraw = False
214.5552 	EXP 	fixcross: autoDraw = True
215.3474 	EXP 	fixcross: autoDraw = False
215.3474 	EXP 	fixcross: autoDraw = False
215.3474 	EXP 	stimulusDots: dir = 180.0
215.3474 	EXP 	backgroundDots: autoDraw = True
215.3474 	EXP 	stimulusDots: autoDraw = True
216.0979 	EXP 	backgroundDots: autoDraw = False
216.3059 	EXP 	New trial (rep=7, index=0): OrderedDict([('direction', 'left'), ('corrAns', 'left')])
216.3084 	DATA 	Keypress: left
216.3145 	EXP 	backgroundDots: autoDraw = False
216.3145 	EXP 	stimulusDots: autoDraw = False
216.6557 	EXP 	fixcross: autoDraw = True
217.4569 	EXP 	fixcross: autoDraw = False
217.4569 	EXP 	fixcross: autoDraw = False
217.4569 	EXP 	stimulusDots: dir = 180.0
217.4569 	EXP 	backgroundDots: autoDraw = True
217.4569 	EXP 	stimulusDots: autoDraw = True
218.2028 	EXP 	backgroundDots: autoDraw = False
218.5164 	EXP 	New trial (rep=7, index=1): OrderedDict([('direction', 'right'), ('corrAns', 'right')])
218.5192 	DATA 	Keypress: right
218.5243 	EXP 	backgroundDots: autoDraw = False
218.5243 	EXP 	stimulusDots: autoDraw = False
218.8646 	EXP 	fixcross: autoDraw = True
219.6573 	EXP 	fixcross: autoDraw = False
219.6573 	EXP 	fixcross: autoDraw = False
219.6573 	EXP 	stimulusDots: dir = 0.0
219.6573 	EXP 	backgroundDots: autoDraw = True
219.6573 	EXP 	stimulusDots: autoDraw = True
220.4031 	EXP 	backgroundDots: autoDraw = False
220.6501 	EXP 	New trial (rep=8, index=0): OrderedDict([('direction', 'left'), ('corrAns', 'left')])
220.6528 	DATA 	Keypress: right
220.6573 	EXP 	backgroundDots: autoDraw = False
220.6573 	EXP 	stimulusDots: autoDraw = False
221.8480 	EXP 	fixcross: autoDraw = True
222.6402 	EXP 	fixcross: autoDraw = False
222.6402 	EXP 	fixcross: autoDraw = False
222.6402 	EXP 	stimulusDots: dir = 180.0
222.6402 	EXP 	backgroundDots: autoDraw = True
222.6402 	EXP 	stimulusDots: autoDraw = True
223.3868 	EXP 	backgroundDots: autoDraw = False
223.6402 	EXP 	New trial (rep=8, index=1): OrderedDict([('direction', 'right'), ('corrAns', 'right')])
223.6428 	DATA 	Keypress: left
223.6475 	EXP 	backgroundDots: autoDraw = False
223.6475 	EXP 	stimulusDots: autoDraw = False
223.7391 	EXP 	fixcross: autoDraw = True
224.5400 	EXP 	fixcross: autoDraw = False
224.5400 	EXP 	fixcross: autoDraw = False
224.5400 	EXP 	stimulusDots: dir = 0.0
224.5400 	EXP 	backgroundDots: autoDraw = True
224.5400 	EXP 	stimulusDots: autoDraw = True
225.2871 	EXP 	backgroundDots: autoDraw = False
225.4347 	DATA 	Keypress: left
225.4414 	EXP 	New trial (rep=9, index=0): OrderedDict([('direction', 'left'), ('corrAns', 'left')])
225.4468 	EXP 	backgroundDots: autoDraw = False
225.4468 	EXP 	stimulusDots: autoDraw = False
226.2387 	EXP 	fixcross: autoDraw = True
227.0401 	EXP 	fixcross: autoDraw = False
227.0401 	EXP 	fixcross: autoDraw = False
227.0401 	EXP 	stimulusDots: dir = 180.0
227.0401 	EXP 	backgroundDots: autoDraw = True
227.0401 	EXP 	stimulusDots: autoDraw = True
227.7857 	EXP 	backgroundDots: autoDraw = False
228.0826 	EXP 	New trial (rep=9, index=1): OrderedDict([('direction', 'right'), ('corrAns', 'right')])
228.0852 	DATA 	Keypress: right
228.0898 	EXP 	backgroundDots: autoDraw = False
228.0898 	EXP 	stimulusDots: autoDraw = False
228.4217 	EXP 	fixcross: autoDraw = True
229.2234 	EXP 	fixcross: autoDraw = False
229.2234 	EXP 	fixcross: autoDraw = False
229.2234 	EXP 	stimulusDots: dir = 0.0
229.2234 	EXP 	backgroundDots: autoDraw = True
229.2234 	EXP 	stimulusDots: autoDraw = True
229.9705 	EXP 	backgroundDots: autoDraw = False
230.1230 	EXP 	New trial (rep=10, index=0): OrderedDict([('direction', 'right'), ('corrAns', 'right')])
230.1256 	DATA 	Keypress: left
230.1307 	EXP 	backgroundDots: autoDraw = False
230.1307 	EXP 	stimulusDots: autoDraw = False
230.4721 	EXP 	fixcross: autoDraw = True
231.2742 	EXP 	fixcross: autoDraw = False
231.2742 	EXP 	fixcross: autoDraw = False
231.2742 	EXP 	stimulusDots: dir = 0.0
231.2742 	EXP 	backgroundDots: autoDraw = True
231.2742 	EXP 	stimulusDots: autoDraw = True
232.0472 	EXP 	backgroundDots: autoDraw = False
232.7684 	DATA 	Keypress: left
232.7758 	EXP 	New trial (rep=10, index=1): OrderedDict([('direction', 'left'), ('corrAns', 'left')])
232.7973 	EXP 	backgroundDots: autoDraw = False
232.7973 	EXP 	stimulusDots: autoDraw = False
233.9724 	EXP 	fixcross: autoDraw = True
234.7736 	EXP 	fixcross: autoDraw = False
234.7736 	EXP 	fixcross: autoDraw = False
234.7736 	EXP 	stimulusDots: dir = 180.0
234.7736 	EXP 	backgroundDots: autoDraw = True
234.7736 	EXP 	stimulusDots: autoDraw = True
235.5199 	EXP 	backgroundDots: autoDraw = False
235.6348 	DATA 	Keypress: left
235.6419 	EXP 	New trial (rep=11, index=0): OrderedDict([('direction', 'right'), ('corrAns', 'right')])
235.6477 	EXP 	backgroundDots: autoDraw = False
235.6477 	EXP 	stimulusDots: autoDraw = False
236.8387 	EXP 	fixcross: autoDraw = True
237.6402 	EXP 	fixcross: autoDraw = False
237.6402 	EXP 	fixcross: autoDraw = False
237.6402 	EXP 	stimulusDots: dir = 0.0
237.6402 	EXP 	backgroundDots: autoDraw = True
237.6402 	EXP 	stimulusDots: autoDraw = True
238.3866 	EXP 	backgroundDots: autoDraw = False
238.6083 	DATA 	Keypress: left
238.6156 	EXP 	New trial (rep=11, index=1): OrderedDict([('direction', 'left'), ('corrAns', 'left')])
238.6214 	EXP 	backgroundDots: autoDraw = False
238.6214 	EXP 	stimulusDots: autoDraw = False
238.9550 	EXP 	fixcross: autoDraw = True
239.7474 	EXP 	fixcross: autoDraw = False
239.7474 	EXP 	fixcross: autoDraw = False
239.7474 	EXP 	stimulusDots: dir = 180.0
239.7474 	EXP 	backgroundDots: autoDraw = True
239.7474 	EXP 	stimulusDots: autoDraw = True
240.4978 	EXP 	backgroundDots: autoDraw = False
240.6330 	EXP 	New trial (rep=12, index=0): OrderedDict([('direction', 'right'), ('corrAns', 'right')])
240.6353 	DATA 	Keypress: left
240.6405 	EXP 	backgroundDots: autoDraw = False
240.6405 	EXP 	stimulusDots: autoDraw = False
240.7311 	EXP 	fixcross: autoDraw = True
241.5232 	EXP 	fixcross: autoDraw = False
241.5232 	EXP 	fixcross: autoDraw = False
241.5232 	EXP 	stimulusDots: dir = 0.0
241.5232 	EXP 	backgroundDots: autoDraw = True
241.5232 	EXP 	stimulusDots: autoDraw = True
242.2703 	EXP 	backgroundDots: autoDraw = False
242.3056 	EXP 	New trial (rep=12, index=1): OrderedDict([('direction', 'left'), ('corrAns', 'left')])
242.3079 	DATA 	Keypress: left
242.3142 	EXP 	backgroundDots: autoDraw = False
242.3142 	EXP 	stimulusDots: autoDraw = False
242.4049 	EXP 	fixcross: autoDraw = True
243.2071 	EXP 	fixcross: autoDraw = False
243.2071 	EXP 	fixcross: autoDraw = False
243.2071 	EXP 	stimulusDots: dir = 180.0
243.2071 	EXP 	backgroundDots: autoDraw = True
243.2071 	EXP 	stimulusDots: autoDraw = True
243.9531 	EXP 	backgroundDots: autoDraw = False
244.1559 	EXP 	New trial (rep=13, index=0): OrderedDict([('direction', 'right'), ('corrAns', 'right')])
244.1585 	DATA 	Keypress: left
244.1638 	EXP 	backgroundDots: autoDraw = False
244.1638 	EXP 	stimulusDots: autoDraw = False
244.9559 	EXP 	fixcross: autoDraw = True
245.7567 	EXP 	fixcross: autoDraw = False
245.7567 	EXP 	fixcross: autoDraw = False
245.7567 	EXP 	stimulusDots: dir = 0.0
245.7567 	EXP 	backgroundDots: autoDraw = True
245.7567 	EXP 	stimulusDots: autoDraw = True
246.5032 	EXP 	backgroundDots: autoDraw = False
247.1689 	DATA 	Keypress: right
247.1761 	EXP 	New trial (rep=13, index=1): OrderedDict([('direction', 'left'), ('corrAns', 'left')])
247.1832 	EXP 	backgroundDots: autoDraw = False
247.1832 	EXP 	stimulusDots: autoDraw = False
247.2723 	EXP 	fixcross: autoDraw = True
248.0739 	EXP 	fixcross: autoDraw = False
248.0739 	EXP 	fixcross: autoDraw = False
248.0739 	EXP 	stimulusDots: dir = 180.0
248.0739 	EXP 	backgroundDots: autoDraw = True
248.0739 	EXP 	stimulusDots: autoDraw = True
248.8195 	EXP 	backgroundDots: autoDraw = False
249.7237 	EXP 	New trial (rep=14, index=0): OrderedDict([('direction', 'right'), ('corrAns', 'right')])
249.7263 	DATA 	Keypress: left
249.7474 	EXP 	backgroundDots: autoDraw = False
249.7474 	EXP 	stimulusDots: autoDraw = False
250.0716 	EXP 	fixcross: autoDraw = True
250.8742 	EXP 	fixcross: autoDraw = False
250.8742 	EXP 	fixcross: autoDraw = False
250.8742 	EXP 	stimulusDots: dir = 0.0
250.8742 	EXP 	backgroundDots: autoDraw = True
250.8742 	EXP 	stimulusDots: autoDraw = True
251.6477 	EXP 	backgroundDots: autoDraw = False
251.9498 	EXP 	New trial (rep=14, index=1): OrderedDict([('direction', 'left'), ('corrAns', 'left')])
251.9526 	DATA 	Keypress: right
251.9577 	EXP 	backgroundDots: autoDraw = False
251.9577 	EXP 	stimulusDots: autoDraw = False
252.7477 	EXP 	fixcross: autoDraw = True
253.5402 	EXP 	fixcross: autoDraw = False
253.5402 	EXP 	fixcross: autoDraw = False
253.5402 	EXP 	stimulusDots: dir = 180.0
253.5402 	EXP 	backgroundDots: autoDraw = True
253.5402 	EXP 	stimulusDots: autoDraw = True
254.2863 	EXP 	backgroundDots: autoDraw = False
254.3828 	EXP 	New trial (rep=15, index=0): OrderedDict([('direction', 'right'), ('corrAns', 'right')])
254.3850 	DATA 	Keypress: left
254.3897 	EXP 	backgroundDots: autoDraw = False
254.3897 	EXP 	stimulusDots: autoDraw = False
255.1808 	EXP 	fixcross: autoDraw = True
255.9738 	EXP 	fixcross: autoDraw = False
255.9738 	EXP 	fixcross: autoDraw = False
255.9738 	EXP 	stimulusDots: dir = 0.0
255.9738 	EXP 	backgroundDots: autoDraw = True
255.9738 	EXP 	stimulusDots: autoDraw = True
256.7198 	EXP 	backgroundDots: autoDraw = False
256.9063 	EXP 	New trial (rep=15, index=1): OrderedDict([('direction', 'left'), ('corrAns', 'left')])
256.9089 	DATA 	Keypress: left
256.9142 	EXP 	backgroundDots: autoDraw = False
256.9142 	EXP 	stimulusDots: autoDraw = False
257.2561 	EXP 	fixcross: autoDraw = True
258.0566 	EXP 	fixcross: autoDraw = False
258.0566 	EXP 	fixcross: autoDraw = False
258.0566 	EXP 	stimulusDots: dir = 180.0
258.0566 	EXP 	backgroundDots: autoDraw = True
258.0566 	EXP 	stimulusDots: autoDraw = True
258.8024 	EXP 	backgroundDots: autoDraw = False
258.9721 	EXP 	New trial (rep=16, index=0): OrderedDict([('direction', 'right'), ('corrAns', 'right')])
258.9752 	DATA 	Keypress: right
258.9804 	EXP 	backgroundDots: autoDraw = False
258.9804 	EXP 	stimulusDots: autoDraw = False
259.0722 	EXP 	fixcross: autoDraw = True
259.8730 	EXP 	fixcross: autoDraw = False
259.8730 	EXP 	fixcross: autoDraw = False
259.8730 	EXP 	stimulusDots: dir = 0.0
259.8730 	EXP 	backgroundDots: autoDraw = True
259.8730 	EXP 	stimulusDots: autoDraw = True
260.6194 	EXP 	backgroundDots: autoDraw = False
260.8257 	DATA 	Keypress: left
260.8324 	EXP 	New trial (rep=16, index=1): OrderedDict([('direction', 'left'), ('corrAns', 'left')])
260.8379 	EXP 	backgroundDots: autoDraw = False
260.8379 	EXP 	stimulusDots: autoDraw = False
262.0312 	EXP 	fixcross: autoDraw = True
262.8233 	EXP 	fixcross: autoDraw = False
262.8233 	EXP 	fixcross: autoDraw = False
262.8233 	EXP 	stimulusDots: dir = 180.0
262.8233 	EXP 	backgroundDots: autoDraw = True
262.8233 	EXP 	stimulusDots: autoDraw = True
263.5694 	EXP 	backgroundDots: autoDraw = False
264.1563 	EXP 	New trial (rep=17, index=0): OrderedDict([('direction', 'left'), ('corrAns', 'left')])
264.1595 	DATA 	Keypress: right
264.1804 	EXP 	backgroundDots: autoDraw = False
264.1804 	EXP 	stimulusDots: autoDraw = False
264.2548 	EXP 	fixcross: autoDraw = True
265.0571 	EXP 	fixcross: autoDraw = False
265.0571 	EXP 	fixcross: autoDraw = False
265.0571 	EXP 	stimulusDots: dir = 180.0
265.0571 	EXP 	backgroundDots: autoDraw = True
265.0571 	EXP 	stimulusDots: autoDraw = True
265.7822 	EXP 	New trial (rep=17, index=1): OrderedDict([('direction', 'right'), ('corrAns', 'right')])
265.7844 	DATA 	Keypress: left
265.7891 	EXP 	backgroundDots: autoDraw = False
265.7891 	EXP 	stimulusDots: autoDraw = False
266.1220 	EXP 	fixcross: autoDraw = True
266.9137 	EXP 	fixcross: autoDraw = False
266.9137 	EXP 	fixcross: autoDraw = False
266.9137 	EXP 	stimulusDots: dir = 0.0
266.9137 	EXP 	backgroundDots: autoDraw = True
266.9137 	EXP 	stimulusDots: autoDraw = True
267.6642 	EXP 	backgroundDots: autoDraw = False
267.8397 	EXP 	New trial (rep=18, index=0): OrderedDict([('direction', 'left'), ('corrAns', 'left')])
267.8420 	DATA 	Keypress: left
267.8466 	EXP 	backgroundDots: autoDraw = False
267.8466 	EXP 	stimulusDots: autoDraw = False
269.0382 	EXP 	fixcross: autoDraw = True
269.8300 	EXP 	fixcross: autoDraw = False
269.8300 	EXP 	fixcross: autoDraw = False
269.8300 	EXP 	stimulusDots: dir = 180.0
269.8300 	EXP 	backgroundDots: autoDraw = True
269.8300 	EXP 	stimulusDots: autoDraw = True
270.5809 	EXP 	backgroundDots: autoDraw = False
270.6008 	DATA 	Keypress: left
270.6077 	EXP 	New trial (rep=18, index=1): OrderedDict([('direction', 'right'), ('corrAns', 'right')])
270.6131 	EXP 	backgroundDots: autoDraw = False
270.6131 	EXP 	stimulusDots: autoDraw = False
271.8054 	EXP 	fixcross: autoDraw = True
272.6071 	EXP 	fixcross: autoDraw = False
272.6071 	EXP 	fixcross: autoDraw = False
272.6071 	EXP 	stimulusDots: dir = 0.0
272.6071 	EXP 	backgroundDots: autoDraw = True
272.6071 	EXP 	stimulusDots: autoDraw = True
273.3809 	EXP 	backgroundDots: autoDraw = False
273.5833 	EXP 	New trial (rep=19, index=0): OrderedDict([('direction', 'left'), ('corrAns', 'left')])
273.5859 	DATA 	Keypress: right
273.5910 	EXP 	backgroundDots: autoDraw = False
273.5910 	EXP 	stimulusDots: autoDraw = False
273.6811 	EXP 	fixcross: autoDraw = True
274.4736 	EXP 	fixcross: autoDraw = False
274.4736 	EXP 	fixcross: autoDraw = False
274.4736 	EXP 	stimulusDots: dir = 180.0
274.4736 	EXP 	backgroundDots: autoDraw = True
274.4736 	EXP 	stimulusDots: autoDraw = True
275.2203 	EXP 	backgroundDots: autoDraw = False
275.2346 	DATA 	Keypress: left
275.2411 	EXP 	New trial (rep=19, index=1): OrderedDict([('direction', 'right'), ('corrAns', 'right')])
275.2464 	EXP 	backgroundDots: autoDraw = False
275.2464 	EXP 	stimulusDots: autoDraw = False
276.0387 	EXP 	fixcross: autoDraw = True
276.8402 	EXP 	fixcross: autoDraw = False
276.8402 	EXP 	fixcross: autoDraw = False
276.8402 	EXP 	stimulusDots: dir = 0.0
276.8402 	EXP 	backgroundDots: autoDraw = True
276.8402 	EXP 	stimulusDots: autoDraw = True
277.5866 	EXP 	backgroundDots: autoDraw = False
277.8351 	DATA 	Keypress: left
277.8651 	EXP 	backgroundDots: autoDraw = False
277.8651 	EXP 	stimulusDots: autoDraw = False
277.8651 	EXP 	textAccuracyInstr: height = 0.03
277.8651 	EXP 	textAccuracyInstr: height = 0.03
277.8651 	EXP 	textAccuracyInstr: height = 0.03
277.8651 	EXP 	textAccuracyInstr: text = 'Wir sind nun mit dem ersten Hauptexperiment fertig und werden zum zweiten Hauptexperiment übergehen. Bitte versuchen Sie dieses Mal so schnell wie möglich zu antworten. Drücken Sie [Leertaste], um das Hauptexperiment zu starten.'
277.8651 	EXP 	textAccuracyInstr: autoDraw = True
288.9558 	EXP 	Imported random_dot_conditions.csv as conditions, 2 conditions, 2 params
288.9565 	EXP 	Created sequence: random, trialTypes=2, nReps=20, seed=None
288.9569 	EXP 	New trial (rep=0, index=0): OrderedDict([('direction', 'left'), ('corrAns', 'left')])
288.9599 	DATA 	Keypress: space
288.9652 	EXP 	textAccuracyInstr: autoDraw = False
289.2975 	EXP 	fixcross: autoDraw = True
290.0904 	EXP 	fixcross: autoDraw = False
290.0904 	EXP 	fixcross: autoDraw = False
290.0904 	EXP 	stimulusDots: dir = 180.0
290.0904 	EXP 	backgroundDots: autoDraw = True
290.0904 	EXP 	stimulusDots: autoDraw = True
290.7398 	EXP 	New trial (rep=0, index=1): OrderedDict([('direction', 'right'), ('corrAns', 'right')])
290.7418 	DATA 	Keypress: left
290.7467 	EXP 	backgroundDots: autoDraw = False
290.7467 	EXP 	stimulusDots: autoDraw = False
290.8373 	EXP 	fixcross: autoDraw = True
291.6301 	EXP 	fixcross: autoDraw = False
291.6301 	EXP 	fixcross: autoDraw = False
291.6301 	EXP 	stimulusDots: dir = 0.0
291.6301 	EXP 	backgroundDots: autoDraw = True
291.6301 	EXP 	stimulusDots: autoDraw = True
292.0891 	EXP 	New trial (rep=1, index=0): OrderedDict([('direction', 'right'), ('corrAns', 'right')])
292.0910 	DATA 	Keypress: right
292.0971 	EXP 	backgroundDots: autoDraw = False
292.0971 	EXP 	stimulusDots: autoDraw = False
293.2882 	EXP 	fixcross: autoDraw = True
294.0897 	EXP 	fixcross: autoDraw = False
294.0897 	EXP 	fixcross: autoDraw = False
294.0897 	EXP 	stimulusDots: dir = 0.0
294.0897 	EXP 	backgroundDots: autoDraw = True
294.0897 	EXP 	stimulusDots: autoDraw = True
294.8356 	EXP 	backgroundDots: autoDraw = False
295.0663 	EXP 	New trial (rep=1, index=1): OrderedDict([('direction', 'left'), ('corrAns', 'left')])
295.0689 	DATA 	Keypress: left
295.0734 	EXP 	backgroundDots: autoDraw = False
295.0734 	EXP 	stimulusDots: autoDraw = False
295.8639 	EXP 	fixcross: autoDraw = True
296.6565 	EXP 	fixcross: autoDraw = False
296.6565 	EXP 	fixcross: autoDraw = False
296.6565 	EXP 	stimulusDots: dir = 180.0
296.6565 	EXP 	backgroundDots: autoDraw = True
296.6565 	EXP 	stimulusDots: autoDraw = True
297.2893 	EXP 	New trial (rep=2, index=0): OrderedDict([('direction', 'left'), ('corrAns', 'left')])
297.2913 	DATA 	Keypress: left
297.2967 	EXP 	backgroundDots: autoDraw = False
297.2967 	EXP 	stimulusDots: autoDraw = False
298.0888 	EXP 	fixcross: autoDraw = True
298.8899 	EXP 	fixcross: autoDraw = False
298.8899 	EXP 	fixcross: autoDraw = False
298.8899 	EXP 	stimulusDots: dir = 180.0
298.8899 	EXP 	backgroundDots: autoDraw = True
298.8899 	EXP 	stimulusDots: autoDraw = True
299.4727 	EXP 	New trial (rep=2, index=1): OrderedDict([('direction', 'right'), ('corrAns', 'right')])
299.4746 	DATA 	Keypress: left
299.4806 	EXP 	backgroundDots: autoDraw = False
299.4806 	EXP 	stimulusDots: autoDraw = False
300.6721 	EXP 	fixcross: autoDraw = True
301.4730 	EXP 	fixcross: autoDraw = False
301.4730 	EXP 	fixcross: autoDraw = False
301.4730 	EXP 	stimulusDots: dir = 0.0
301.4730 	EXP 	backgroundDots: autoDraw = True
301.4730 	EXP 	stimulusDots: autoDraw = True
302.1391 	EXP 	New trial (rep=3, index=0): OrderedDict([('direction', 'right'), ('corrAns', 'right')])
302.1411 	DATA 	Keypress: right
302.1472 	EXP 	backgroundDots: autoDraw = False
302.1472 	EXP 	stimulusDots: autoDraw = False
302.4888 	EXP 	fixcross: autoDraw = True
303.2889 	EXP 	fixcross: autoDraw = False
303.2889 	EXP 	fixcross: autoDraw = False
303.2889 	EXP 	stimulusDots: dir = 0.0
303.2889 	EXP 	backgroundDots: autoDraw = True
303.2889 	EXP 	stimulusDots: autoDraw = True
303.9218 	EXP 	New trial (rep=3, index=1): OrderedDict([('direction', 'left'), ('corrAns', 'left')])
303.9238 	DATA 	Keypress: right
303.9300 	EXP 	backgroundDots: autoDraw = False
303.9300 	EXP 	stimulusDots: autoDraw = False
305.1213 	EXP 	fixcross: autoDraw = True
305.9234 	EXP 	fixcross: autoDraw = False
305.9234 	EXP 	fixcross: autoDraw = False
305.9234 	EXP 	stimulusDots: dir = 180.0
305.9234 	EXP 	backgroundDots: autoDraw = True
305.9234 	EXP 	stimulusDots: autoDraw = True
306.4486 	EXP 	New trial (rep=4, index=0): OrderedDict([('direction', 'left'), ('corrAns', 'left')])
306.4505 	DATA 	Keypress: left
306.4549 	EXP 	backgroundDots: autoDraw = False
306.4549 	EXP 	stimulusDots: autoDraw = False
306.5373 	EXP 	fixcross: autoDraw = True
307.3299 	EXP 	fixcross: autoDraw = False
307.3299 	EXP 	fixcross: autoDraw = False
307.3299 	EXP 	stimulusDots: dir = 180.0
307.3299 	EXP 	backgroundDots: autoDraw = True
307.3299 	EXP 	stimulusDots: autoDraw = True
308.0081 	DATA 	Keypress: left
308.0156 	EXP 	New trial (rep=4, index=1): OrderedDict([('direction', 'right'), ('corrAns', 'right')])
308.0205 	EXP 	backgroundDots: autoDraw = False
308.0205 	EXP 	stimulusDots: autoDraw = False
308.8049 	EXP 	fixcross: autoDraw = True
309.5965 	EXP 	fixcross: autoDraw = False
309.5965 	EXP 	fixcross: autoDraw = False
309.5965 	EXP 	stimulusDots: dir = 0.0
309.5965 	EXP 	backgroundDots: autoDraw = True
309.5965 	EXP 	stimulusDots: autoDraw = True
310.3474 	EXP 	backgroundDots: autoDraw = False
310.3719 	EXP 	New trial (rep=5, index=0): OrderedDict([('direction', 'left'), ('corrAns', 'left')])
310.3740 	DATA 	Keypress: left
310.3799 	EXP 	backgroundDots: autoDraw = False
310.3799 	EXP 	stimulusDots: autoDraw = False
310.7226 	EXP 	fixcross: autoDraw = True
311.5242 	EXP 	fixcross: autoDraw = False
311.5242 	EXP 	fixcross: autoDraw = False
311.5242 	EXP 	stimulusDots: dir = 180.0
311.5242 	EXP 	backgroundDots: autoDraw = True
311.5242 	EXP 	stimulusDots: autoDraw = True
312.2346 	DATA 	Keypress: left
312.2415 	EXP 	New trial (rep=5, index=1): OrderedDict([('direction', 'right'), ('corrAns', 'right')])
312.2466 	EXP 	backgroundDots: autoDraw = False
312.2466 	EXP 	stimulusDots: autoDraw = False
313.4384 	EXP 	fixcross: autoDraw = True
314.2300 	EXP 	fixcross: autoDraw = False
314.2300 	EXP 	fixcross: autoDraw = False
314.2300 	EXP 	stimulusDots: dir = 0.0
314.2300 	EXP 	backgroundDots: autoDraw = True
314.2300 	EXP 	stimulusDots: autoDraw = True
314.8553 	EXP 	New trial (rep=6, index=0): OrderedDict([('direction', 'left'), ('corrAns', 'left')])
314.8572 	DATA 	Keypress: right
314.8633 	EXP 	backgroundDots: autoDraw = False
314.8633 	EXP 	stimulusDots: autoDraw = False
314.9537 	EXP 	fixcross: autoDraw = True
315.7461 	EXP 	fixcross: autoDraw = False
315.7461 	EXP 	fixcross: autoDraw = False
315.7461 	EXP 	stimulusDots: dir = 180.0
315.7461 	EXP 	backgroundDots: autoDraw = True
315.7461 	EXP 	stimulusDots: autoDraw = True
316.4973 	EXP 	backgroundDots: autoDraw = False
316.5156 	EXP 	New trial (rep=6, index=1): OrderedDict([('direction', 'right'), ('corrAns', 'right')])
316.5178 	DATA 	Keypress: left
316.5228 	EXP 	backgroundDots: autoDraw = False
316.5228 	EXP 	stimulusDots: autoDraw = False
316.6139 	EXP 	fixcross: autoDraw = True
317.4060 	EXP 	fixcross: autoDraw = False
317.4060 	EXP 	fixcross: autoDraw = False
317.4060 	EXP 	stimulusDots: dir = 0.0
317.4060 	EXP 	backgroundDots: autoDraw = True
317.4060 	EXP 	stimulusDots: autoDraw = True
318.1532 	EXP 	backgroundDots: autoDraw = False
318.1547 	EXP 	New trial (rep=7, index=0): OrderedDict([('direction', 'right'), ('corrAns', 'right')])
318.1567 	DATA 	Keypress: left
318.1638 	EXP 	backgroundDots: autoDraw = False
318.1638 	EXP 	stimulusDots: autoDraw = False
318.9470 	EXP 	fixcross: autoDraw = True
319.7394 	EXP 	fixcross: autoDraw = False
319.7394 	EXP 	fixcross: autoDraw = False
319.7394 	EXP 	stimulusDots: dir = 0.0
319.7394 	EXP 	backgroundDots: autoDraw = True
319.7394 	EXP 	stimulusDots: autoDraw = True
320.2346 	DATA 	Keypress: left
320.2417 	EXP 	New trial (rep=7, index=1): OrderedDict([('direction', 'left'), ('corrAns', 'left')])
320.2472 	EXP 	backgroundDots: autoDraw = False
320.2472 	EXP 	stimulusDots: autoDraw = False
320.5876 	EXP 	fixcross: autoDraw = True
321.3803 	EXP 	fixcross: autoDraw = False
321.3803 	EXP 	fixcross: autoDraw = False
321.3803 	EXP 	stimulusDots: dir = 180.0
321.3803 	EXP 	backgroundDots: autoDraw = True
321.3803 	EXP 	stimulusDots: autoDraw = True
321.9375 	EXP 	New trial (rep=8, index=0): OrderedDict([('direction', 'left'), ('corrAns', 'left')])
321.9389 	DATA 	Keypress: left
321.9464 	EXP 	backgroundDots: autoDraw = False
321.9464 	EXP 	stimulusDots: autoDraw = False
322.2804 	EXP 	fixcross: autoDraw = True
323.0726 	EXP 	fixcross: autoDraw = False
323.0726 	EXP 	fixcross: autoDraw = False
323.0726 	EXP 	stimulusDots: dir = 180.0
323.0726 	EXP 	backgroundDots: autoDraw = True
323.0726 	EXP 	stimulusDots: autoDraw = True
323.6892 	EXP 	New trial (rep=8, index=1): OrderedDict([('direction', 'right'), ('corrAns', 'right')])
323.6912 	DATA 	Keypress: left
323.6969 	EXP 	backgroundDots: autoDraw = False
323.6969 	EXP 	stimulusDots: autoDraw = False
324.0386 	EXP 	fixcross: autoDraw = True
324.8396 	EXP 	fixcross: autoDraw = False
324.8396 	EXP 	fixcross: autoDraw = False
324.8396 	EXP 	stimulusDots: dir = 0.0
324.8396 	EXP 	backgroundDots: autoDraw = True
324.8396 	EXP 	stimulusDots: autoDraw = True
325.4551 	EXP 	New trial (rep=9, index=0): OrderedDict([('direction', 'left'), ('corrAns', 'left')])
325.4570 	DATA 	Keypress: left
325.4636 	EXP 	backgroundDots: autoDraw = False
325.4636 	EXP 	stimulusDots: autoDraw = False
325.8059 	EXP 	fixcross: autoDraw = True
326.6061 	EXP 	fixcross: autoDraw = False
326.6061 	EXP 	fixcross: autoDraw = False
326.6061 	EXP 	stimulusDots: dir = 180.0
326.6061 	EXP 	backgroundDots: autoDraw = True
326.6061 	EXP 	stimulusDots: autoDraw = True
327.2892 	EXP 	New trial (rep=9, index=1): OrderedDict([('direction', 'right'), ('corrAns', 'right')])
327.2911 	DATA 	Keypress: left
327.2965 	EXP 	backgroundDots: autoDraw = False
327.2965 	EXP 	stimulusDots: autoDraw = False
327.6378 	EXP 	fixcross: autoDraw = True
328.4399 	EXP 	fixcross: autoDraw = False
328.4399 	EXP 	fixcross: autoDraw = False
328.4399 	EXP 	stimulusDots: dir = 0.0
328.4399 	EXP 	backgroundDots: autoDraw = True
328.4399 	EXP 	stimulusDots: autoDraw = True
329.0003 	DATA 	Keypress: left
329.0072 	EXP 	New trial (rep=10, index=0): OrderedDict([('direction', 'right'), ('corrAns', 'right')])
329.0126 	EXP 	backgroundDots: autoDraw = False
329.0126 	EXP 	stimulusDots: autoDraw = False
330.2051 	EXP 	fixcross: autoDraw = True
331.0061 	EXP 	fixcross: autoDraw = False
331.0061 	EXP 	fixcross: autoDraw = False
331.0061 	EXP 	stimulusDots: dir = 0.0
331.0061 	EXP 	backgroundDots: autoDraw = True
331.0061 	EXP 	stimulusDots: autoDraw = True
331.7530 	EXP 	backgroundDots: autoDraw = False
332.0488 	EXP 	New trial (rep=10, index=1): OrderedDict([('direction', 'left'), ('corrAns', 'left')])
332.0514 	DATA 	Keypress: right
332.0559 	EXP 	backgroundDots: autoDraw = False
332.0559 	EXP 	stimulusDots: autoDraw = False
332.1469 	EXP 	fixcross: autoDraw = True
332.9393 	EXP 	fixcross: autoDraw = False
332.9393 	EXP 	fixcross: autoDraw = False
332.9393 	EXP 	stimulusDots: dir = 180.0
332.9393 	EXP 	backgroundDots: autoDraw = True
332.9393 	EXP 	stimulusDots: autoDraw = True
333.6389 	EXP 	New trial (rep=11, index=0): OrderedDict([('direction', 'left'), ('corrAns', 'left')])
333.6408 	DATA 	Keypress: left
333.6469 	EXP 	backgroundDots: autoDraw = False
333.6469 	EXP 	stimulusDots: autoDraw = False
334.4378 	EXP 	fixcross: autoDraw = True
335.2401 	EXP 	fixcross: autoDraw = False
335.2401 	EXP 	fixcross: autoDraw = False
335.2401 	EXP 	stimulusDots: dir = 180.0
335.2401 	EXP 	backgroundDots: autoDraw = True
335.2401 	EXP 	stimulusDots: autoDraw = True
335.9143 	EXP 	New trial (rep=11, index=1): OrderedDict([('direction', 'right'), ('corrAns', 'right')])
335.9163 	DATA 	Keypress: left
335.9208 	EXP 	backgroundDots: autoDraw = False
335.9208 	EXP 	stimulusDots: autoDraw = False
336.0036 	EXP 	fixcross: autoDraw = True
336.7969 	EXP 	fixcross: autoDraw = False
336.7969 	EXP 	fixcross: autoDraw = False
336.7969 	EXP 	stimulusDots: dir = 0.0
336.7969 	EXP 	backgroundDots: autoDraw = True
336.7969 	EXP 	stimulusDots: autoDraw = True
337.4980 	EXP 	New trial (rep=12, index=0): OrderedDict([('direction', 'left'), ('corrAns', 'left')])
337.5001 	DATA 	Keypress: left
337.5044 	EXP 	backgroundDots: autoDraw = False
337.5044 	EXP 	stimulusDots: autoDraw = False
337.5871 	EXP 	fixcross: autoDraw = True
338.3798 	EXP 	fixcross: autoDraw = False
338.3798 	EXP 	fixcross: autoDraw = False
338.3798 	EXP 	stimulusDots: dir = 180.0
338.3798 	EXP 	backgroundDots: autoDraw = True
338.3798 	EXP 	stimulusDots: autoDraw = True
339.0718 	EXP 	New trial (rep=12, index=1): OrderedDict([('direction', 'right'), ('corrAns', 'right')])
339.0737 	DATA 	Keypress: left
339.0797 	EXP 	backgroundDots: autoDraw = False
339.0797 	EXP 	stimulusDots: autoDraw = False
339.8716 	EXP 	fixcross: autoDraw = True
340.6736 	EXP 	fixcross: autoDraw = False
340.6736 	EXP 	fixcross: autoDraw = False
340.6736 	EXP 	stimulusDots: dir = 0.0
340.6736 	EXP 	backgroundDots: autoDraw = True
340.6736 	EXP 	stimulusDots: autoDraw = True
341.3151 	EXP 	New trial (rep=13, index=0): OrderedDict([('direction', 'left'), ('corrAns', 'left')])
341.3170 	DATA 	Keypress: right
341.3218 	EXP 	backgroundDots: autoDraw = False
341.3218 	EXP 	stimulusDots: autoDraw = False
342.5049 	EXP 	fixcross: autoDraw = True
343.3062 	EXP 	fixcross: autoDraw = False
343.3062 	EXP 	fixcross: autoDraw = False
343.3062 	EXP 	stimulusDots: dir = 180.0
343.3062 	EXP 	backgroundDots: autoDraw = True
343.3062 	EXP 	stimulusDots: autoDraw = True
343.9842 	DATA 	Keypress: right
343.9914 	EXP 	New trial (rep=13, index=1): OrderedDict([('direction', 'right'), ('corrAns', 'right')])
343.9967 	EXP 	backgroundDots: autoDraw = False
343.9967 	EXP 	stimulusDots: autoDraw = False
345.1875 	EXP 	fixcross: autoDraw = True
345.9901 	EXP 	fixcross: autoDraw = False
345.9901 	EXP 	fixcross: autoDraw = False
345.9901 	EXP 	stimulusDots: dir = 0.0
345.9901 	EXP 	backgroundDots: autoDraw = True
345.9901 	EXP 	stimulusDots: autoDraw = True
346.6074 	DATA 	Keypress: left
346.6145 	EXP 	New trial (rep=14, index=0): OrderedDict([('direction', 'left'), ('corrAns', 'left')])
346.6198 	EXP 	backgroundDots: autoDraw = False
346.6198 	EXP 	stimulusDots: autoDraw = False
346.9553 	EXP 	fixcross: autoDraw = True
347.7565 	EXP 	fixcross: autoDraw = False
347.7565 	EXP 	fixcross: autoDraw = False
347.7565 	EXP 	stimulusDots: dir = 180.0
347.7565 	EXP 	backgroundDots: autoDraw = True
347.7565 	EXP 	stimulusDots: autoDraw = True
348.5028 	EXP 	backgroundDots: autoDraw = False
348.6884 	EXP 	New trial (rep=14, index=1): OrderedDict([('direction', 'right'), ('corrAns', 'right')])
348.6905 	DATA 	Keypress: right
348.6968 	EXP 	backgroundDots: autoDraw = False
348.6968 	EXP 	stimulusDots: autoDraw = False
349.0377 	EXP 	fixcross: autoDraw = True
349.8294 	EXP 	fixcross: autoDraw = False
349.8294 	EXP 	fixcross: autoDraw = False
349.8294 	EXP 	stimulusDots: dir = 0.0
349.8294 	EXP 	backgroundDots: autoDraw = True
349.8294 	EXP 	stimulusDots: autoDraw = True
350.5804 	EXP 	backgroundDots: autoDraw = False
350.6655 	EXP 	New trial (rep=15, index=0): OrderedDict([('direction', 'right'), ('corrAns', 'right')])
350.6678 	DATA 	Keypress: right
350.6723 	EXP 	backgroundDots: autoDraw = False
350.6723 	EXP 	stimulusDots: autoDraw = False
351.4637 	EXP 	fixcross: autoDraw = True
352.2560 	EXP 	fixcross: autoDraw = False
352.2560 	EXP 	fixcross: autoDraw = False
352.2560 	EXP 	stimulusDots: dir = 0.0
352.2560 	EXP 	backgroundDots: autoDraw = True
352.2560 	EXP 	stimulusDots: autoDraw = True
352.7814 	EXP 	New trial (rep=15, index=1): OrderedDict([('direction', 'left'), ('corrAns', 'left')])
352.7835 	DATA 	Keypress: left
352.7884 	EXP 	backgroundDots: autoDraw = False
352.7884 	EXP 	stimulusDots: autoDraw = False
353.1219 	EXP 	fixcross: autoDraw = True
353.9224 	EXP 	fixcross: autoDraw = False
353.9224 	EXP 	fixcross: autoDraw = False
353.9224 	EXP 	stimulusDots: dir = 180.0
353.9224 	EXP 	backgroundDots: autoDraw = True
353.9224 	EXP 	stimulusDots: autoDraw = True
354.6693 	EXP 	backgroundDots: autoDraw = False
354.6882 	EXP 	New trial (rep=16, index=0): OrderedDict([('direction', 'left'), ('corrAns', 'left')])
354.6904 	DATA 	Keypress: right
354.6968 	EXP 	backgroundDots: autoDraw = False
354.6968 	EXP 	stimulusDots: autoDraw = False
355.8879 	EXP 	fixcross: autoDraw = True
356.6891 	EXP 	fixcross: autoDraw = False
356.6891 	EXP 	fixcross: autoDraw = False
356.6891 	EXP 	stimulusDots: dir = 180.0
356.6891 	EXP 	backgroundDots: autoDraw = True
356.6891 	EXP 	stimulusDots: autoDraw = True
357.1057 	EXP 	New trial (rep=16, index=1): OrderedDict([('direction', 'right'), ('corrAns', 'right')])
357.1077 	DATA 	Keypress: left
357.1124 	EXP 	backgroundDots: autoDraw = False
357.1124 	EXP 	stimulusDots: autoDraw = False
357.4551 	EXP 	fixcross: autoDraw = True
358.2565 	EXP 	fixcross: autoDraw = False
358.2565 	EXP 	fixcross: autoDraw = False
358.2565 	EXP 	stimulusDots: dir = 0.0
358.2565 	EXP 	backgroundDots: autoDraw = True
358.2565 	EXP 	stimulusDots: autoDraw = True
358.9150 	EXP 	New trial (rep=17, index=0): OrderedDict([('direction', 'left'), ('corrAns', 'left')])
358.9177 	DATA 	Keypress: left
358.9227 	EXP 	backgroundDots: autoDraw = False
358.9227 	EXP 	stimulusDots: autoDraw = False
359.7134 	EXP 	fixcross: autoDraw = True
360.5055 	EXP 	fixcross: autoDraw = False
360.5055 	EXP 	fixcross: autoDraw = False
360.5055 	EXP 	stimulusDots: dir = 180.0
360.5055 	EXP 	backgroundDots: autoDraw = True
360.5055 	EXP 	stimulusDots: autoDraw = True
361.2526 	EXP 	backgroundDots: autoDraw = False
361.3319 	EXP 	New trial (rep=17, index=1): OrderedDict([('direction', 'right'), ('corrAns', 'right')])
361.3342 	DATA 	Keypress: left
361.3390 	EXP 	backgroundDots: autoDraw = False
361.3390 	EXP 	stimulusDots: autoDraw = False
361.4304 	EXP 	fixcross: autoDraw = True
362.2226 	EXP 	fixcross: autoDraw = False
362.2226 	EXP 	fixcross: autoDraw = False
362.2226 	EXP 	stimulusDots: dir = 0.0
362.2226 	EXP 	backgroundDots: autoDraw = True
362.2226 	EXP 	stimulusDots: autoDraw = True
362.9478 	EXP 	New trial (rep=18, index=0): OrderedDict([('direction', 'right'), ('corrAns', 'right')])
362.9499 	DATA 	Keypress: right
362.9547 	EXP 	backgroundDots: autoDraw = False
362.9547 	EXP 	stimulusDots: autoDraw = False
363.0367 	EXP 	fixcross: autoDraw = True
363.8300 	EXP 	fixcross: autoDraw = False
363.8300 	EXP 	fixcross: autoDraw = False
363.8300 	EXP 	stimulusDots: dir = 0.0
363.8300 	EXP 	backgroundDots: autoDraw = True
363.8300 	EXP 	stimulusDots: autoDraw = True
364.5803 	EXP 	backgroundDots: autoDraw = False
364.5821 	EXP 	New trial (rep=18, index=1): OrderedDict([('direction', 'left'), ('corrAns', 'left')])
364.5840 	DATA 	Keypress: left
364.5886 	EXP 	backgroundDots: autoDraw = False
364.5886 	EXP 	stimulusDots: autoDraw = False
365.3804 	EXP 	fixcross: autoDraw = True
366.1729 	EXP 	fixcross: autoDraw = False
366.1729 	EXP 	fixcross: autoDraw = False
366.1729 	EXP 	stimulusDots: dir = 180.0
366.1729 	EXP 	backgroundDots: autoDraw = True
366.1729 	EXP 	stimulusDots: autoDraw = True
366.9193 	EXP 	backgroundDots: autoDraw = False
366.9382 	EXP 	New trial (rep=19, index=0): OrderedDict([('direction', 'right'), ('corrAns', 'right')])
366.9402 	DATA 	Keypress: left
366.9461 	EXP 	backgroundDots: autoDraw = False
366.9461 	EXP 	stimulusDots: autoDraw = False
367.2883 	EXP 	fixcross: autoDraw = True
368.0896 	EXP 	fixcross: autoDraw = False
368.0896 	EXP 	fixcross: autoDraw = False
368.0896 	EXP 	stimulusDots: dir = 0.0
368.0896 	EXP 	backgroundDots: autoDraw = True
368.0896 	EXP 	stimulusDots: autoDraw = True
368.7553 	EXP 	New trial (rep=19, index=1): OrderedDict([('direction', 'left'), ('corrAns', 'left')])
368.7572 	DATA 	Keypress: right
368.7634 	EXP 	backgroundDots: autoDraw = False
368.7634 	EXP 	stimulusDots: autoDraw = False
369.9540 	EXP 	fixcross: autoDraw = True
370.7467 	EXP 	fixcross: autoDraw = False
370.7467 	EXP 	fixcross: autoDraw = False
370.7467 	EXP 	stimulusDots: dir = 180.0
370.7467 	EXP 	backgroundDots: autoDraw = True
370.7467 	EXP 	stimulusDots: autoDraw = True
371.3005 	DATA 	Keypress: left
371.3056 	EXP 	backgroundDots: autoDraw = False
371.3056 	EXP 	stimulusDots: autoDraw = False
371.3056 	EXP 	goodbye_text: autoDraw = True
376.3021 	EXP 	goodbye_text: autoDraw = False
376.3021 	EXP 	goodbye_text: autoDraw = False
376.3023 	EXP 	random_dot: status = STOPPED
376.3485 	DATA 	Keypress: space
376.3741 	EXP 	window1: mouseVisible = True
