1.9364 	ERROR 	Support for the `sounddevice` audio backend is not available this session. Please install `psychopy-sounddevice` and restart the session to enable support.
5.8111 	EXP 	Created window1 = Window(allowGUI=True, allowStencil=False, autoLog=True, backendConf=UNKNOWN, backgroundFit=<method-wrapper '__getattribute__' of attributeSetter object at 0x000001C1ABEB8F10>, backgroundImage=<method-wrapper '__getattribute__' of attributeSetter object at 0x000001C1ABEB8EB0>, bitsMode=UNKNOWN, blendMode='avg', bpc=(8, 8, 8), color=array([0, 0, 0]), colorSpace='rgb', depthBits=8, fullscr=<method-wrapper '__getattribute__' of attributeSetter object at 0x000001C1ABEB8CD0>, gamma=None, gammaErrorPolicy='raise', lms=UNKNOWN, monitor=<psychopy.monitors.calibTools.Monitor object at 0x000001C1AC23F9D0>, multiSample=False, name='window1', numSamples=2, pos=(0, 0), screen=0, size=array([1920, 1200]), stencilBits=0, stereo=False, title='PsychoPy', units='height', useFBO=True, useRetina=False, viewOri=0.0, viewPos=None, viewScale=None, waitBlanking=True, winType='pyglet')
5.8112 	EXP 	window1: mouseVisible = True
5.8112 	EXP 	window1: backgroundImage = ''
5.8112 	EXP 	window1: backgroundFit = 'none'
5.8124 	EXP 	window1: Attempting to measure frame rate of screen (0) ...
5.8125 	EXP 	window1: recordFrameIntervals = False
5.9780 	EXP 	window1: recordFrameIntervals = True
6.1616 	EXP 	Screen (0) actual frame rate measured at 59.93Hz
6.1616 	EXP 	window1: recordFrameIntervals = False
6.1617 	EXP 	window1: mouseVisible = False
7.5643 	EXP 	random_dot: status = STARTED
7.5651 	EXP 	window1: mouseVisible = True
7.6189 	EXP 	Created textInstr = TextStim(__class__=<class 'psychopy.visual.text.TextStim'>, alignHoriz=method-wrapper(...), alignText='center', alignVert=method-wrapper(...), anchorHoriz='center', anchorVert='center', antialias=True, autoDraw=False, autoLog=True, bold=False, color=array([1., 1., 1.]), colorSpace='rgb', contrast=1.0, depth=0.0, draggable=False, flipHoriz=False, flipVert=False, font='Open Sans', fontFiles=[], height=0.03, italic=False, languageStyle='LTR', name='textInstr', opacity=1.0, ori=0.0, pos=array([0., 0.]), rgb=UNKNOWN, text=str(...), units='height', win=Window(...), wrapWidth=1)
7.6194 	EXP 	window1: mouseVisible = True
7.6225 	EXP 	Created fixcross = TextStim(__class__=<class 'psychopy.visual.text.TextStim'>, alignHoriz=method-wrapper(...), alignText='center', alignVert=method-wrapper(...), anchorHoriz='center', anchorVert='center', antialias=True, autoDraw=False, autoLog=True, bold=False, color=array([1., 1., 1.]), colorSpace='rgb', contrast=1.0, depth=-1.0, draggable=False, flipHoriz=False, flipVert=False, font='Open Sans', fontFiles=[], height=0.08, italic=False, languageStyle='LTR', name='fixcross', opacity=1.0, ori=0.0, pos=array([0., 0.]), rgb=UNKNOWN, text='+', units='height', win=Window(...), wrapWidth=1)
7.6226 	EXP 	window1: mouseVisible = True
7.6255 	EXP 	Created backgroundDots = ShapeStim(__class__=<class 'psychopy.visual.shape.ShapeStim'>, anchor=('center', 'center'), autoDraw=False, autoLog=True, closeShape=True, color=method-wrapper(...), colorSpace='rgb', contrast=None, depth=-1.0, draggable=False, fillColor=array([-1, -1, -1]), fillColorSpace='rgb', fillRGB=array([-1, -1, -1]), interpolate=True, lineColor=array([-1., -1., -1.]), lineColorSpace='rgb', lineRGB=array([-1, -1, -1]), lineWidth=1.0, name='backgroundDots', opacity=1.0, ori=0.0, pos=array([0., 0.]), size=array([0.75, 0.75]), units='height', vertices=ndarray(...), win=Window(...), windingRule=None)
7.6270 	EXP 	Created stimulusDots = DotStim(__class__=<class 'psychopy.visual.dot.DotStim'>, autoLog=True, coherence=0.08, color=array([1., 1., 1.]), colorSpace='rgb', contrast=1.0, depth=-2.0, dir=1.0, dotLife=3.0, dotSize=10.0, element=None, fieldAnchor=UNKNOWN, fieldPos=array([0., 0.]), fieldShape='circle', fieldSize=array([0.75, 0.75]), nDots=250, name='stimulusDots', noiseDots='walk', opacity=1.0, rgb=UNKNOWN, signalDots='same', speed=0.0125, units='height', win=Window(...))
7.6270 	EXP 	window1: mouseVisible = True
7.6283 	EXP 	Created textFeedback = TextStim(__class__=<class 'psychopy.visual.text.TextStim'>, alignHoriz=method-wrapper(...), alignText='center', alignVert=method-wrapper(...), anchorHoriz='center', anchorVert='center', antialias=True, autoDraw=False, autoLog=True, bold=False, color=array([1., 1., 1.]), colorSpace='rgb', contrast=1.0, depth=-1.0, draggable=False, flipHoriz=False, flipVert=False, font='Open Sans', fontFiles=[], height=0.07, italic=False, languageStyle='LTR', name='textFeedback', opacity=1.0, ori=0.0, pos=array([0., 0.]), rgb=UNKNOWN, text='', units='height', win=Window(...), wrapWidth=1)
7.6284 	EXP 	window1: mouseVisible = True
7.6292 	EXP 	Created textInst1 = TextStim(__class__=<class 'psychopy.visual.text.TextStim'>, alignHoriz=method-wrapper(...), alignText='center', alignVert=method-wrapper(...), anchorHoriz='center', anchorVert='center', antialias=True, autoDraw=False, autoLog=True, bold=False, color=array([1., 1., 1.]), colorSpace='rgb', contrast=1.0, depth=-1.0, draggable=False, flipHoriz=False, flipVert=False, font='Open Sans', fontFiles=[], height=0.03, italic=False, languageStyle='LTR', name='textInst1', opacity=1.0, ori=0.0, pos=array([0., 0.]), rgb=UNKNOWN, text='', units='height', win=Window(...), wrapWidth=1)
7.6293 	EXP 	window1: mouseVisible = True
7.6318 	EXP 	Created fixcross = TextStim(__class__=<class 'psychopy.visual.text.TextStim'>, alignHoriz=method-wrapper(...), alignText='center', alignVert=method-wrapper(...), anchorHoriz='center', anchorVert='center', antialias=True, autoDraw=False, autoLog=True, bold=False, color=array([1., 1., 1.]), colorSpace='rgb', contrast=1.0, depth=-1.0, draggable=False, flipHoriz=False, flipVert=False, font='Open Sans', fontFiles=[], height=0.08, italic=False, languageStyle='LTR', name='fixcross', opacity=1.0, ori=0.0, pos=array([0., 0.]), rgb=UNKNOWN, text='+', units='height', win=Window(...), wrapWidth=1)
7.6319 	EXP 	window1: mouseVisible = True
7.6350 	EXP 	Created backgroundDots = ShapeStim(__class__=<class 'psychopy.visual.shape.ShapeStim'>, anchor=('center', 'center'), autoDraw=False, autoLog=True, closeShape=True, color=method-wrapper(...), colorSpace='rgb', contrast=None, depth=-1.0, draggable=False, fillColor=array([-1, -1, -1]), fillColorSpace='rgb', fillRGB=array([-1, -1, -1]), interpolate=True, lineColor=array([-1., -1., -1.]), lineColorSpace='rgb', lineRGB=array([-1, -1, -1]), lineWidth=1.0, name='backgroundDots', opacity=1.0, ori=0.0, pos=array([0., 0.]), size=array([0.75, 0.75]), units='height', vertices=ndarray(...), win=Window(...), windingRule=None)
7.6359 	EXP 	Created stimulusDots = DotStim(__class__=<class 'psychopy.visual.dot.DotStim'>, autoLog=True, coherence=0.08, color=array([1., 1., 1.]), colorSpace='rgb', contrast=1.0, depth=-2.0, dir=1.0, dotLife=3.0, dotSize=10.0, element=None, fieldAnchor=UNKNOWN, fieldPos=array([0., 0.]), fieldShape='circle', fieldSize=array([0.75, 0.75]), nDots=250, name='stimulusDots', noiseDots='walk', opacity=1.0, rgb=UNKNOWN, signalDots='same', speed=0.0125, units='height', win=Window(...))
7.6360 	EXP 	window1: mouseVisible = True
7.6370 	EXP 	Created textInstr2 = TextStim(__class__=<class 'psychopy.visual.text.TextStim'>, alignHoriz=method-wrapper(...), alignText='center', alignVert=method-wrapper(...), anchorHoriz='center', anchorVert='center', antialias=True, autoDraw=False, autoLog=True, bold=False, color=array([1., 1., 1.]), colorSpace='rgb', contrast=1.0, depth=-1.0, draggable=False, flipHoriz=False, flipVert=False, font='Open Sans', fontFiles=[], height=0.03, italic=False, languageStyle='LTR', name='textInstr2', opacity=1.0, ori=0.0, pos=array([0., 0.]), rgb=UNKNOWN, text='', units='height', win=Window(...), wrapWidth=1)
7.6370 	EXP 	window1: mouseVisible = True
7.6388 	EXP 	Created fixcross = TextStim(__class__=<class 'psychopy.visual.text.TextStim'>, alignHoriz=method-wrapper(...), alignText='center', alignVert=method-wrapper(...), anchorHoriz='center', anchorVert='center', antialias=True, autoDraw=False, autoLog=True, bold=False, color=array([1., 1., 1.]), colorSpace='rgb', contrast=1.0, depth=-1.0, draggable=False, flipHoriz=False, flipVert=False, font='Open Sans', fontFiles=[], height=0.08, italic=False, languageStyle='LTR', name='fixcross', opacity=1.0, ori=0.0, pos=array([0., 0.]), rgb=UNKNOWN, text='+', units='height', win=Window(...), wrapWidth=1)
7.6389 	EXP 	window1: mouseVisible = True
7.6416 	EXP 	Created backgroundDots = ShapeStim(__class__=<class 'psychopy.visual.shape.ShapeStim'>, anchor=('center', 'center'), autoDraw=False, autoLog=True, closeShape=True, color=method-wrapper(...), colorSpace='rgb', contrast=None, depth=-1.0, draggable=False, fillColor=array([-1, -1, -1]), fillColorSpace='rgb', fillRGB=array([-1, -1, -1]), interpolate=True, lineColor=array([-1., -1., -1.]), lineColorSpace='rgb', lineRGB=array([-1, -1, -1]), lineWidth=1.0, name='backgroundDots', opacity=1.0, ori=0.0, pos=array([0., 0.]), size=array([0.75, 0.75]), units='height', vertices=ndarray(...), win=Window(...), windingRule=None)
7.6425 	EXP 	Created stimulusDots = DotStim(__class__=<class 'psychopy.visual.dot.DotStim'>, autoLog=True, coherence=0.08, color=array([1., 1., 1.]), colorSpace='rgb', contrast=1.0, depth=-2.0, dir=1.0, dotLife=3.0, dotSize=10.0, element=None, fieldAnchor=UNKNOWN, fieldPos=array([0., 0.]), fieldShape='circle', fieldSize=array([0.75, 0.75]), nDots=250, name='stimulusDots', noiseDots='walk', opacity=1.0, rgb=UNKNOWN, signalDots='same', speed=0.0125, units='height', win=Window(...))
7.6426 	EXP 	window1: mouseVisible = True
7.6552 	EXP 	Created goodbye_text = TextStim(__class__=<class 'psychopy.visual.text.TextStim'>, alignHoriz=method-wrapper(...), alignText='center', alignVert=method-wrapper(...), anchorHoriz='center', anchorVert='center', antialias=True, autoDraw=False, autoLog=True, bold=False, color=array([1., 1., 1.]), colorSpace='rgb', contrast=1.0, depth=0.0, draggable=False, flipHoriz=False, flipVert=False, font='Open Sans', fontFiles=[], height=0.03, italic=False, languageStyle='LTR', name='goodbye_text', opacity=1.0, ori=0.0, pos=array([0., 0.]), rgb=UNKNOWN, text=str(...), units='height', win=Window(...), wrapWidth=1)
0.0583 	EXP 	textInstr: autoDraw = True
26.7050 	EXP 	Imported random_dot_conditions.csv as conditions, 2 conditions, 2 params
26.7053 	EXP 	Created sequence: random, trialTypes=2, nReps=10, seed=None
26.7054 	EXP 	New trial (rep=0, index=0): OrderedDict([('direction', 'left'), ('corrAns', 'left')])
26.7135 	EXP 	textInstr: autoDraw = False
27.0638 	EXP 	fixcross: autoDraw = True
27.8661 	EXP 	fixcross: autoDraw = False
27.8661 	EXP 	fixcross: autoDraw = False
27.8661 	EXP 	stimulusDots: dir = 180.0
27.8661 	EXP 	backgroundDots: autoDraw = True
27.8661 	EXP 	stimulusDots: autoDraw = True
29.0320 	EXP 	backgroundDots: autoDraw = False
29.0320 	EXP 	stimulusDots: autoDraw = False
29.0320 	EXP 	textFeedback: height = 0.07
29.0320 	EXP 	textFeedback: height = 0.07
29.0320 	EXP 	textFeedback: height = 0.07
29.0320 	EXP 	textFeedback: text = 'falsch'
29.0320 	EXP 	textFeedback: autoDraw = True
29.5178 	EXP 	New trial (rep=0, index=1): OrderedDict([('direction', 'right'), ('corrAns', 'right')])
29.5342 	EXP 	textFeedback: autoDraw = False
29.6176 	EXP 	fixcross: autoDraw = True
30.4182 	EXP 	fixcross: autoDraw = False
30.4182 	EXP 	fixcross: autoDraw = False
30.4182 	EXP 	stimulusDots: dir = 0.0
30.4182 	EXP 	backgroundDots: autoDraw = True
30.4182 	EXP 	stimulusDots: autoDraw = True
31.1171 	EXP 	backgroundDots: autoDraw = False
31.1171 	EXP 	stimulusDots: autoDraw = False
31.1171 	EXP 	textFeedback: height = 0.07
31.1171 	EXP 	textFeedback: height = 0.07
31.1171 	EXP 	textFeedback: height = 0.07
31.1171 	EXP 	textFeedback: text = 'richtig'
31.1171 	EXP 	textFeedback: autoDraw = True
31.6031 	EXP 	New trial (rep=1, index=0): OrderedDict([('direction', 'left'), ('corrAns', 'left')])
31.6193 	EXP 	textFeedback: autoDraw = False
31.6193 	EXP 	textFeedback: autoDraw = False
32.8036 	EXP 	fixcross: autoDraw = True
33.6026 	EXP 	fixcross: autoDraw = False
33.6026 	EXP 	fixcross: autoDraw = False
33.6026 	EXP 	stimulusDots: dir = 180.0
33.6026 	EXP 	backgroundDots: autoDraw = True
33.6026 	EXP 	stimulusDots: autoDraw = True
34.3698 	EXP 	backgroundDots: autoDraw = False
34.3698 	EXP 	stimulusDots: autoDraw = False
34.3698 	EXP 	textFeedback: height = 0.07
34.3698 	EXP 	textFeedback: height = 0.07
34.3698 	EXP 	textFeedback: height = 0.07
34.3698 	EXP 	textFeedback: text = 'falsch'
34.3698 	EXP 	textFeedback: autoDraw = True
34.8543 	EXP 	New trial (rep=1, index=1): OrderedDict([('direction', 'right'), ('corrAns', 'right')])
34.8703 	EXP 	textFeedback: autoDraw = False
34.8703 	EXP 	textFeedback: autoDraw = False
35.2039 	EXP 	fixcross: autoDraw = True
36.0061 	EXP 	fixcross: autoDraw = False
36.0061 	EXP 	fixcross: autoDraw = False
36.0061 	EXP 	stimulusDots: dir = 0.0
36.0061 	EXP 	backgroundDots: autoDraw = True
36.0061 	EXP 	stimulusDots: autoDraw = True
36.6901 	EXP 	backgroundDots: autoDraw = False
36.6901 	EXP 	stimulusDots: autoDraw = False
36.6901 	EXP 	textFeedback: text = 'falsch'
36.6901 	EXP 	textFeedback: autoDraw = True
37.1741 	EXP 	New trial (rep=2, index=0): OrderedDict([('direction', 'left'), ('corrAns', 'left')])
37.1905 	EXP 	textFeedback: autoDraw = False
37.9744 	EXP 	fixcross: autoDraw = True
38.7752 	EXP 	fixcross: autoDraw = False
38.7752 	EXP 	fixcross: autoDraw = False
38.7752 	EXP 	stimulusDots: dir = 180.0
38.7752 	EXP 	backgroundDots: autoDraw = True
38.7752 	EXP 	stimulusDots: autoDraw = True
39.4406 	EXP 	backgroundDots: autoDraw = False
39.4406 	EXP 	stimulusDots: autoDraw = False
39.4406 	EXP 	textFeedback: text = 'falsch'
39.4406 	EXP 	textFeedback: autoDraw = True
39.9249 	EXP 	New trial (rep=2, index=1): OrderedDict([('direction', 'right'), ('corrAns', 'right')])
39.9427 	EXP 	textFeedback: autoDraw = False
39.9427 	EXP 	textFeedback: autoDraw = False
41.1271 	EXP 	fixcross: autoDraw = True
41.9277 	EXP 	fixcross: autoDraw = False
41.9277 	EXP 	fixcross: autoDraw = False
41.9277 	EXP 	stimulusDots: dir = 0.0
41.9277 	EXP 	backgroundDots: autoDraw = True
41.9277 	EXP 	stimulusDots: autoDraw = True
42.6434 	EXP 	backgroundDots: autoDraw = False
42.6434 	EXP 	stimulusDots: autoDraw = False
42.6434 	EXP 	textFeedback: height = 0.07
42.6434 	EXP 	textFeedback: height = 0.07
42.6434 	EXP 	textFeedback: height = 0.07
42.6434 	EXP 	textFeedback: text = 'richtig'
42.6434 	EXP 	textFeedback: autoDraw = True
43.1290 	EXP 	New trial (rep=3, index=0): OrderedDict([('direction', 'right'), ('corrAns', 'right')])
43.1438 	EXP 	textFeedback: autoDraw = False
43.4774 	EXP 	fixcross: autoDraw = True
44.2780 	EXP 	fixcross: autoDraw = False
44.2780 	EXP 	fixcross: autoDraw = False
44.2780 	EXP 	stimulusDots: dir = 0.0
44.2780 	EXP 	backgroundDots: autoDraw = True
44.2780 	EXP 	stimulusDots: autoDraw = True
44.9787 	EXP 	backgroundDots: autoDraw = False
44.9787 	EXP 	stimulusDots: autoDraw = False
44.9787 	EXP 	textFeedback: text = 'richtig'
44.9787 	EXP 	textFeedback: autoDraw = True
45.4643 	EXP 	New trial (rep=3, index=1): OrderedDict([('direction', 'left'), ('corrAns', 'left')])
45.4792 	EXP 	textFeedback: autoDraw = False
45.5641 	EXP 	fixcross: autoDraw = True
46.3647 	EXP 	fixcross: autoDraw = False
46.3647 	EXP 	fixcross: autoDraw = False
46.3647 	EXP 	stimulusDots: dir = 180.0
46.3647 	EXP 	backgroundDots: autoDraw = True
46.3647 	EXP 	stimulusDots: autoDraw = True
46.9318 	EXP 	backgroundDots: autoDraw = False
46.9318 	EXP 	stimulusDots: autoDraw = False
46.9318 	EXP 	textFeedback: height = 0.07
46.9318 	EXP 	textFeedback: height = 0.07
46.9318 	EXP 	textFeedback: height = 0.07
46.9318 	EXP 	textFeedback: text = 'falsch'
46.9318 	EXP 	textFeedback: autoDraw = True
47.4161 	EXP 	New trial (rep=4, index=0): OrderedDict([('direction', 'left'), ('corrAns', 'left')])
47.4323 	EXP 	textFeedback: autoDraw = False
47.4323 	EXP 	textFeedback: autoDraw = False
48.2147 	EXP 	fixcross: autoDraw = True
49.0170 	EXP 	fixcross: autoDraw = False
49.0170 	EXP 	fixcross: autoDraw = False
49.0170 	EXP 	stimulusDots: dir = 180.0
49.0170 	EXP 	backgroundDots: autoDraw = True
49.0170 	EXP 	stimulusDots: autoDraw = True
49.8494 	EXP 	backgroundDots: autoDraw = False
49.8494 	EXP 	stimulusDots: autoDraw = False
49.8494 	EXP 	textFeedback: height = 0.07
49.8494 	EXP 	textFeedback: height = 0.07
49.8494 	EXP 	textFeedback: height = 0.07
49.8494 	EXP 	textFeedback: text = 'richtig'
49.8494 	EXP 	textFeedback: autoDraw = True
50.3355 	EXP 	New trial (rep=4, index=1): OrderedDict([('direction', 'right'), ('corrAns', 'right')])
50.3514 	EXP 	textFeedback: autoDraw = False
50.3514 	EXP 	textFeedback: autoDraw = False
50.6851 	EXP 	fixcross: autoDraw = True
51.4858 	EXP 	fixcross: autoDraw = False
51.4858 	EXP 	fixcross: autoDraw = False
51.4858 	EXP 	stimulusDots: dir = 0.0
51.4858 	EXP 	backgroundDots: autoDraw = True
51.4858 	EXP 	stimulusDots: autoDraw = True
52.6199 	EXP 	backgroundDots: autoDraw = False
52.6199 	EXP 	stimulusDots: autoDraw = False
52.6199 	EXP 	textFeedback: text = 'richtig'
52.6199 	EXP 	textFeedback: autoDraw = True
53.1041 	EXP 	New trial (rep=5, index=0): OrderedDict([('direction', 'right'), ('corrAns', 'right')])
53.1204 	EXP 	textFeedback: autoDraw = False
53.1204 	EXP 	textFeedback: autoDraw = False
53.9043 	EXP 	fixcross: autoDraw = True
54.7050 	EXP 	fixcross: autoDraw = False
54.7050 	EXP 	fixcross: autoDraw = False
54.7050 	EXP 	stimulusDots: dir = 0.0
54.7050 	EXP 	backgroundDots: autoDraw = True
54.7050 	EXP 	stimulusDots: autoDraw = True
55.3038 	EXP 	backgroundDots: autoDraw = False
55.3038 	EXP 	stimulusDots: autoDraw = False
55.3038 	EXP 	textFeedback: height = 0.07
55.3038 	EXP 	textFeedback: height = 0.07
55.3038 	EXP 	textFeedback: height = 0.07
55.3038 	EXP 	textFeedback: text = 'falsch'
55.3038 	EXP 	textFeedback: autoDraw = True
55.7897 	EXP 	New trial (rep=5, index=1): OrderedDict([('direction', 'left'), ('corrAns', 'left')])
55.8059 	EXP 	textFeedback: autoDraw = False
55.8059 	EXP 	textFeedback: autoDraw = False
56.1395 	EXP 	fixcross: autoDraw = True
56.9402 	EXP 	fixcross: autoDraw = False
56.9402 	EXP 	fixcross: autoDraw = False
56.9402 	EXP 	stimulusDots: dir = 180.0
56.9402 	EXP 	backgroundDots: autoDraw = True
56.9402 	EXP 	stimulusDots: autoDraw = True
57.8392 	EXP 	backgroundDots: autoDraw = False
57.8392 	EXP 	stimulusDots: autoDraw = False
57.8392 	EXP 	textFeedback: height = 0.07
57.8392 	EXP 	textFeedback: height = 0.07
57.8392 	EXP 	textFeedback: height = 0.07
57.8392 	EXP 	textFeedback: text = 'richtig'
57.8392 	EXP 	textFeedback: autoDraw = True
58.3237 	EXP 	New trial (rep=6, index=0): OrderedDict([('direction', 'right'), ('corrAns', 'right')])
58.3397 	EXP 	textFeedback: autoDraw = False
58.3397 	EXP 	textFeedback: autoDraw = False
58.4397 	EXP 	fixcross: autoDraw = True
59.2404 	EXP 	fixcross: autoDraw = False
59.2404 	EXP 	fixcross: autoDraw = False
59.2404 	EXP 	stimulusDots: dir = 0.0
59.2404 	EXP 	backgroundDots: autoDraw = True
59.2404 	EXP 	stimulusDots: autoDraw = True
59.8758 	EXP 	backgroundDots: autoDraw = False
59.8758 	EXP 	stimulusDots: autoDraw = False
59.8758 	EXP 	textFeedback: text = 'richtig'
59.8758 	EXP 	textFeedback: autoDraw = True
60.3751 	EXP 	New trial (rep=6, index=1): OrderedDict([('direction', 'left'), ('corrAns', 'left')])
60.3916 	EXP 	textFeedback: autoDraw = False
60.4582 	EXP 	fixcross: autoDraw = True
61.2603 	EXP 	fixcross: autoDraw = False
61.2603 	EXP 	fixcross: autoDraw = False
61.2603 	EXP 	stimulusDots: dir = 180.0
61.2603 	EXP 	backgroundDots: autoDraw = True
61.2603 	EXP 	stimulusDots: autoDraw = True
61.9609 	EXP 	backgroundDots: autoDraw = False
61.9609 	EXP 	stimulusDots: autoDraw = False
61.9609 	EXP 	textFeedback: height = 0.07
61.9609 	EXP 	textFeedback: height = 0.07
61.9609 	EXP 	textFeedback: height = 0.07
61.9609 	EXP 	textFeedback: text = 'falsch'
61.9609 	EXP 	textFeedback: autoDraw = True
62.4450 	EXP 	New trial (rep=7, index=0): OrderedDict([('direction', 'left'), ('corrAns', 'left')])
62.4614 	EXP 	textFeedback: autoDraw = False
62.7951 	EXP 	fixcross: autoDraw = True
63.5957 	EXP 	fixcross: autoDraw = False
63.5957 	EXP 	fixcross: autoDraw = False
63.5957 	EXP 	stimulusDots: dir = 180.0
63.5957 	EXP 	backgroundDots: autoDraw = True
63.5957 	EXP 	stimulusDots: autoDraw = True
64.5631 	EXP 	backgroundDots: autoDraw = False
64.5631 	EXP 	stimulusDots: autoDraw = False
64.5631 	EXP 	textFeedback: text = 'falsch'
64.5631 	EXP 	textFeedback: autoDraw = True
65.0474 	EXP 	New trial (rep=7, index=1): OrderedDict([('direction', 'right'), ('corrAns', 'right')])
65.0635 	EXP 	textFeedback: autoDraw = False
65.0635 	EXP 	textFeedback: autoDraw = False
66.2479 	EXP 	fixcross: autoDraw = True
67.0485 	EXP 	fixcross: autoDraw = False
67.0485 	EXP 	fixcross: autoDraw = False
67.0485 	EXP 	stimulusDots: dir = 0.0
67.0485 	EXP 	backgroundDots: autoDraw = True
67.0485 	EXP 	stimulusDots: autoDraw = True
67.7640 	EXP 	backgroundDots: autoDraw = False
67.7640 	EXP 	stimulusDots: autoDraw = False
67.7640 	EXP 	textFeedback: height = 0.07
67.7640 	EXP 	textFeedback: height = 0.07
67.7640 	EXP 	textFeedback: height = 0.07
67.7640 	EXP 	textFeedback: text = 'richtig'
67.7640 	EXP 	textFeedback: autoDraw = True
68.2501 	EXP 	New trial (rep=8, index=0): OrderedDict([('direction', 'left'), ('corrAns', 'left')])
68.2662 	EXP 	textFeedback: autoDraw = False
68.2662 	EXP 	textFeedback: autoDraw = False
68.6166 	EXP 	fixcross: autoDraw = True
69.4155 	EXP 	fixcross: autoDraw = False
69.4155 	EXP 	fixcross: autoDraw = False
69.4155 	EXP 	stimulusDots: dir = 180.0
69.4155 	EXP 	backgroundDots: autoDraw = True
69.4155 	EXP 	stimulusDots: autoDraw = True
70.0495 	EXP 	backgroundDots: autoDraw = False
70.0495 	EXP 	stimulusDots: autoDraw = False
70.0495 	EXP 	textFeedback: text = 'richtig'
70.0495 	EXP 	textFeedback: autoDraw = True
70.5349 	EXP 	New trial (rep=8, index=1): OrderedDict([('direction', 'right'), ('corrAns', 'right')])
70.5498 	EXP 	textFeedback: autoDraw = False
71.3354 	EXP 	fixcross: autoDraw = True
72.1360 	EXP 	fixcross: autoDraw = False
72.1360 	EXP 	fixcross: autoDraw = False
72.1360 	EXP 	stimulusDots: dir = 0.0
72.1360 	EXP 	backgroundDots: autoDraw = True
72.1360 	EXP 	stimulusDots: autoDraw = True
72.7866 	EXP 	backgroundDots: autoDraw = False
72.7866 	EXP 	stimulusDots: autoDraw = False
72.7866 	EXP 	textFeedback: text = 'richtig'
72.7866 	EXP 	textFeedback: autoDraw = True
73.2708 	EXP 	New trial (rep=9, index=0): OrderedDict([('direction', 'left'), ('corrAns', 'left')])
73.2871 	EXP 	textFeedback: autoDraw = False
73.2871 	EXP 	textFeedback: autoDraw = False
74.4713 	EXP 	fixcross: autoDraw = True
75.2720 	EXP 	fixcross: autoDraw = False
75.2720 	EXP 	fixcross: autoDraw = False
75.2720 	EXP 	stimulusDots: dir = 180.0
75.2720 	EXP 	backgroundDots: autoDraw = True
75.2720 	EXP 	stimulusDots: autoDraw = True
76.0726 	EXP 	backgroundDots: autoDraw = False
76.0726 	EXP 	stimulusDots: autoDraw = False
76.0726 	EXP 	textFeedback: text = 'richtig'
76.0726 	EXP 	textFeedback: autoDraw = True
76.5733 	EXP 	New trial (rep=9, index=1): OrderedDict([('direction', 'right'), ('corrAns', 'right')])
76.5898 	EXP 	textFeedback: autoDraw = False
77.3571 	EXP 	fixcross: autoDraw = True
78.1578 	EXP 	fixcross: autoDraw = False
78.1578 	EXP 	fixcross: autoDraw = False
78.1578 	EXP 	stimulusDots: dir = 0.0
78.1578 	EXP 	backgroundDots: autoDraw = True
78.1578 	EXP 	stimulusDots: autoDraw = True
78.7233 	EXP 	backgroundDots: autoDraw = False
78.7233 	EXP 	stimulusDots: autoDraw = False
78.7233 	EXP 	textFeedback: text = 'richtig'
78.7233 	EXP 	textFeedback: autoDraw = True
79.2258 	EXP 	textFeedback: autoDraw = False
79.2258 	EXP 	textFeedback: autoDraw = False
79.2258 	EXP 	textInst1: height = 0.03
79.2258 	EXP 	textInst1: height = 0.03
79.2258 	EXP 	textInst1: height = 0.03
79.2258 	EXP 	textInst1: text = 'Wir sind nun mit dem Übungsdurchgang fertig und werden zum Hauptexperiment übergehen. Bitte versuchen Sie SO SCHNELL WIE MÖGLICH zu antworten. Drücken Sie [Leertaste], um das Experiment zu starten.'
79.2258 	EXP 	textInst1: autoDraw = True
85.4509 	EXP 	Imported random_dot_conditions.csv as conditions, 2 conditions, 2 params
85.4513 	EXP 	Created sequence: random, trialTypes=2, nReps=30, seed=None
85.4515 	EXP 	New trial (rep=0, index=0): OrderedDict([('direction', 'left'), ('corrAns', 'left')])
85.4637 	EXP 	textInst1: autoDraw = False
85.5472 	EXP 	fixcross: autoDraw = True
86.3478 	EXP 	fixcross: autoDraw = False
86.3478 	EXP 	fixcross: autoDraw = False
86.3478 	EXP 	stimulusDots: dir = 180.0
86.3478 	EXP 	backgroundDots: autoDraw = True
86.3478 	EXP 	stimulusDots: autoDraw = True
87.2497 	EXP 	New trial (rep=0, index=1): OrderedDict([('direction', 'right'), ('corrAns', 'right')])
87.2652 	EXP 	backgroundDots: autoDraw = False
87.2652 	EXP 	stimulusDots: autoDraw = False
88.4496 	EXP 	fixcross: autoDraw = True
89.2486 	EXP 	fixcross: autoDraw = False
89.2486 	EXP 	fixcross: autoDraw = False
89.2486 	EXP 	stimulusDots: dir = 0.0
89.2486 	EXP 	backgroundDots: autoDraw = True
89.2486 	EXP 	stimulusDots: autoDraw = True
89.8684 	EXP 	New trial (rep=1, index=0): OrderedDict([('direction', 'left'), ('corrAns', 'left')])
89.8841 	EXP 	backgroundDots: autoDraw = False
89.8841 	EXP 	stimulusDots: autoDraw = False
91.0684 	EXP 	fixcross: autoDraw = True
91.8690 	EXP 	fixcross: autoDraw = False
91.8690 	EXP 	fixcross: autoDraw = False
91.8690 	EXP 	stimulusDots: dir = 180.0
91.8690 	EXP 	backgroundDots: autoDraw = True
91.8690 	EXP 	stimulusDots: autoDraw = True
92.6858 	EXP 	New trial (rep=1, index=1): OrderedDict([('direction', 'right'), ('corrAns', 'right')])
92.7031 	EXP 	backgroundDots: autoDraw = False
92.7031 	EXP 	stimulusDots: autoDraw = False
93.4871 	EXP 	fixcross: autoDraw = True
94.2878 	EXP 	fixcross: autoDraw = False
94.2878 	EXP 	fixcross: autoDraw = False
94.2878 	EXP 	stimulusDots: dir = 0.0
94.2878 	EXP 	backgroundDots: autoDraw = True
94.2878 	EXP 	stimulusDots: autoDraw = True
94.9726 	EXP 	New trial (rep=2, index=0): OrderedDict([('direction', 'left'), ('corrAns', 'left')])
94.9868 	EXP 	backgroundDots: autoDraw = False
94.9868 	EXP 	stimulusDots: autoDraw = False
95.0718 	EXP 	fixcross: autoDraw = True
95.8723 	EXP 	fixcross: autoDraw = False
95.8723 	EXP 	fixcross: autoDraw = False
95.8723 	EXP 	stimulusDots: dir = 180.0
95.8723 	EXP 	backgroundDots: autoDraw = True
95.8723 	EXP 	stimulusDots: autoDraw = True
96.9077 	EXP 	New trial (rep=2, index=1): OrderedDict([('direction', 'right'), ('corrAns', 'right')])
96.9233 	EXP 	backgroundDots: autoDraw = False
96.9233 	EXP 	stimulusDots: autoDraw = False
98.1075 	EXP 	fixcross: autoDraw = True
98.9081 	EXP 	fixcross: autoDraw = False
98.9081 	EXP 	fixcross: autoDraw = False
98.9081 	EXP 	stimulusDots: dir = 0.0
98.9081 	EXP 	backgroundDots: autoDraw = True
98.9081 	EXP 	stimulusDots: autoDraw = True
99.4414 	EXP 	New trial (rep=3, index=0): OrderedDict([('direction', 'left'), ('corrAns', 'left')])
99.4587 	EXP 	backgroundDots: autoDraw = False
99.4587 	EXP 	stimulusDots: autoDraw = False
99.5406 	EXP 	fixcross: autoDraw = True
100.3427 	EXP 	fixcross: autoDraw = False
100.3427 	EXP 	fixcross: autoDraw = False
100.3427 	EXP 	stimulusDots: dir = 180.0
100.3427 	EXP 	backgroundDots: autoDraw = True
100.3427 	EXP 	stimulusDots: autoDraw = True
100.8608 	EXP 	New trial (rep=3, index=1): OrderedDict([('direction', 'right'), ('corrAns', 'right')])
100.8765 	EXP 	backgroundDots: autoDraw = False
100.8765 	EXP 	stimulusDots: autoDraw = False
101.2100 	EXP 	fixcross: autoDraw = True
102.0107 	EXP 	fixcross: autoDraw = False
102.0107 	EXP 	fixcross: autoDraw = False
102.0107 	EXP 	stimulusDots: dir = 0.0
102.0107 	EXP 	backgroundDots: autoDraw = True
102.0107 	EXP 	stimulusDots: autoDraw = True
102.5957 	EXP 	New trial (rep=4, index=0): OrderedDict([('direction', 'right'), ('corrAns', 'right')])
102.6097 	EXP 	backgroundDots: autoDraw = False
102.6097 	EXP 	stimulusDots: autoDraw = False
102.7114 	EXP 	fixcross: autoDraw = True
103.5120 	EXP 	fixcross: autoDraw = False
103.5120 	EXP 	fixcross: autoDraw = False
103.5120 	EXP 	stimulusDots: dir = 0.0
103.5120 	EXP 	backgroundDots: autoDraw = True
103.5120 	EXP 	stimulusDots: autoDraw = True
104.0453 	EXP 	New trial (rep=4, index=1): OrderedDict([('direction', 'left'), ('corrAns', 'left')])
104.0624 	EXP 	backgroundDots: autoDraw = False
104.0624 	EXP 	stimulusDots: autoDraw = False
104.1458 	EXP 	fixcross: autoDraw = True
104.9450 	EXP 	fixcross: autoDraw = False
104.9450 	EXP 	fixcross: autoDraw = False
104.9450 	EXP 	stimulusDots: dir = 180.0
104.9450 	EXP 	backgroundDots: autoDraw = True
104.9450 	EXP 	stimulusDots: autoDraw = True
106.2301 	EXP 	New trial (rep=5, index=0): OrderedDict([('direction', 'right'), ('corrAns', 'right')])
106.2460 	EXP 	backgroundDots: autoDraw = False
106.2460 	EXP 	stimulusDots: autoDraw = False
107.4319 	EXP 	fixcross: autoDraw = True
108.2326 	EXP 	fixcross: autoDraw = False
108.2326 	EXP 	fixcross: autoDraw = False
108.2326 	EXP 	stimulusDots: dir = 0.0
108.2326 	EXP 	backgroundDots: autoDraw = True
108.2326 	EXP 	stimulusDots: autoDraw = True
108.9009 	EXP 	New trial (rep=5, index=1): OrderedDict([('direction', 'left'), ('corrAns', 'left')])
108.9149 	EXP 	backgroundDots: autoDraw = False
108.9149 	EXP 	stimulusDots: autoDraw = False
109.2502 	EXP 	fixcross: autoDraw = True
110.0659 	EXP 	fixcross: autoDraw = False
110.0659 	EXP 	fixcross: autoDraw = False
110.0659 	EXP 	stimulusDots: dir = 180.0
110.0659 	EXP 	backgroundDots: autoDraw = True
110.0659 	EXP 	stimulusDots: autoDraw = True
111.3030 	EXP 	New trial (rep=6, index=0): OrderedDict([('direction', 'right'), ('corrAns', 'right')])
111.3185 	EXP 	backgroundDots: autoDraw = False
111.3185 	EXP 	stimulusDots: autoDraw = False
111.4019 	EXP 	fixcross: autoDraw = True
112.2025 	EXP 	fixcross: autoDraw = False
112.2025 	EXP 	fixcross: autoDraw = False
112.2025 	EXP 	stimulusDots: dir = 0.0
112.2025 	EXP 	backgroundDots: autoDraw = True
112.2025 	EXP 	stimulusDots: autoDraw = True
112.8527 	EXP 	New trial (rep=6, index=1): OrderedDict([('direction', 'left'), ('corrAns', 'left')])
112.8697 	EXP 	backgroundDots: autoDraw = False
112.8697 	EXP 	stimulusDots: autoDraw = False
113.2033 	EXP 	fixcross: autoDraw = True
114.0040 	EXP 	fixcross: autoDraw = False
114.0040 	EXP 	fixcross: autoDraw = False
114.0040 	EXP 	stimulusDots: dir = 180.0
114.0040 	EXP 	backgroundDots: autoDraw = True
114.0040 	EXP 	stimulusDots: autoDraw = True
114.6875 	EXP 	New trial (rep=7, index=0): OrderedDict([('direction', 'right'), ('corrAns', 'right')])
114.7047 	EXP 	backgroundDots: autoDraw = False
114.7047 	EXP 	stimulusDots: autoDraw = False
114.7880 	EXP 	fixcross: autoDraw = True
115.5887 	EXP 	fixcross: autoDraw = False
115.5887 	EXP 	fixcross: autoDraw = False
115.5887 	EXP 	stimulusDots: dir = 0.0
115.5887 	EXP 	backgroundDots: autoDraw = True
115.5887 	EXP 	stimulusDots: autoDraw = True
116.3053 	EXP 	New trial (rep=7, index=1): OrderedDict([('direction', 'left'), ('corrAns', 'left')])
116.3230 	EXP 	backgroundDots: autoDraw = False
116.3230 	EXP 	stimulusDots: autoDraw = False
117.1066 	EXP 	fixcross: autoDraw = True
117.9072 	EXP 	fixcross: autoDraw = False
117.9072 	EXP 	fixcross: autoDraw = False
117.9072 	EXP 	stimulusDots: dir = 180.0
117.9072 	EXP 	backgroundDots: autoDraw = True
117.9072 	EXP 	stimulusDots: autoDraw = True
118.4572 	EXP 	New trial (rep=8, index=0): OrderedDict([('direction', 'left'), ('corrAns', 'left')])
118.4743 	EXP 	backgroundDots: autoDraw = False
118.4743 	EXP 	stimulusDots: autoDraw = False
119.6587 	EXP 	fixcross: autoDraw = True
120.4760 	EXP 	fixcross: autoDraw = False
120.4760 	EXP 	fixcross: autoDraw = False
120.4760 	EXP 	stimulusDots: dir = 180.0
120.4760 	EXP 	backgroundDots: autoDraw = True
120.4760 	EXP 	stimulusDots: autoDraw = True
122.6122 	EXP 	New trial (rep=8, index=1): OrderedDict([('direction', 'right'), ('corrAns', 'right')])
122.6277 	EXP 	backgroundDots: autoDraw = False
122.6277 	EXP 	stimulusDots: autoDraw = False
122.9614 	EXP 	fixcross: autoDraw = True
123.7620 	EXP 	fixcross: autoDraw = False
123.7620 	EXP 	fixcross: autoDraw = False
123.7620 	EXP 	stimulusDots: dir = 0.0
123.7620 	EXP 	backgroundDots: autoDraw = True
123.7620 	EXP 	stimulusDots: autoDraw = True
125.1309 	EXP 	New trial (rep=9, index=0): OrderedDict([('direction', 'left'), ('corrAns', 'left')])
125.1467 	EXP 	backgroundDots: autoDraw = False
125.1467 	EXP 	stimulusDots: autoDraw = False
126.3308 	EXP 	fixcross: autoDraw = True
127.1315 	EXP 	fixcross: autoDraw = False
127.1315 	EXP 	fixcross: autoDraw = False
127.1315 	EXP 	stimulusDots: dir = 180.0
127.1315 	EXP 	backgroundDots: autoDraw = True
127.1315 	EXP 	stimulusDots: autoDraw = True
128.2502 	EXP 	New trial (rep=9, index=1): OrderedDict([('direction', 'right'), ('corrAns', 'right')])
128.2658 	EXP 	backgroundDots: autoDraw = False
128.2658 	EXP 	stimulusDots: autoDraw = False
129.0499 	EXP 	fixcross: autoDraw = True
129.8505 	EXP 	fixcross: autoDraw = False
129.8505 	EXP 	fixcross: autoDraw = False
129.8505 	EXP 	stimulusDots: dir = 0.0
129.8505 	EXP 	backgroundDots: autoDraw = True
129.8505 	EXP 	stimulusDots: autoDraw = True
130.8007 	EXP 	New trial (rep=10, index=0): OrderedDict([('direction', 'left'), ('corrAns', 'left')])
130.8179 	EXP 	backgroundDots: autoDraw = False
130.8179 	EXP 	stimulusDots: autoDraw = False
130.9013 	EXP 	fixcross: autoDraw = True
131.7020 	EXP 	fixcross: autoDraw = False
131.7020 	EXP 	fixcross: autoDraw = False
131.7020 	EXP 	stimulusDots: dir = 180.0
131.7020 	EXP 	backgroundDots: autoDraw = True
131.7020 	EXP 	stimulusDots: autoDraw = True
132.5521 	EXP 	New trial (rep=10, index=1): OrderedDict([('direction', 'right'), ('corrAns', 'right')])
132.5695 	EXP 	backgroundDots: autoDraw = False
132.5695 	EXP 	stimulusDots: autoDraw = False
132.6529 	EXP 	fixcross: autoDraw = True
133.4535 	EXP 	fixcross: autoDraw = False
133.4535 	EXP 	fixcross: autoDraw = False
133.4535 	EXP 	stimulusDots: dir = 0.0
133.4535 	EXP 	backgroundDots: autoDraw = True
133.4535 	EXP 	stimulusDots: autoDraw = True
134.1383 	EXP 	New trial (rep=11, index=0): OrderedDict([('direction', 'right'), ('corrAns', 'right')])
134.1540 	EXP 	backgroundDots: autoDraw = False
134.1540 	EXP 	stimulusDots: autoDraw = False
134.2373 	EXP 	fixcross: autoDraw = True
135.0380 	EXP 	fixcross: autoDraw = False
135.0380 	EXP 	fixcross: autoDraw = False
135.0380 	EXP 	stimulusDots: dir = 0.0
135.0380 	EXP 	backgroundDots: autoDraw = True
135.0380 	EXP 	stimulusDots: autoDraw = True
139.3094 	EXP 	New trial (rep=11, index=1): OrderedDict([('direction', 'left'), ('corrAns', 'left')])
139.3233 	EXP 	backgroundDots: autoDraw = False
139.3233 	EXP 	stimulusDots: autoDraw = False
140.1073 	EXP 	fixcross: autoDraw = True
140.9096 	EXP 	fixcross: autoDraw = False
140.9096 	EXP 	fixcross: autoDraw = False
140.9096 	EXP 	stimulusDots: dir = 180.0
140.9096 	EXP 	backgroundDots: autoDraw = True
140.9096 	EXP 	stimulusDots: autoDraw = True
141.9114 	EXP 	New trial (rep=12, index=0): OrderedDict([('direction', 'left'), ('corrAns', 'left')])
141.9271 	EXP 	backgroundDots: autoDraw = False
141.9271 	EXP 	stimulusDots: autoDraw = False
142.0105 	EXP 	fixcross: autoDraw = True
142.8112 	EXP 	fixcross: autoDraw = False
142.8112 	EXP 	fixcross: autoDraw = False
142.8112 	EXP 	stimulusDots: dir = 180.0
142.8112 	EXP 	backgroundDots: autoDraw = True
142.8112 	EXP 	stimulusDots: autoDraw = True
143.7463 	EXP 	New trial (rep=12, index=1): OrderedDict([('direction', 'right'), ('corrAns', 'right')])
143.7620 	EXP 	backgroundDots: autoDraw = False
143.7620 	EXP 	stimulusDots: autoDraw = False
144.5459 	EXP 	fixcross: autoDraw = True
145.3465 	EXP 	fixcross: autoDraw = False
145.3465 	EXP 	fixcross: autoDraw = False
145.3465 	EXP 	stimulusDots: dir = 0.0
145.3465 	EXP 	backgroundDots: autoDraw = True
145.3465 	EXP 	stimulusDots: autoDraw = True
146.5653 	EXP 	New trial (rep=13, index=0): OrderedDict([('direction', 'right'), ('corrAns', 'right')])
146.5810 	EXP 	backgroundDots: autoDraw = False
146.5810 	EXP 	stimulusDots: autoDraw = False
146.9147 	EXP 	fixcross: autoDraw = True
147.7136 	EXP 	fixcross: autoDraw = False
147.7136 	EXP 	fixcross: autoDraw = False
147.7136 	EXP 	stimulusDots: dir = 0.0
147.7136 	EXP 	backgroundDots: autoDraw = True
147.7136 	EXP 	stimulusDots: autoDraw = True
148.4986 	EXP 	New trial (rep=13, index=1): OrderedDict([('direction', 'left'), ('corrAns', 'left')])
148.5160 	EXP 	backgroundDots: autoDraw = False
148.5160 	EXP 	stimulusDots: autoDraw = False
149.7002 	EXP 	fixcross: autoDraw = True
150.4992 	EXP 	fixcross: autoDraw = False
150.4992 	EXP 	fixcross: autoDraw = False
150.4992 	EXP 	stimulusDots: dir = 180.0
150.4992 	EXP 	backgroundDots: autoDraw = True
150.4992 	EXP 	stimulusDots: autoDraw = True
151.1342 	EXP 	New trial (rep=14, index=0): OrderedDict([('direction', 'right'), ('corrAns', 'right')])
151.1514 	EXP 	backgroundDots: autoDraw = False
151.1514 	EXP 	stimulusDots: autoDraw = False
151.4833 	EXP 	fixcross: autoDraw = True
152.2857 	EXP 	fixcross: autoDraw = False
152.2857 	EXP 	fixcross: autoDraw = False
152.2857 	EXP 	stimulusDots: dir = 0.0
152.2857 	EXP 	backgroundDots: autoDraw = True
152.2857 	EXP 	stimulusDots: autoDraw = True
152.8706 	EXP 	New trial (rep=14, index=1): OrderedDict([('direction', 'left'), ('corrAns', 'left')])
152.8863 	EXP 	backgroundDots: autoDraw = False
152.8863 	EXP 	stimulusDots: autoDraw = False
154.0705 	EXP 	fixcross: autoDraw = True
154.8711 	EXP 	fixcross: autoDraw = False
154.8711 	EXP 	fixcross: autoDraw = False
154.8711 	EXP 	stimulusDots: dir = 180.0
154.8711 	EXP 	backgroundDots: autoDraw = True
154.8711 	EXP 	stimulusDots: autoDraw = True
155.9732 	EXP 	New trial (rep=15, index=0): OrderedDict([('direction', 'right'), ('corrAns', 'right')])
155.9888 	EXP 	backgroundDots: autoDraw = False
155.9888 	EXP 	stimulusDots: autoDraw = False
156.3223 	EXP 	fixcross: autoDraw = True
157.1230 	EXP 	fixcross: autoDraw = False
157.1230 	EXP 	fixcross: autoDraw = False
157.1230 	EXP 	stimulusDots: dir = 0.0
157.1230 	EXP 	backgroundDots: autoDraw = True
157.1230 	EXP 	stimulusDots: autoDraw = True
157.7578 	EXP 	New trial (rep=15, index=1): OrderedDict([('direction', 'left'), ('corrAns', 'left')])
157.7735 	EXP 	backgroundDots: autoDraw = False
157.7735 	EXP 	stimulusDots: autoDraw = False
158.5576 	EXP 	fixcross: autoDraw = True
159.3581 	EXP 	fixcross: autoDraw = False
159.3581 	EXP 	fixcross: autoDraw = False
159.3581 	EXP 	stimulusDots: dir = 180.0
159.3581 	EXP 	backgroundDots: autoDraw = True
159.3581 	EXP 	stimulusDots: autoDraw = True
160.0415 	EXP 	New trial (rep=16, index=0): OrderedDict([('direction', 'left'), ('corrAns', 'left')])
160.0572 	EXP 	backgroundDots: autoDraw = False
160.0572 	EXP 	stimulusDots: autoDraw = False
160.3908 	EXP 	fixcross: autoDraw = True
161.1914 	EXP 	fixcross: autoDraw = False
161.1914 	EXP 	fixcross: autoDraw = False
161.1914 	EXP 	stimulusDots: dir = 180.0
161.1914 	EXP 	backgroundDots: autoDraw = True
161.1914 	EXP 	stimulusDots: autoDraw = True
162.7623 	EXP 	New trial (rep=16, index=1): OrderedDict([('direction', 'right'), ('corrAns', 'right')])
162.7776 	EXP 	backgroundDots: autoDraw = False
162.7776 	EXP 	stimulusDots: autoDraw = False
163.1114 	EXP 	fixcross: autoDraw = True
163.9120 	EXP 	fixcross: autoDraw = False
163.9120 	EXP 	fixcross: autoDraw = False
163.9120 	EXP 	stimulusDots: dir = 0.0
163.9120 	EXP 	backgroundDots: autoDraw = True
163.9120 	EXP 	stimulusDots: autoDraw = True
164.5622 	EXP 	New trial (rep=17, index=0): OrderedDict([('direction', 'right'), ('corrAns', 'right')])
164.5792 	EXP 	backgroundDots: autoDraw = False
164.5792 	EXP 	stimulusDots: autoDraw = False
164.9129 	EXP 	fixcross: autoDraw = True
165.7136 	EXP 	fixcross: autoDraw = False
165.7136 	EXP 	fixcross: autoDraw = False
165.7136 	EXP 	stimulusDots: dir = 0.0
165.7136 	EXP 	backgroundDots: autoDraw = True
165.7136 	EXP 	stimulusDots: autoDraw = True
167.3492 	EXP 	New trial (rep=17, index=1): OrderedDict([('direction', 'left'), ('corrAns', 'left')])
167.3648 	EXP 	backgroundDots: autoDraw = False
167.3648 	EXP 	stimulusDots: autoDraw = False
167.7150 	EXP 	fixcross: autoDraw = True
168.5158 	EXP 	fixcross: autoDraw = False
168.5158 	EXP 	fixcross: autoDraw = False
168.5158 	EXP 	stimulusDots: dir = 180.0
168.5158 	EXP 	backgroundDots: autoDraw = True
168.5158 	EXP 	stimulusDots: autoDraw = True
170.0331 	EXP 	New trial (rep=18, index=0): OrderedDict([('direction', 'right'), ('corrAns', 'right')])
170.0489 	EXP 	backgroundDots: autoDraw = False
170.0489 	EXP 	stimulusDots: autoDraw = False
171.2346 	EXP 	fixcross: autoDraw = True
172.0353 	EXP 	fixcross: autoDraw = False
172.0353 	EXP 	fixcross: autoDraw = False
172.0353 	EXP 	stimulusDots: dir = 0.0
172.0353 	EXP 	backgroundDots: autoDraw = True
172.0353 	EXP 	stimulusDots: autoDraw = True
172.6536 	EXP 	New trial (rep=18, index=1): OrderedDict([('direction', 'left'), ('corrAns', 'left')])
172.6694 	EXP 	backgroundDots: autoDraw = False
172.6694 	EXP 	stimulusDots: autoDraw = False
173.4533 	EXP 	fixcross: autoDraw = True
174.2539 	EXP 	fixcross: autoDraw = False
174.2539 	EXP 	fixcross: autoDraw = False
174.2539 	EXP 	stimulusDots: dir = 180.0
174.2539 	EXP 	backgroundDots: autoDraw = True
174.2539 	EXP 	stimulusDots: autoDraw = True
175.2223 	EXP 	New trial (rep=19, index=0): OrderedDict([('direction', 'left'), ('corrAns', 'left')])
175.2379 	EXP 	backgroundDots: autoDraw = False
175.2379 	EXP 	stimulusDots: autoDraw = False
176.0205 	EXP 	fixcross: autoDraw = True
176.8227 	EXP 	fixcross: autoDraw = False
176.8227 	EXP 	fixcross: autoDraw = False
176.8227 	EXP 	stimulusDots: dir = 180.0
176.8227 	EXP 	backgroundDots: autoDraw = True
176.8227 	EXP 	stimulusDots: autoDraw = True
177.5243 	EXP 	New trial (rep=19, index=1): OrderedDict([('direction', 'right'), ('corrAns', 'right')])
177.5398 	EXP 	backgroundDots: autoDraw = False
177.5398 	EXP 	stimulusDots: autoDraw = False
177.8735 	EXP 	fixcross: autoDraw = True
178.6742 	EXP 	fixcross: autoDraw = False
178.6742 	EXP 	fixcross: autoDraw = False
178.6742 	EXP 	stimulusDots: dir = 0.0
178.6742 	EXP 	backgroundDots: autoDraw = True
178.6742 	EXP 	stimulusDots: autoDraw = True
179.5412 	EXP 	New trial (rep=20, index=0): OrderedDict([('direction', 'left'), ('corrAns', 'left')])
179.5567 	EXP 	backgroundDots: autoDraw = False
179.5567 	EXP 	stimulusDots: autoDraw = False
180.3421 	EXP 	fixcross: autoDraw = True
181.1412 	EXP 	fixcross: autoDraw = False
181.1412 	EXP 	fixcross: autoDraw = False
181.1412 	EXP 	stimulusDots: dir = 180.0
181.1412 	EXP 	backgroundDots: autoDraw = True
181.1412 	EXP 	stimulusDots: autoDraw = True
181.7761 	EXP 	New trial (rep=20, index=1): OrderedDict([('direction', 'right'), ('corrAns', 'right')])
181.7919 	EXP 	backgroundDots: autoDraw = False
181.7919 	EXP 	stimulusDots: autoDraw = False
182.5774 	EXP 	fixcross: autoDraw = True
183.3780 	EXP 	fixcross: autoDraw = False
183.3780 	EXP 	fixcross: autoDraw = False
183.3780 	EXP 	stimulusDots: dir = 0.0
183.3780 	EXP 	backgroundDots: autoDraw = True
183.3780 	EXP 	stimulusDots: autoDraw = True
183.9964 	EXP 	New trial (rep=21, index=0): OrderedDict([('direction', 'left'), ('corrAns', 'left')])
184.0121 	EXP 	backgroundDots: autoDraw = False
184.0121 	EXP 	stimulusDots: autoDraw = False
185.1962 	EXP 	fixcross: autoDraw = True
185.9969 	EXP 	fixcross: autoDraw = False
185.9969 	EXP 	fixcross: autoDraw = False
185.9969 	EXP 	stimulusDots: dir = 180.0
185.9969 	EXP 	backgroundDots: autoDraw = True
185.9969 	EXP 	stimulusDots: autoDraw = True
187.5160 	EXP 	New trial (rep=21, index=1): OrderedDict([('direction', 'right'), ('corrAns', 'right')])
187.5314 	EXP 	backgroundDots: autoDraw = False
187.5314 	EXP 	stimulusDots: autoDraw = False
188.3155 	EXP 	fixcross: autoDraw = True
189.1161 	EXP 	fixcross: autoDraw = False
189.1161 	EXP 	fixcross: autoDraw = False
189.1161 	EXP 	stimulusDots: dir = 0.0
189.1161 	EXP 	backgroundDots: autoDraw = True
189.1161 	EXP 	stimulusDots: autoDraw = True
189.7345 	EXP 	New trial (rep=22, index=0): OrderedDict([('direction', 'left'), ('corrAns', 'left')])
189.7501 	EXP 	backgroundDots: autoDraw = False
189.7501 	EXP 	stimulusDots: autoDraw = False
189.8334 	EXP 	fixcross: autoDraw = True
190.6324 	EXP 	fixcross: autoDraw = False
190.6324 	EXP 	fixcross: autoDraw = False
190.6324 	EXP 	stimulusDots: dir = 180.0
190.6324 	EXP 	backgroundDots: autoDraw = True
190.6324 	EXP 	stimulusDots: autoDraw = True
191.2506 	EXP 	New trial (rep=22, index=1): OrderedDict([('direction', 'right'), ('corrAns', 'right')])
191.2679 	EXP 	backgroundDots: autoDraw = False
191.2679 	EXP 	stimulusDots: autoDraw = False
191.3497 	EXP 	fixcross: autoDraw = True
192.1503 	EXP 	fixcross: autoDraw = False
192.1503 	EXP 	fixcross: autoDraw = False
192.1503 	EXP 	stimulusDots: dir = 0.0
192.1503 	EXP 	backgroundDots: autoDraw = True
192.1503 	EXP 	stimulusDots: autoDraw = True
192.8019 	EXP 	New trial (rep=23, index=0): OrderedDict([('direction', 'right'), ('corrAns', 'right')])
192.8193 	EXP 	backgroundDots: autoDraw = False
192.8193 	EXP 	stimulusDots: autoDraw = False
193.1512 	EXP 	fixcross: autoDraw = True
193.9534 	EXP 	fixcross: autoDraw = False
193.9534 	EXP 	fixcross: autoDraw = False
193.9534 	EXP 	stimulusDots: dir = 0.0
193.9534 	EXP 	backgroundDots: autoDraw = True
193.9534 	EXP 	stimulusDots: autoDraw = True
194.5367 	EXP 	New trial (rep=23, index=1): OrderedDict([('direction', 'left'), ('corrAns', 'left')])
194.5542 	EXP 	backgroundDots: autoDraw = False
194.5542 	EXP 	stimulusDots: autoDraw = False
195.3380 	EXP 	fixcross: autoDraw = True
196.1386 	EXP 	fixcross: autoDraw = False
196.1386 	EXP 	fixcross: autoDraw = False
196.1386 	EXP 	stimulusDots: dir = 180.0
196.1386 	EXP 	backgroundDots: autoDraw = True
196.1386 	EXP 	stimulusDots: autoDraw = True
196.6384 	EXP 	New trial (rep=24, index=0): OrderedDict([('direction', 'left'), ('corrAns', 'left')])
196.6556 	EXP 	backgroundDots: autoDraw = False
196.6556 	EXP 	stimulusDots: autoDraw = False
196.9893 	EXP 	fixcross: autoDraw = True
197.7900 	EXP 	fixcross: autoDraw = False
197.7900 	EXP 	fixcross: autoDraw = False
197.7900 	EXP 	stimulusDots: dir = 180.0
197.7900 	EXP 	backgroundDots: autoDraw = True
197.7900 	EXP 	stimulusDots: autoDraw = True
198.4751 	EXP 	New trial (rep=24, index=1): OrderedDict([('direction', 'right'), ('corrAns', 'right')])
198.4906 	EXP 	backgroundDots: autoDraw = False
198.4906 	EXP 	stimulusDots: autoDraw = False
199.2745 	EXP 	fixcross: autoDraw = True
200.0752 	EXP 	fixcross: autoDraw = False
200.0752 	EXP 	fixcross: autoDraw = False
200.0752 	EXP 	stimulusDots: dir = 0.0
200.0752 	EXP 	backgroundDots: autoDraw = True
200.0752 	EXP 	stimulusDots: autoDraw = True
200.7920 	EXP 	New trial (rep=25, index=0): OrderedDict([('direction', 'left'), ('corrAns', 'left')])
200.8090 	EXP 	backgroundDots: autoDraw = False
200.8090 	EXP 	stimulusDots: autoDraw = False
201.5932 	EXP 	fixcross: autoDraw = True
202.3938 	EXP 	fixcross: autoDraw = False
202.3938 	EXP 	fixcross: autoDraw = False
202.3938 	EXP 	stimulusDots: dir = 180.0
202.3938 	EXP 	backgroundDots: autoDraw = True
202.3938 	EXP 	stimulusDots: autoDraw = True
203.5775 	EXP 	New trial (rep=25, index=1): OrderedDict([('direction', 'right'), ('corrAns', 'right')])
203.5948 	EXP 	backgroundDots: autoDraw = False
203.5948 	EXP 	stimulusDots: autoDraw = False
204.3789 	EXP 	fixcross: autoDraw = True
205.1795 	EXP 	fixcross: autoDraw = False
205.1795 	EXP 	fixcross: autoDraw = False
205.1795 	EXP 	stimulusDots: dir = 0.0
205.1795 	EXP 	backgroundDots: autoDraw = True
205.1795 	EXP 	stimulusDots: autoDraw = True
206.0814 	EXP 	New trial (rep=26, index=0): OrderedDict([('direction', 'left'), ('corrAns', 'left')])
206.0968 	EXP 	backgroundDots: autoDraw = False
206.0968 	EXP 	stimulusDots: autoDraw = False
206.1803 	EXP 	fixcross: autoDraw = True
206.9792 	EXP 	fixcross: autoDraw = False
206.9792 	EXP 	fixcross: autoDraw = False
206.9792 	EXP 	stimulusDots: dir = 180.0
206.9792 	EXP 	backgroundDots: autoDraw = True
206.9792 	EXP 	stimulusDots: autoDraw = True
208.3498 	EXP 	New trial (rep=26, index=1): OrderedDict([('direction', 'right'), ('corrAns', 'right')])
208.3653 	EXP 	backgroundDots: autoDraw = False
208.3653 	EXP 	stimulusDots: autoDraw = False
208.4489 	EXP 	fixcross: autoDraw = True
209.2495 	EXP 	fixcross: autoDraw = False
209.2495 	EXP 	fixcross: autoDraw = False
209.2495 	EXP 	stimulusDots: dir = 0.0
209.2495 	EXP 	backgroundDots: autoDraw = True
209.2495 	EXP 	stimulusDots: autoDraw = True
210.9338 	EXP 	New trial (rep=27, index=0): OrderedDict([('direction', 'right'), ('corrAns', 'right')])
210.9508 	EXP 	backgroundDots: autoDraw = False
210.9508 	EXP 	stimulusDots: autoDraw = False
211.7348 	EXP 	fixcross: autoDraw = True
212.5355 	EXP 	fixcross: autoDraw = False
212.5355 	EXP 	fixcross: autoDraw = False
212.5355 	EXP 	stimulusDots: dir = 0.0
212.5355 	EXP 	backgroundDots: autoDraw = True
212.5355 	EXP 	stimulusDots: autoDraw = True
213.4373 	EXP 	New trial (rep=27, index=1): OrderedDict([('direction', 'left'), ('corrAns', 'left')])
213.4531 	EXP 	backgroundDots: autoDraw = False
213.4531 	EXP 	stimulusDots: autoDraw = False
214.2369 	EXP 	fixcross: autoDraw = True
215.0375 	EXP 	fixcross: autoDraw = False
215.0375 	EXP 	fixcross: autoDraw = False
215.0375 	EXP 	stimulusDots: dir = 180.0
215.0375 	EXP 	backgroundDots: autoDraw = True
215.0375 	EXP 	stimulusDots: autoDraw = True
217.7559 	EXP 	New trial (rep=28, index=0): OrderedDict([('direction', 'left'), ('corrAns', 'left')])
217.7731 	EXP 	backgroundDots: autoDraw = False
217.7731 	EXP 	stimulusDots: autoDraw = False
218.1068 	EXP 	fixcross: autoDraw = True
218.9074 	EXP 	fixcross: autoDraw = False
218.9074 	EXP 	fixcross: autoDraw = False
218.9074 	EXP 	stimulusDots: dir = 180.0
218.9074 	EXP 	backgroundDots: autoDraw = True
218.9074 	EXP 	stimulusDots: autoDraw = True
219.8926 	EXP 	New trial (rep=28, index=1): OrderedDict([('direction', 'right'), ('corrAns', 'right')])
219.9082 	EXP 	backgroundDots: autoDraw = False
219.9082 	EXP 	stimulusDots: autoDraw = False
220.2418 	EXP 	fixcross: autoDraw = True
221.0408 	EXP 	fixcross: autoDraw = False
221.0408 	EXP 	fixcross: autoDraw = False
221.0408 	EXP 	stimulusDots: dir = 0.0
221.0408 	EXP 	backgroundDots: autoDraw = True
221.0408 	EXP 	stimulusDots: autoDraw = True
221.7107 	EXP 	New trial (rep=29, index=0): OrderedDict([('direction', 'left'), ('corrAns', 'left')])
221.7264 	EXP 	backgroundDots: autoDraw = False
221.7264 	EXP 	stimulusDots: autoDraw = False
222.0585 	EXP 	fixcross: autoDraw = True
222.8607 	EXP 	fixcross: autoDraw = False
222.8607 	EXP 	fixcross: autoDraw = False
222.8607 	EXP 	stimulusDots: dir = 180.0
222.8607 	EXP 	backgroundDots: autoDraw = True
222.8607 	EXP 	stimulusDots: autoDraw = True
223.8459 	EXP 	New trial (rep=29, index=1): OrderedDict([('direction', 'right'), ('corrAns', 'right')])
223.8616 	EXP 	backgroundDots: autoDraw = False
223.8616 	EXP 	stimulusDots: autoDraw = False
225.0458 	EXP 	fixcross: autoDraw = True
225.8466 	EXP 	fixcross: autoDraw = False
225.8466 	EXP 	fixcross: autoDraw = False
225.8466 	EXP 	stimulusDots: dir = 0.0
225.8466 	EXP 	backgroundDots: autoDraw = True
225.8466 	EXP 	stimulusDots: autoDraw = True
226.5954 	EXP 	backgroundDots: autoDraw = False
226.5954 	EXP 	stimulusDots: autoDraw = False
226.5954 	EXP 	textInstr2: height = 0.03
226.5954 	EXP 	textInstr2: height = 0.03
226.5954 	EXP 	textInstr2: height = 0.03
226.5954 	EXP 	textInstr2: text = 'Wir sind nun mit dem ersten Hauptexperiment fertig und werden zum zweiten Hauptexperiment übergehen. Bitte versuchen Sie dieses Mal SO GENAU WIE MÖGLICH zu antworten. Drücken Sie [Leertaste], um das zweite Hauptexperiment zu starten.'
226.5954 	EXP 	textInstr2: autoDraw = True
233.6722 	EXP 	Imported random_dot_conditions.csv as conditions, 2 conditions, 2 params
233.6726 	EXP 	Created sequence: random, trialTypes=2, nReps=30, seed=None
233.6728 	EXP 	New trial (rep=0, index=0): OrderedDict([('direction', 'right'), ('corrAns', 'right')])
233.6847 	EXP 	textInstr2: autoDraw = False
234.4703 	EXP 	fixcross: autoDraw = True
235.2709 	EXP 	fixcross: autoDraw = False
235.2709 	EXP 	fixcross: autoDraw = False
235.2709 	EXP 	stimulusDots: dir = 0.0
235.2709 	EXP 	backgroundDots: autoDraw = True
235.2709 	EXP 	stimulusDots: autoDraw = True
236.0227 	EXP 	New trial (rep=0, index=1): OrderedDict([('direction', 'left'), ('corrAns', 'left')])
236.0383 	EXP 	backgroundDots: autoDraw = False
236.0383 	EXP 	stimulusDots: autoDraw = False
237.2226 	EXP 	fixcross: autoDraw = True
238.0217 	EXP 	fixcross: autoDraw = False
238.0217 	EXP 	fixcross: autoDraw = False
238.0217 	EXP 	stimulusDots: dir = 180.0
238.0217 	EXP 	backgroundDots: autoDraw = True
238.0217 	EXP 	stimulusDots: autoDraw = True
238.8067 	EXP 	New trial (rep=1, index=0): OrderedDict([('direction', 'right'), ('corrAns', 'right')])
238.8239 	EXP 	backgroundDots: autoDraw = False
238.8239 	EXP 	stimulusDots: autoDraw = False
239.6078 	EXP 	fixcross: autoDraw = True
240.4085 	EXP 	fixcross: autoDraw = False
240.4085 	EXP 	fixcross: autoDraw = False
240.4085 	EXP 	stimulusDots: dir = 0.0
240.4085 	EXP 	backgroundDots: autoDraw = True
240.4085 	EXP 	stimulusDots: autoDraw = True
241.2084 	EXP 	New trial (rep=1, index=1): OrderedDict([('direction', 'left'), ('corrAns', 'left')])
241.2260 	EXP 	backgroundDots: autoDraw = False
241.2260 	EXP 	stimulusDots: autoDraw = False
241.3095 	EXP 	fixcross: autoDraw = True
242.1266 	EXP 	fixcross: autoDraw = False
242.1266 	EXP 	fixcross: autoDraw = False
242.1266 	EXP 	stimulusDots: dir = 180.0
242.1266 	EXP 	backgroundDots: autoDraw = True
242.1266 	EXP 	stimulusDots: autoDraw = True
246.4478 	EXP 	New trial (rep=2, index=0): OrderedDict([('direction', 'left'), ('corrAns', 'left')])
246.4636 	EXP 	backgroundDots: autoDraw = False
246.4636 	EXP 	stimulusDots: autoDraw = False
246.5470 	EXP 	fixcross: autoDraw = True
247.3476 	EXP 	fixcross: autoDraw = False
247.3476 	EXP 	fixcross: autoDraw = False
247.3476 	EXP 	stimulusDots: dir = 180.0
247.3476 	EXP 	backgroundDots: autoDraw = True
247.3476 	EXP 	stimulusDots: autoDraw = True
250.1661 	EXP 	New trial (rep=2, index=1): OrderedDict([('direction', 'right'), ('corrAns', 'right')])
250.1834 	EXP 	backgroundDots: autoDraw = False
250.1834 	EXP 	stimulusDots: autoDraw = False
250.5169 	EXP 	fixcross: autoDraw = True
251.3175 	EXP 	fixcross: autoDraw = False
251.3175 	EXP 	fixcross: autoDraw = False
251.3175 	EXP 	stimulusDots: dir = 0.0
251.3175 	EXP 	backgroundDots: autoDraw = True
251.3175 	EXP 	stimulusDots: autoDraw = True
253.1035 	EXP 	New trial (rep=3, index=0): OrderedDict([('direction', 'right'), ('corrAns', 'right')])
253.1192 	EXP 	backgroundDots: autoDraw = False
253.1192 	EXP 	stimulusDots: autoDraw = False
253.4527 	EXP 	fixcross: autoDraw = True
254.2517 	EXP 	fixcross: autoDraw = False
254.2517 	EXP 	fixcross: autoDraw = False
254.2517 	EXP 	stimulusDots: dir = 0.0
254.2517 	EXP 	backgroundDots: autoDraw = True
254.2517 	EXP 	stimulusDots: autoDraw = True
255.5207 	EXP 	New trial (rep=3, index=1): OrderedDict([('direction', 'left'), ('corrAns', 'left')])
255.5377 	EXP 	backgroundDots: autoDraw = False
255.5377 	EXP 	stimulusDots: autoDraw = False
255.8713 	EXP 	fixcross: autoDraw = True
256.6719 	EXP 	fixcross: autoDraw = False
256.6719 	EXP 	fixcross: autoDraw = False
256.6719 	EXP 	stimulusDots: dir = 180.0
256.6719 	EXP 	backgroundDots: autoDraw = True
256.6719 	EXP 	stimulusDots: autoDraw = True
257.6057 	EXP 	New trial (rep=4, index=0): OrderedDict([('direction', 'right'), ('corrAns', 'right')])
257.6228 	EXP 	backgroundDots: autoDraw = False
257.6228 	EXP 	stimulusDots: autoDraw = False
258.4068 	EXP 	fixcross: autoDraw = True
259.2074 	EXP 	fixcross: autoDraw = False
259.2074 	EXP 	fixcross: autoDraw = False
259.2074 	EXP 	stimulusDots: dir = 0.0
259.2074 	EXP 	backgroundDots: autoDraw = True
259.2074 	EXP 	stimulusDots: autoDraw = True
259.8256 	EXP 	New trial (rep=4, index=1): OrderedDict([('direction', 'left'), ('corrAns', 'left')])
259.8413 	EXP 	backgroundDots: autoDraw = False
259.8413 	EXP 	stimulusDots: autoDraw = False
259.9248 	EXP 	fixcross: autoDraw = True
260.7420 	EXP 	fixcross: autoDraw = False
260.7420 	EXP 	fixcross: autoDraw = False
260.7420 	EXP 	stimulusDots: dir = 180.0
260.7420 	EXP 	backgroundDots: autoDraw = True
260.7420 	EXP 	stimulusDots: autoDraw = True
262.2110 	EXP 	New trial (rep=5, index=0): OrderedDict([('direction', 'left'), ('corrAns', 'left')])
262.2266 	EXP 	backgroundDots: autoDraw = False
262.2266 	EXP 	stimulusDots: autoDraw = False
263.4108 	EXP 	fixcross: autoDraw = True
264.2116 	EXP 	fixcross: autoDraw = False
264.2116 	EXP 	fixcross: autoDraw = False
264.2116 	EXP 	stimulusDots: dir = 180.0
264.2116 	EXP 	backgroundDots: autoDraw = True
264.2116 	EXP 	stimulusDots: autoDraw = True
269.1990 	EXP 	stimulusDots: autoDraw = False
269.9173 	EXP 	New trial (rep=5, index=1): OrderedDict([('direction', 'right'), ('corrAns', 'right')])
269.9330 	EXP 	backgroundDots: autoDraw = False
269.9330 	EXP 	stimulusDots: autoDraw = False
270.0148 	EXP 	fixcross: autoDraw = True
270.8154 	EXP 	fixcross: autoDraw = False
270.8154 	EXP 	fixcross: autoDraw = False
270.8154 	EXP 	stimulusDots: dir = 0.0
270.8154 	EXP 	backgroundDots: autoDraw = True
270.8154 	EXP 	stimulusDots: autoDraw = True
271.8508 	EXP 	New trial (rep=6, index=0): OrderedDict([('direction', 'right'), ('corrAns', 'right')])
271.8662 	EXP 	backgroundDots: autoDraw = False
271.8662 	EXP 	stimulusDots: autoDraw = False
272.2015 	EXP 	fixcross: autoDraw = True
273.0022 	EXP 	fixcross: autoDraw = False
273.0022 	EXP 	fixcross: autoDraw = False
273.0022 	EXP 	stimulusDots: dir = 0.0
273.0022 	EXP 	backgroundDots: autoDraw = True
273.0022 	EXP 	stimulusDots: autoDraw = True
273.9022 	EXP 	New trial (rep=6, index=1): OrderedDict([('direction', 'left'), ('corrAns', 'left')])
273.9197 	EXP 	backgroundDots: autoDraw = False
273.9197 	EXP 	stimulusDots: autoDraw = False
274.0029 	EXP 	fixcross: autoDraw = True
274.8019 	EXP 	fixcross: autoDraw = False
274.8019 	EXP 	fixcross: autoDraw = False
274.8019 	EXP 	stimulusDots: dir = 180.0
274.8019 	EXP 	backgroundDots: autoDraw = True
274.8019 	EXP 	stimulusDots: autoDraw = True
276.5894 	EXP 	New trial (rep=7, index=0): OrderedDict([('direction', 'left'), ('corrAns', 'left')])
276.6051 	EXP 	backgroundDots: autoDraw = False
276.6051 	EXP 	stimulusDots: autoDraw = False
276.9388 	EXP 	fixcross: autoDraw = True
277.7394 	EXP 	fixcross: autoDraw = False
277.7394 	EXP 	fixcross: autoDraw = False
277.7394 	EXP 	stimulusDots: dir = 180.0
277.7394 	EXP 	backgroundDots: autoDraw = True
277.7394 	EXP 	stimulusDots: autoDraw = True
279.9758 	EXP 	New trial (rep=7, index=1): OrderedDict([('direction', 'right'), ('corrAns', 'right')])
279.9913 	EXP 	backgroundDots: autoDraw = False
279.9913 	EXP 	stimulusDots: autoDraw = False
281.1739 	EXP 	fixcross: autoDraw = True
281.9762 	EXP 	fixcross: autoDraw = False
281.9762 	EXP 	fixcross: autoDraw = False
281.9762 	EXP 	stimulusDots: dir = 0.0
281.9762 	EXP 	backgroundDots: autoDraw = True
281.9762 	EXP 	stimulusDots: autoDraw = True
282.6597 	EXP 	New trial (rep=8, index=0): OrderedDict([('direction', 'left'), ('corrAns', 'left')])
282.6768 	EXP 	backgroundDots: autoDraw = False
282.6768 	EXP 	stimulusDots: autoDraw = False
282.7769 	EXP 	fixcross: autoDraw = True
283.5776 	EXP 	fixcross: autoDraw = False
283.5776 	EXP 	fixcross: autoDraw = False
283.5776 	EXP 	stimulusDots: dir = 180.0
283.5776 	EXP 	backgroundDots: autoDraw = True
283.5776 	EXP 	stimulusDots: autoDraw = True
284.9781 	EXP 	New trial (rep=8, index=1): OrderedDict([('direction', 'right'), ('corrAns', 'right')])
284.9954 	EXP 	backgroundDots: autoDraw = False
284.9954 	EXP 	stimulusDots: autoDraw = False
286.1797 	EXP 	fixcross: autoDraw = True
286.9805 	EXP 	fixcross: autoDraw = False
286.9805 	EXP 	fixcross: autoDraw = False
286.9805 	EXP 	stimulusDots: dir = 0.0
286.9805 	EXP 	backgroundDots: autoDraw = True
286.9805 	EXP 	stimulusDots: autoDraw = True
287.6988 	EXP 	New trial (rep=9, index=0): OrderedDict([('direction', 'right'), ('corrAns', 'right')])
287.7144 	EXP 	backgroundDots: autoDraw = False
287.7144 	EXP 	stimulusDots: autoDraw = False
288.0479 	EXP 	fixcross: autoDraw = True
288.8472 	EXP 	fixcross: autoDraw = False
288.8472 	EXP 	fixcross: autoDraw = False
288.8472 	EXP 	stimulusDots: dir = 0.0
288.8472 	EXP 	backgroundDots: autoDraw = True
288.8472 	EXP 	stimulusDots: autoDraw = True
289.8823 	EXP 	New trial (rep=9, index=1): OrderedDict([('direction', 'left'), ('corrAns', 'left')])
289.8995 	EXP 	backgroundDots: autoDraw = False
289.8995 	EXP 	stimulusDots: autoDraw = False
289.9829 	EXP 	fixcross: autoDraw = True
290.7835 	EXP 	fixcross: autoDraw = False
290.7835 	EXP 	fixcross: autoDraw = False
290.7835 	EXP 	stimulusDots: dir = 180.0
290.7835 	EXP 	backgroundDots: autoDraw = True
290.7835 	EXP 	stimulusDots: autoDraw = True
293.3034 	EXP 	New trial (rep=10, index=0): OrderedDict([('direction', 'right'), ('corrAns', 'right')])
293.3190 	EXP 	backgroundDots: autoDraw = False
293.3190 	EXP 	stimulusDots: autoDraw = False
293.4023 	EXP 	fixcross: autoDraw = True
294.2030 	EXP 	fixcross: autoDraw = False
294.2030 	EXP 	fixcross: autoDraw = False
294.2030 	EXP 	stimulusDots: dir = 0.0
294.2030 	EXP 	backgroundDots: autoDraw = True
294.2030 	EXP 	stimulusDots: autoDraw = True
295.8708 	EXP 	New trial (rep=10, index=1): OrderedDict([('direction', 'left'), ('corrAns', 'left')])
295.8878 	EXP 	backgroundDots: autoDraw = False
295.8878 	EXP 	stimulusDots: autoDraw = False
296.6717 	EXP 	fixcross: autoDraw = True
297.4723 	EXP 	fixcross: autoDraw = False
297.4723 	EXP 	fixcross: autoDraw = False
297.4723 	EXP 	stimulusDots: dir = 180.0
297.4723 	EXP 	backgroundDots: autoDraw = True
297.4723 	EXP 	stimulusDots: autoDraw = True
302.4582 	EXP 	stimulusDots: autoDraw = False
304.9632 	EXP 	New trial (rep=11, index=0): OrderedDict([('direction', 'left'), ('corrAns', 'left')])
304.9787 	EXP 	backgroundDots: autoDraw = False
304.9787 	EXP 	stimulusDots: autoDraw = False
305.3121 	EXP 	fixcross: autoDraw = True
306.1112 	EXP 	fixcross: autoDraw = False
306.1112 	EXP 	fixcross: autoDraw = False
306.1112 	EXP 	stimulusDots: dir = 180.0
306.1112 	EXP 	backgroundDots: autoDraw = True
306.1112 	EXP 	stimulusDots: autoDraw = True
306.5476 	EXP 	New trial (rep=11, index=1): OrderedDict([('direction', 'right'), ('corrAns', 'right')])
306.5632 	EXP 	backgroundDots: autoDraw = False
306.5632 	EXP 	stimulusDots: autoDraw = False
307.3473 	EXP 	fixcross: autoDraw = True
308.1629 	EXP 	fixcross: autoDraw = False
308.1629 	EXP 	fixcross: autoDraw = False
308.1629 	EXP 	stimulusDots: dir = 0.0
308.1629 	EXP 	backgroundDots: autoDraw = True
308.1629 	EXP 	stimulusDots: autoDraw = True
308.8330 	EXP 	New trial (rep=12, index=0): OrderedDict([('direction', 'right'), ('corrAns', 'right')])
308.8486 	EXP 	backgroundDots: autoDraw = False
308.8486 	EXP 	stimulusDots: autoDraw = False
308.9318 	EXP 	fixcross: autoDraw = True
309.7325 	EXP 	fixcross: autoDraw = False
309.7325 	EXP 	fixcross: autoDraw = False
309.7325 	EXP 	stimulusDots: dir = 0.0
309.7325 	EXP 	backgroundDots: autoDraw = True
309.7325 	EXP 	stimulusDots: autoDraw = True
310.9013 	EXP 	New trial (rep=12, index=1): OrderedDict([('direction', 'left'), ('corrAns', 'left')])
310.9153 	EXP 	backgroundDots: autoDraw = False
310.9153 	EXP 	stimulusDots: autoDraw = False
311.7176 	EXP 	fixcross: autoDraw = True
312.5181 	EXP 	fixcross: autoDraw = False
312.5181 	EXP 	fixcross: autoDraw = False
312.5181 	EXP 	stimulusDots: dir = 180.0
312.5181 	EXP 	backgroundDots: autoDraw = True
312.5181 	EXP 	stimulusDots: autoDraw = True
313.2864 	EXP 	New trial (rep=13, index=0): OrderedDict([('direction', 'left'), ('corrAns', 'left')])
313.3022 	EXP 	backgroundDots: autoDraw = False
313.3022 	EXP 	stimulusDots: autoDraw = False
314.4864 	EXP 	fixcross: autoDraw = True
315.2855 	EXP 	fixcross: autoDraw = False
315.2855 	EXP 	fixcross: autoDraw = False
315.2855 	EXP 	stimulusDots: dir = 180.0
315.2855 	EXP 	backgroundDots: autoDraw = True
315.2855 	EXP 	stimulusDots: autoDraw = True
316.0706 	EXP 	New trial (rep=13, index=1): OrderedDict([('direction', 'right'), ('corrAns', 'right')])
316.0879 	EXP 	backgroundDots: autoDraw = False
316.0879 	EXP 	stimulusDots: autoDraw = False
316.1711 	EXP 	fixcross: autoDraw = True
316.9718 	EXP 	fixcross: autoDraw = False
316.9718 	EXP 	fixcross: autoDraw = False
316.9718 	EXP 	stimulusDots: dir = 0.0
316.9718 	EXP 	backgroundDots: autoDraw = True
316.9718 	EXP 	stimulusDots: autoDraw = True
319.1747 	EXP 	New trial (rep=14, index=0): OrderedDict([('direction', 'right'), ('corrAns', 'right')])
319.1903 	EXP 	backgroundDots: autoDraw = False
319.1903 	EXP 	stimulusDots: autoDraw = False
319.2738 	EXP 	fixcross: autoDraw = True
320.0743 	EXP 	fixcross: autoDraw = False
320.0743 	EXP 	fixcross: autoDraw = False
320.0743 	EXP 	stimulusDots: dir = 0.0
320.0743 	EXP 	backgroundDots: autoDraw = True
320.0743 	EXP 	stimulusDots: autoDraw = True
321.1263 	EXP 	New trial (rep=14, index=1): OrderedDict([('direction', 'left'), ('corrAns', 'left')])
321.1420 	EXP 	backgroundDots: autoDraw = False
321.1420 	EXP 	stimulusDots: autoDraw = False
321.2254 	EXP 	fixcross: autoDraw = True
322.0259 	EXP 	fixcross: autoDraw = False
322.0259 	EXP 	fixcross: autoDraw = False
322.0259 	EXP 	stimulusDots: dir = 180.0
322.0259 	EXP 	backgroundDots: autoDraw = True
322.0259 	EXP 	stimulusDots: autoDraw = True
324.3940 	EXP 	New trial (rep=15, index=0): OrderedDict([('direction', 'left'), ('corrAns', 'left')])
324.4099 	EXP 	backgroundDots: autoDraw = False
324.4099 	EXP 	stimulusDots: autoDraw = False
325.1953 	EXP 	fixcross: autoDraw = True
325.9960 	EXP 	fixcross: autoDraw = False
325.9960 	EXP 	fixcross: autoDraw = False
325.9960 	EXP 	stimulusDots: dir = 180.0
325.9960 	EXP 	backgroundDots: autoDraw = True
325.9960 	EXP 	stimulusDots: autoDraw = True
326.6460 	EXP 	New trial (rep=15, index=1): OrderedDict([('direction', 'right'), ('corrAns', 'right')])
326.6616 	EXP 	backgroundDots: autoDraw = False
326.6616 	EXP 	stimulusDots: autoDraw = False
326.7450 	EXP 	fixcross: autoDraw = True
327.5472 	EXP 	fixcross: autoDraw = False
327.5472 	EXP 	fixcross: autoDraw = False
327.5472 	EXP 	stimulusDots: dir = 0.0
327.5472 	EXP 	backgroundDots: autoDraw = True
327.5472 	EXP 	stimulusDots: autoDraw = True
328.3327 	EXP 	New trial (rep=16, index=0): OrderedDict([('direction', 'right'), ('corrAns', 'right')])
328.3481 	EXP 	backgroundDots: autoDraw = False
328.3481 	EXP 	stimulusDots: autoDraw = False
329.5321 	EXP 	fixcross: autoDraw = True
330.3329 	EXP 	fixcross: autoDraw = False
330.3329 	EXP 	fixcross: autoDraw = False
330.3329 	EXP 	stimulusDots: dir = 0.0
330.3329 	EXP 	backgroundDots: autoDraw = True
330.3329 	EXP 	stimulusDots: autoDraw = True
331.2515 	EXP 	New trial (rep=16, index=1): OrderedDict([('direction', 'left'), ('corrAns', 'left')])
331.2670 	EXP 	backgroundDots: autoDraw = False
331.2670 	EXP 	stimulusDots: autoDraw = False
332.4513 	EXP 	fixcross: autoDraw = True
333.2520 	EXP 	fixcross: autoDraw = False
333.2520 	EXP 	fixcross: autoDraw = False
333.2520 	EXP 	stimulusDots: dir = 180.0
333.2520 	EXP 	backgroundDots: autoDraw = True
333.2520 	EXP 	stimulusDots: autoDraw = True
334.6043 	EXP 	New trial (rep=17, index=0): OrderedDict([('direction', 'right'), ('corrAns', 'right')])
334.6199 	EXP 	backgroundDots: autoDraw = False
334.6199 	EXP 	stimulusDots: autoDraw = False
335.4038 	EXP 	fixcross: autoDraw = True
336.2027 	EXP 	fixcross: autoDraw = False
336.2027 	EXP 	fixcross: autoDraw = False
336.2027 	EXP 	stimulusDots: dir = 0.0
336.2027 	EXP 	backgroundDots: autoDraw = True
336.2027 	EXP 	stimulusDots: autoDraw = True
336.8729 	EXP 	New trial (rep=17, index=1): OrderedDict([('direction', 'left'), ('corrAns', 'left')])
336.8883 	EXP 	backgroundDots: autoDraw = False
336.8883 	EXP 	stimulusDots: autoDraw = False
337.6723 	EXP 	fixcross: autoDraw = True
338.4730 	EXP 	fixcross: autoDraw = False
338.4730 	EXP 	fixcross: autoDraw = False
338.4730 	EXP 	stimulusDots: dir = 180.0
338.4730 	EXP 	backgroundDots: autoDraw = True
338.4730 	EXP 	stimulusDots: autoDraw = True
339.2231 	EXP 	New trial (rep=18, index=0): OrderedDict([('direction', 'right'), ('corrAns', 'right')])
339.2403 	EXP 	backgroundDots: autoDraw = False
339.2403 	EXP 	stimulusDots: autoDraw = False
339.3220 	EXP 	fixcross: autoDraw = True
340.1227 	EXP 	fixcross: autoDraw = False
340.1227 	EXP 	fixcross: autoDraw = False
340.1227 	EXP 	stimulusDots: dir = 0.0
340.1227 	EXP 	backgroundDots: autoDraw = True
340.1227 	EXP 	stimulusDots: autoDraw = True
341.2081 	EXP 	New trial (rep=18, index=1): OrderedDict([('direction', 'left'), ('corrAns', 'left')])
341.2253 	EXP 	backgroundDots: autoDraw = False
341.2253 	EXP 	stimulusDots: autoDraw = False
341.5589 	EXP 	fixcross: autoDraw = True
342.3596 	EXP 	fixcross: autoDraw = False
342.3596 	EXP 	fixcross: autoDraw = False
342.3596 	EXP 	stimulusDots: dir = 180.0
342.3596 	EXP 	backgroundDots: autoDraw = True
342.3596 	EXP 	stimulusDots: autoDraw = True
343.4432 	EXP 	New trial (rep=19, index=0): OrderedDict([('direction', 'left'), ('corrAns', 'left')])
343.4588 	EXP 	backgroundDots: autoDraw = False
343.4588 	EXP 	stimulusDots: autoDraw = False
344.2444 	EXP 	fixcross: autoDraw = True
345.0435 	EXP 	fixcross: autoDraw = False
345.0435 	EXP 	fixcross: autoDraw = False
345.0435 	EXP 	stimulusDots: dir = 180.0
345.0435 	EXP 	backgroundDots: autoDraw = True
345.0435 	EXP 	stimulusDots: autoDraw = True
345.7117 	EXP 	New trial (rep=19, index=1): OrderedDict([('direction', 'right'), ('corrAns', 'right')])
345.7290 	EXP 	backgroundDots: autoDraw = False
345.7290 	EXP 	stimulusDots: autoDraw = False
345.8124 	EXP 	fixcross: autoDraw = True
346.6129 	EXP 	fixcross: autoDraw = False
346.6129 	EXP 	fixcross: autoDraw = False
346.6129 	EXP 	stimulusDots: dir = 0.0
346.6129 	EXP 	backgroundDots: autoDraw = True
346.6129 	EXP 	stimulusDots: autoDraw = True
347.3479 	EXP 	New trial (rep=20, index=0): OrderedDict([('direction', 'right'), ('corrAns', 'right')])
347.3636 	EXP 	backgroundDots: autoDraw = False
347.3636 	EXP 	stimulusDots: autoDraw = False
347.4455 	EXP 	fixcross: autoDraw = True
348.2477 	EXP 	fixcross: autoDraw = False
348.2477 	EXP 	fixcross: autoDraw = False
348.2477 	EXP 	stimulusDots: dir = 0.0
348.2477 	EXP 	backgroundDots: autoDraw = True
348.2477 	EXP 	stimulusDots: autoDraw = True
349.0660 	EXP 	New trial (rep=20, index=1): OrderedDict([('direction', 'left'), ('corrAns', 'left')])
349.0801 	EXP 	backgroundDots: autoDraw = False
349.0801 	EXP 	stimulusDots: autoDraw = False
349.1802 	EXP 	fixcross: autoDraw = True
349.9809 	EXP 	fixcross: autoDraw = False
349.9809 	EXP 	fixcross: autoDraw = False
349.9809 	EXP 	stimulusDots: dir = 180.0
349.9809 	EXP 	backgroundDots: autoDraw = True
349.9809 	EXP 	stimulusDots: autoDraw = True
350.4822 	EXP 	New trial (rep=21, index=0): OrderedDict([('direction', 'right'), ('corrAns', 'right')])
350.4995 	EXP 	backgroundDots: autoDraw = False
350.4995 	EXP 	stimulusDots: autoDraw = False
351.6823 	EXP 	fixcross: autoDraw = True
352.4846 	EXP 	fixcross: autoDraw = False
352.4846 	EXP 	fixcross: autoDraw = False
352.4846 	EXP 	stimulusDots: dir = 0.0
352.4846 	EXP 	backgroundDots: autoDraw = True
352.4846 	EXP 	stimulusDots: autoDraw = True
352.9859 	EXP 	New trial (rep=21, index=1): OrderedDict([('direction', 'left'), ('corrAns', 'left')])
353.0017 	EXP 	backgroundDots: autoDraw = False
353.0017 	EXP 	stimulusDots: autoDraw = False
353.0850 	EXP 	fixcross: autoDraw = True
353.8858 	EXP 	fixcross: autoDraw = False
353.8858 	EXP 	fixcross: autoDraw = False
353.8858 	EXP 	stimulusDots: dir = 180.0
353.8858 	EXP 	backgroundDots: autoDraw = True
353.8858 	EXP 	stimulusDots: autoDraw = True
354.3871 	EXP 	New trial (rep=22, index=0): OrderedDict([('direction', 'left'), ('corrAns', 'left')])
354.4028 	EXP 	backgroundDots: autoDraw = False
354.4028 	EXP 	stimulusDots: autoDraw = False
355.1869 	EXP 	fixcross: autoDraw = True
355.9875 	EXP 	fixcross: autoDraw = False
355.9875 	EXP 	fixcross: autoDraw = False
355.9875 	EXP 	stimulusDots: dir = 180.0
355.9875 	EXP 	backgroundDots: autoDraw = True
355.9875 	EXP 	stimulusDots: autoDraw = True
356.6224 	EXP 	New trial (rep=22, index=1): OrderedDict([('direction', 'right'), ('corrAns', 'right')])
356.6380 	EXP 	backgroundDots: autoDraw = False
356.6380 	EXP 	stimulusDots: autoDraw = False
356.7213 	EXP 	fixcross: autoDraw = True
357.5220 	EXP 	fixcross: autoDraw = False
357.5220 	EXP 	fixcross: autoDraw = False
357.5220 	EXP 	stimulusDots: dir = 0.0
357.5220 	EXP 	backgroundDots: autoDraw = True
357.5220 	EXP 	stimulusDots: autoDraw = True
358.1052 	EXP 	New trial (rep=23, index=0): OrderedDict([('direction', 'left'), ('corrAns', 'left')])
358.1209 	EXP 	backgroundDots: autoDraw = False
358.1209 	EXP 	stimulusDots: autoDraw = False
358.2059 	EXP 	fixcross: autoDraw = True
359.0050 	EXP 	fixcross: autoDraw = False
359.0050 	EXP 	fixcross: autoDraw = False
359.0050 	EXP 	stimulusDots: dir = 180.0
359.0050 	EXP 	backgroundDots: autoDraw = True
359.0050 	EXP 	stimulusDots: autoDraw = True
359.6567 	EXP 	New trial (rep=23, index=1): OrderedDict([('direction', 'right'), ('corrAns', 'right')])
359.6738 	EXP 	backgroundDots: autoDraw = False
359.6738 	EXP 	stimulusDots: autoDraw = False
359.7572 	EXP 	fixcross: autoDraw = True
360.5563 	EXP 	fixcross: autoDraw = False
360.5563 	EXP 	fixcross: autoDraw = False
360.5563 	EXP 	stimulusDots: dir = 0.0
360.5563 	EXP 	backgroundDots: autoDraw = True
360.5563 	EXP 	stimulusDots: autoDraw = True
361.2245 	EXP 	New trial (rep=24, index=0): OrderedDict([('direction', 'left'), ('corrAns', 'left')])
361.2417 	EXP 	backgroundDots: autoDraw = False
361.2417 	EXP 	stimulusDots: autoDraw = False
361.3236 	EXP 	fixcross: autoDraw = True
362.1242 	EXP 	fixcross: autoDraw = False
362.1242 	EXP 	fixcross: autoDraw = False
362.1242 	EXP 	stimulusDots: dir = 180.0
362.1242 	EXP 	backgroundDots: autoDraw = True
362.1242 	EXP 	stimulusDots: autoDraw = True
362.7757 	EXP 	New trial (rep=24, index=1): OrderedDict([('direction', 'right'), ('corrAns', 'right')])
362.7932 	EXP 	backgroundDots: autoDraw = False
362.7932 	EXP 	stimulusDots: autoDraw = False
363.1250 	EXP 	fixcross: autoDraw = True
363.9273 	EXP 	fixcross: autoDraw = False
363.9273 	EXP 	fixcross: autoDraw = False
363.9273 	EXP 	stimulusDots: dir = 0.0
363.9273 	EXP 	backgroundDots: autoDraw = True
363.9273 	EXP 	stimulusDots: autoDraw = True
364.6288 	EXP 	New trial (rep=25, index=0): OrderedDict([('direction', 'left'), ('corrAns', 'left')])
364.6448 	EXP 	backgroundDots: autoDraw = False
364.6448 	EXP 	stimulusDots: autoDraw = False
365.8289 	EXP 	fixcross: autoDraw = True
366.6295 	EXP 	fixcross: autoDraw = False
366.6295 	EXP 	fixcross: autoDraw = False
366.6295 	EXP 	stimulusDots: dir = 180.0
366.6295 	EXP 	backgroundDots: autoDraw = True
366.6295 	EXP 	stimulusDots: autoDraw = True
367.1478 	EXP 	New trial (rep=25, index=1): OrderedDict([('direction', 'right'), ('corrAns', 'right')])
367.1634 	EXP 	backgroundDots: autoDraw = False
367.1634 	EXP 	stimulusDots: autoDraw = False
367.2468 	EXP 	fixcross: autoDraw = True
368.0458 	EXP 	fixcross: autoDraw = False
368.0458 	EXP 	fixcross: autoDraw = False
368.0458 	EXP 	stimulusDots: dir = 0.0
368.0458 	EXP 	backgroundDots: autoDraw = True
368.0458 	EXP 	stimulusDots: autoDraw = True
368.6306 	EXP 	New trial (rep=26, index=0): OrderedDict([('direction', 'right'), ('corrAns', 'right')])
368.6463 	EXP 	backgroundDots: autoDraw = False
368.6463 	EXP 	stimulusDots: autoDraw = False
368.9798 	EXP 	fixcross: autoDraw = True
369.7806 	EXP 	fixcross: autoDraw = False
369.7806 	EXP 	fixcross: autoDraw = False
369.7806 	EXP 	stimulusDots: dir = 0.0
369.7806 	EXP 	backgroundDots: autoDraw = True
369.7806 	EXP 	stimulusDots: autoDraw = True
370.5005 	EXP 	New trial (rep=26, index=1): OrderedDict([('direction', 'left'), ('corrAns', 'left')])
370.5163 	EXP 	backgroundDots: autoDraw = False
370.5163 	EXP 	stimulusDots: autoDraw = False
370.6146 	EXP 	fixcross: autoDraw = True
371.4153 	EXP 	fixcross: autoDraw = False
371.4153 	EXP 	fixcross: autoDraw = False
371.4153 	EXP 	stimulusDots: dir = 180.0
371.4153 	EXP 	backgroundDots: autoDraw = True
371.4153 	EXP 	stimulusDots: autoDraw = True
371.9170 	EXP 	New trial (rep=27, index=0): OrderedDict([('direction', 'left'), ('corrAns', 'left')])
371.9323 	EXP 	backgroundDots: autoDraw = False
371.9323 	EXP 	stimulusDots: autoDraw = False
373.1183 	EXP 	fixcross: autoDraw = True
373.9189 	EXP 	fixcross: autoDraw = False
373.9189 	EXP 	fixcross: autoDraw = False
373.9189 	EXP 	stimulusDots: dir = 180.0
373.9189 	EXP 	backgroundDots: autoDraw = True
373.9189 	EXP 	stimulusDots: autoDraw = True
374.4037 	EXP 	New trial (rep=27, index=1): OrderedDict([('direction', 'right'), ('corrAns', 'right')])
374.4178 	EXP 	backgroundDots: autoDraw = False
374.4178 	EXP 	stimulusDots: autoDraw = False
375.2033 	EXP 	fixcross: autoDraw = True
376.0040 	EXP 	fixcross: autoDraw = False
376.0040 	EXP 	fixcross: autoDraw = False
376.0040 	EXP 	stimulusDots: dir = 0.0
376.0040 	EXP 	backgroundDots: autoDraw = True
376.0040 	EXP 	stimulusDots: autoDraw = True
376.5723 	EXP 	New trial (rep=28, index=0): OrderedDict([('direction', 'left'), ('corrAns', 'left')])
376.5878 	EXP 	backgroundDots: autoDraw = False
376.5878 	EXP 	stimulusDots: autoDraw = False
376.9215 	EXP 	fixcross: autoDraw = True
377.7221 	EXP 	fixcross: autoDraw = False
377.7221 	EXP 	fixcross: autoDraw = False
377.7221 	EXP 	stimulusDots: dir = 180.0
377.7221 	EXP 	backgroundDots: autoDraw = True
377.7221 	EXP 	stimulusDots: autoDraw = True
378.3570 	EXP 	New trial (rep=28, index=1): OrderedDict([('direction', 'right'), ('corrAns', 'right')])
378.3727 	EXP 	backgroundDots: autoDraw = False
378.3727 	EXP 	stimulusDots: autoDraw = False
378.7213 	EXP 	fixcross: autoDraw = True
379.5237 	EXP 	fixcross: autoDraw = False
379.5237 	EXP 	fixcross: autoDraw = False
379.5237 	EXP 	stimulusDots: dir = 0.0
379.5237 	EXP 	backgroundDots: autoDraw = True
379.5237 	EXP 	stimulusDots: autoDraw = True
380.1251 	EXP 	New trial (rep=29, index=0): OrderedDict([('direction', 'right'), ('corrAns', 'right')])
380.1407 	EXP 	backgroundDots: autoDraw = False
380.1407 	EXP 	stimulusDots: autoDraw = False
380.9247 	EXP 	fixcross: autoDraw = True
381.7254 	EXP 	fixcross: autoDraw = False
381.7254 	EXP 	fixcross: autoDraw = False
381.7254 	EXP 	stimulusDots: dir = 0.0
381.7254 	EXP 	backgroundDots: autoDraw = True
381.7254 	EXP 	stimulusDots: autoDraw = True
382.2601 	EXP 	New trial (rep=29, index=1): OrderedDict([('direction', 'left'), ('corrAns', 'left')])
382.2758 	EXP 	backgroundDots: autoDraw = False
382.2758 	EXP 	stimulusDots: autoDraw = False
383.4602 	EXP 	fixcross: autoDraw = True
384.2608 	EXP 	fixcross: autoDraw = False
384.2608 	EXP 	fixcross: autoDraw = False
384.2608 	EXP 	stimulusDots: dir = 180.0
384.2608 	EXP 	backgroundDots: autoDraw = True
384.2608 	EXP 	stimulusDots: autoDraw = True
384.7763 	EXP 	backgroundDots: autoDraw = False
384.7763 	EXP 	stimulusDots: autoDraw = False
384.7763 	EXP 	goodbye_text: autoDraw = True
389.7806 	EXP 	goodbye_text: autoDraw = False
389.7807 	EXP 	random_dot: status = STOPPED
389.8184 	EXP 	window1: mouseVisible = True
