1.9802 	ERROR 	Support for the `sounddevice` audio backend is not available this session. Please install `psychopy-sounddevice` and restart the session to enable support.
6.1299 	EXP 	Created window1 = Window(allowGUI=True, allowStencil=False, autoLog=True, backendConf=UNKNOWN, backgroundFit=<method-wrapper '__getattribute__' of attributeSetter object at 0x00000173EA02FCD0>, backgroundImage=<method-wrapper '__getattribute__' of attributeSetter object at 0x00000173EA02F970>, bitsMode=UNKNOWN, blendMode='avg', bpc=(8, 8, 8), color=array([0, 0, 0]), colorSpace='rgb', depthBits=8, fullscr=<method-wrapper '__getattribute__' of attributeSetter object at 0x00000173EA02FAF0>, gamma=None, gammaErrorPolicy='raise', lms=UNKNOWN, monitor=<psychopy.monitors.calibTools.Monitor object at 0x00000173EA3BF4F0>, multiSample=False, name='window1', numSamples=2, pos=(0, 0), screen=0, size=array([1920, 1200]), stencilBits=0, stereo=False, title='PsychoPy', units='height', useFBO=True, useRetina=False, viewOri=0.0, viewPos=None, viewScale=None, waitBlanking=True, winType='pyglet')
6.1299 	EXP 	window1: mouseVisible = True
6.1299 	EXP 	window1: backgroundImage = ''
6.1300 	EXP 	window1: backgroundFit = 'none'
6.1313 	EXP 	window1: Attempting to measure frame rate of screen (0) ...
6.1313 	EXP 	window1: recordFrameIntervals = False
6.2966 	EXP 	window1: recordFrameIntervals = True
6.4803 	EXP 	Screen (0) actual frame rate measured at 59.93Hz
6.4803 	EXP 	window1: recordFrameIntervals = False
6.4804 	EXP 	window1: mouseVisible = False
7.8767 	EXP 	random_dot: status = STARTED
7.8773 	EXP 	window1: mouseVisible = True
7.9310 	EXP 	Created textInstr = TextStim(__class__=<class 'psychopy.visual.text.TextStim'>, alignHoriz=method-wrapper(...), alignText='center', alignVert=method-wrapper(...), anchorHoriz='center', anchorVert='center', antialias=True, autoDraw=False, autoLog=True, bold=False, color=array([1., 1., 1.]), colorSpace='rgb', contrast=1.0, depth=0.0, draggable=False, flipHoriz=False, flipVert=False, font='Open Sans', fontFiles=[], height=0.03, italic=False, languageStyle='LTR', name='textInstr', opacity=1.0, ori=0.0, pos=array([0., 0.]), rgb=UNKNOWN, text=str(...), units='height', win=Window(...), wrapWidth=1)
7.9314 	EXP 	window1: mouseVisible = True
7.9352 	EXP 	Created fixcross = TextStim(__class__=<class 'psychopy.visual.text.TextStim'>, alignHoriz=method-wrapper(...), alignText='center', alignVert=method-wrapper(...), anchorHoriz='center', anchorVert='center', antialias=True, autoDraw=False, autoLog=True, bold=False, color=array([1., 1., 1.]), colorSpace='rgb', contrast=1.0, depth=-1.0, draggable=False, flipHoriz=False, flipVert=False, font='Open Sans', fontFiles=[], height=0.08, italic=False, languageStyle='LTR', name='fixcross', opacity=1.0, ori=0.0, pos=array([0., 0.]), rgb=UNKNOWN, text='+', units='height', win=Window(...), wrapWidth=1)
7.9353 	EXP 	window1: mouseVisible = True
7.9388 	EXP 	Created backgroundDots = ShapeStim(__class__=<class 'psychopy.visual.shape.ShapeStim'>, anchor=('center', 'center'), autoDraw=False, autoLog=True, closeShape=True, color=method-wrapper(...), colorSpace='rgb', contrast=None, depth=-1.0, draggable=False, fillColor=array([-1, -1, -1]), fillColorSpace='rgb', fillRGB=array([-1, -1, -1]), interpolate=True, lineColor=array([-1., -1., -1.]), lineColorSpace='rgb', lineRGB=array([-1, -1, -1]), lineWidth=1.0, name='backgroundDots', opacity=1.0, ori=0.0, pos=array([0., 0.]), size=array([0.75, 0.75]), units='height', vertices=ndarray(...), win=Window(...), windingRule=None)
7.9403 	EXP 	Created stimulusDots = DotStim(__class__=<class 'psychopy.visual.dot.DotStim'>, autoLog=True, coherence=0.08, color=array([1., 1., 1.]), colorSpace='rgb', contrast=1.0, depth=-2.0, dir=1.0, dotLife=3.0, dotSize=10.0, element=None, fieldAnchor=UNKNOWN, fieldPos=array([0., 0.]), fieldShape='circle', fieldSize=array([0.75, 0.75]), nDots=250, name='stimulusDots', noiseDots='walk', opacity=1.0, rgb=UNKNOWN, signalDots='same', speed=0.0125, units='height', win=Window(...))
7.9404 	EXP 	window1: mouseVisible = True
7.9416 	EXP 	Created textFeedback = TextStim(__class__=<class 'psychopy.visual.text.TextStim'>, alignHoriz=method-wrapper(...), alignText='center', alignVert=method-wrapper(...), anchorHoriz='center', anchorVert='center', antialias=True, autoDraw=False, autoLog=True, bold=False, color=array([1., 1., 1.]), colorSpace='rgb', contrast=1.0, depth=-1.0, draggable=False, flipHoriz=False, flipVert=False, font='Open Sans', fontFiles=[], height=0.07, italic=False, languageStyle='LTR', name='textFeedback', opacity=1.0, ori=0.0, pos=array([0., 0.]), rgb=UNKNOWN, text='', units='height', win=Window(...), wrapWidth=1)
7.9417 	EXP 	window1: mouseVisible = True
7.9425 	EXP 	Created textInst1 = TextStim(__class__=<class 'psychopy.visual.text.TextStim'>, alignHoriz=method-wrapper(...), alignText='center', alignVert=method-wrapper(...), anchorHoriz='center', anchorVert='center', antialias=True, autoDraw=False, autoLog=True, bold=False, color=array([1., 1., 1.]), colorSpace='rgb', contrast=1.0, depth=-1.0, draggable=False, flipHoriz=False, flipVert=False, font='Open Sans', fontFiles=[], height=0.03, italic=False, languageStyle='LTR', name='textInst1', opacity=1.0, ori=0.0, pos=array([0., 0.]), rgb=UNKNOWN, text='', units='height', win=Window(...), wrapWidth=1)
7.9426 	EXP 	window1: mouseVisible = True
7.9451 	EXP 	Created fixcross = TextStim(__class__=<class 'psychopy.visual.text.TextStim'>, alignHoriz=method-wrapper(...), alignText='center', alignVert=method-wrapper(...), anchorHoriz='center', anchorVert='center', antialias=True, autoDraw=False, autoLog=True, bold=False, color=array([1., 1., 1.]), colorSpace='rgb', contrast=1.0, depth=-1.0, draggable=False, flipHoriz=False, flipVert=False, font='Open Sans', fontFiles=[], height=0.08, italic=False, languageStyle='LTR', name='fixcross', opacity=1.0, ori=0.0, pos=array([0., 0.]), rgb=UNKNOWN, text='+', units='height', win=Window(...), wrapWidth=1)
7.9452 	EXP 	window1: mouseVisible = True
7.9481 	EXP 	Created backgroundDots = ShapeStim(__class__=<class 'psychopy.visual.shape.ShapeStim'>, anchor=('center', 'center'), autoDraw=False, autoLog=True, closeShape=True, color=method-wrapper(...), colorSpace='rgb', contrast=None, depth=-1.0, draggable=False, fillColor=array([-1, -1, -1]), fillColorSpace='rgb', fillRGB=array([-1, -1, -1]), interpolate=True, lineColor=array([-1., -1., -1.]), lineColorSpace='rgb', lineRGB=array([-1, -1, -1]), lineWidth=1.0, name='backgroundDots', opacity=1.0, ori=0.0, pos=array([0., 0.]), size=array([0.75, 0.75]), units='height', vertices=ndarray(...), win=Window(...), windingRule=None)
7.9490 	EXP 	Created stimulusDots = DotStim(__class__=<class 'psychopy.visual.dot.DotStim'>, autoLog=True, coherence=0.08, color=array([1., 1., 1.]), colorSpace='rgb', contrast=1.0, depth=-2.0, dir=1.0, dotLife=3.0, dotSize=10.0, element=None, fieldAnchor=UNKNOWN, fieldPos=array([0., 0.]), fieldShape='circle', fieldSize=array([0.75, 0.75]), nDots=250, name='stimulusDots', noiseDots='walk', opacity=1.0, rgb=UNKNOWN, signalDots='same', speed=0.0125, units='height', win=Window(...))
7.9491 	EXP 	window1: mouseVisible = True
7.9500 	EXP 	Created textInstr2 = TextStim(__class__=<class 'psychopy.visual.text.TextStim'>, alignHoriz=method-wrapper(...), alignText='center', alignVert=method-wrapper(...), anchorHoriz='center', anchorVert='center', antialias=True, autoDraw=False, autoLog=True, bold=False, color=array([1., 1., 1.]), colorSpace='rgb', contrast=1.0, depth=-1.0, draggable=False, flipHoriz=False, flipVert=False, font='Open Sans', fontFiles=[], height=0.03, italic=False, languageStyle='LTR', name='textInstr2', opacity=1.0, ori=0.0, pos=array([0., 0.]), rgb=UNKNOWN, text='', units='height', win=Window(...), wrapWidth=1)
7.9501 	EXP 	window1: mouseVisible = True
7.9519 	EXP 	Created fixcross = TextStim(__class__=<class 'psychopy.visual.text.TextStim'>, alignHoriz=method-wrapper(...), alignText='center', alignVert=method-wrapper(...), anchorHoriz='center', anchorVert='center', antialias=True, autoDraw=False, autoLog=True, bold=False, color=array([1., 1., 1.]), colorSpace='rgb', contrast=1.0, depth=-1.0, draggable=False, flipHoriz=False, flipVert=False, font='Open Sans', fontFiles=[], height=0.08, italic=False, languageStyle='LTR', name='fixcross', opacity=1.0, ori=0.0, pos=array([0., 0.]), rgb=UNKNOWN, text='+', units='height', win=Window(...), wrapWidth=1)
7.9520 	EXP 	window1: mouseVisible = True
7.9548 	EXP 	Created backgroundDots = ShapeStim(__class__=<class 'psychopy.visual.shape.ShapeStim'>, anchor=('center', 'center'), autoDraw=False, autoLog=True, closeShape=True, color=method-wrapper(...), colorSpace='rgb', contrast=None, depth=-1.0, draggable=False, fillColor=array([-1, -1, -1]), fillColorSpace='rgb', fillRGB=array([-1, -1, -1]), interpolate=True, lineColor=array([-1., -1., -1.]), lineColorSpace='rgb', lineRGB=array([-1, -1, -1]), lineWidth=1.0, name='backgroundDots', opacity=1.0, ori=0.0, pos=array([0., 0.]), size=array([0.75, 0.75]), units='height', vertices=ndarray(...), win=Window(...), windingRule=None)
7.9557 	EXP 	Created stimulusDots = DotStim(__class__=<class 'psychopy.visual.dot.DotStim'>, autoLog=True, coherence=0.08, color=array([1., 1., 1.]), colorSpace='rgb', contrast=1.0, depth=-2.0, dir=1.0, dotLife=3.0, dotSize=10.0, element=None, fieldAnchor=UNKNOWN, fieldPos=array([0., 0.]), fieldShape='circle', fieldSize=array([0.75, 0.75]), nDots=250, name='stimulusDots', noiseDots='walk', opacity=1.0, rgb=UNKNOWN, signalDots='same', speed=0.0125, units='height', win=Window(...))
7.9558 	EXP 	window1: mouseVisible = True
7.9683 	EXP 	Created goodbye_text = TextStim(__class__=<class 'psychopy.visual.text.TextStim'>, alignHoriz=method-wrapper(...), alignText='center', alignVert=method-wrapper(...), anchorHoriz='center', anchorVert='center', antialias=True, autoDraw=False, autoLog=True, bold=False, color=array([1., 1., 1.]), colorSpace='rgb', contrast=1.0, depth=0.0, draggable=False, flipHoriz=False, flipVert=False, font='Open Sans', fontFiles=[], height=0.03, italic=False, languageStyle='LTR', name='goodbye_text', opacity=1.0, ori=0.0, pos=array([0., 0.]), rgb=UNKNOWN, text=str(...), units='height', win=Window(...), wrapWidth=1)
0.0640 	EXP 	textInstr: autoDraw = True
1.1722 	EXP 	Imported random_dot_conditions.csv as conditions, 2 conditions, 3 params
1.1725 	EXP 	Created sequence: random, trialTypes=2, nReps=2, seed=None
1.1726 	EXP 	New trial (rep=0, index=0): OrderedDict([('direction', 'left'), ('corrAns', 'left'), ('instruction_csv', None)])
1.1809 	EXP 	textInstr: autoDraw = False
1.5313 	EXP 	fixcross: autoDraw = True
2.3320 	EXP 	fixcross: autoDraw = False
2.3320 	EXP 	fixcross: autoDraw = False
2.3320 	EXP 	stimulusDots: dir = 180.0
2.3320 	EXP 	backgroundDots: autoDraw = True
2.3320 	EXP 	stimulusDots: autoDraw = True
3.0158 	EXP 	backgroundDots: autoDraw = False
3.0158 	EXP 	stimulusDots: autoDraw = False
3.0158 	EXP 	textFeedback: height = 0.07
3.0158 	EXP 	textFeedback: height = 0.07
3.0158 	EXP 	textFeedback: height = 0.07
3.0158 	EXP 	textFeedback: text = 'richtig'
3.0158 	EXP 	textFeedback: autoDraw = True
3.5002 	EXP 	New trial (rep=0, index=1): OrderedDict([('direction', 'right'), ('corrAns', 'right'), ('instruction_csv', None)])
3.5163 	EXP 	textFeedback: autoDraw = False
3.5163 	EXP 	textFeedback: autoDraw = False
4.3002 	EXP 	fixcross: autoDraw = True
5.1012 	EXP 	fixcross: autoDraw = False
5.1012 	EXP 	fixcross: autoDraw = False
5.1012 	EXP 	stimulusDots: dir = 0.0
5.1012 	EXP 	backgroundDots: autoDraw = True
5.1012 	EXP 	stimulusDots: autoDraw = True
5.3344 	EXP 	backgroundDots: autoDraw = False
5.3344 	EXP 	stimulusDots: autoDraw = False
5.3344 	EXP 	textFeedback: height = 0.07
5.3344 	EXP 	textFeedback: height = 0.07
5.3344 	EXP 	textFeedback: height = 0.07
5.3344 	EXP 	textFeedback: text = 'falsch'
5.3344 	EXP 	textFeedback: autoDraw = True
5.8190 	EXP 	New trial (rep=1, index=0): OrderedDict([('direction', 'right'), ('corrAns', 'right'), ('instruction_csv', None)])
5.8353 	EXP 	textFeedback: autoDraw = False
5.8353 	EXP 	textFeedback: autoDraw = False
6.6189 	EXP 	fixcross: autoDraw = True
7.4195 	EXP 	fixcross: autoDraw = False
7.4195 	EXP 	fixcross: autoDraw = False
7.4195 	EXP 	stimulusDots: dir = 0.0
7.4195 	EXP 	backgroundDots: autoDraw = True
7.4195 	EXP 	stimulusDots: autoDraw = True
7.6366 	EXP 	backgroundDots: autoDraw = False
7.6366 	EXP 	stimulusDots: autoDraw = False
7.6366 	EXP 	textFeedback: text = 'falsch'
7.6366 	EXP 	textFeedback: autoDraw = True
8.1206 	EXP 	New trial (rep=1, index=1): OrderedDict([('direction', 'left'), ('corrAns', 'left'), ('instruction_csv', None)])
8.1370 	EXP 	textFeedback: autoDraw = False
8.1370 	EXP 	textFeedback: autoDraw = False
8.2203 	EXP 	fixcross: autoDraw = True
9.0209 	EXP 	fixcross: autoDraw = False
9.0209 	EXP 	fixcross: autoDraw = False
9.0209 	EXP 	stimulusDots: dir = 180.0
9.0209 	EXP 	backgroundDots: autoDraw = True
9.0209 	EXP 	stimulusDots: autoDraw = True
9.4878 	EXP 	backgroundDots: autoDraw = False
9.4878 	EXP 	stimulusDots: autoDraw = False
9.4878 	EXP 	textFeedback: height = 0.07
9.4878 	EXP 	textFeedback: height = 0.07
9.4878 	EXP 	textFeedback: height = 0.07
9.4878 	EXP 	textFeedback: text = 'richtig'
9.4878 	EXP 	textFeedback: autoDraw = True
9.9891 	EXP 	textFeedback: autoDraw = False
9.9891 	EXP 	textFeedback: autoDraw = False
9.9891 	EXP 	textInst1: height = 0.03
9.9891 	EXP 	textInst1: height = 0.03
9.9891 	EXP 	textInst1: height = 0.03
9.9891 	EXP 	textInst1: text = 'Wir sind nun mit dem Übungsdurchgang fertig und werden zum Hauptexperiment übergehen. Bitte versuchen Sie SO GENAU WIE MÖGLICH zu antworten. Drücken Sie [Leertaste], um das Experiment zu starten.'
9.9891 	EXP 	textInst1: autoDraw = True
11.8104 	EXP 	Imported random_dot_conditions.csv as conditions, 2 conditions, 3 params
11.8108 	EXP 	Created sequence: random, trialTypes=2, nReps=30, seed=None
11.8109 	EXP 	New trial (rep=0, index=0): OrderedDict([('direction', 'right'), ('corrAns', 'right'), ('instruction_csv', None)])
11.8232 	EXP 	textInst1: autoDraw = False
12.6072 	EXP 	fixcross: autoDraw = True
13.4078 	EXP 	fixcross: autoDraw = False
13.4078 	EXP 	fixcross: autoDraw = False
13.4078 	EXP 	stimulusDots: dir = 0.0
13.4078 	EXP 	backgroundDots: autoDraw = True
13.4078 	EXP 	stimulusDots: autoDraw = True
13.8766 	EXP 	New trial (rep=0, index=1): OrderedDict([('direction', 'left'), ('corrAns', 'left'), ('instruction_csv', None)])
13.8921 	EXP 	backgroundDots: autoDraw = False
13.8921 	EXP 	stimulusDots: autoDraw = False
14.6756 	EXP 	fixcross: autoDraw = True
15.4762 	EXP 	fixcross: autoDraw = False
15.4762 	EXP 	fixcross: autoDraw = False
15.4762 	EXP 	stimulusDots: dir = 180.0
15.4762 	EXP 	backgroundDots: autoDraw = True
15.4762 	EXP 	stimulusDots: autoDraw = True
15.7947 	EXP 	New trial (rep=1, index=0): OrderedDict([('direction', 'left'), ('corrAns', 'left'), ('instruction_csv', None)])
15.8099 	EXP 	backgroundDots: autoDraw = False
15.8099 	EXP 	stimulusDots: autoDraw = False
16.9941 	EXP 	fixcross: autoDraw = True
17.2280 	EXP 	random_dot: status = STOPPED
17.2446 	EXP 	fixcross: autoDraw = False
17.2447 	EXP 	random_dot: status = STOPPED
17.2701 	EXP 	window1: mouseVisible = True
